 Write Hyperchem files?  Temperature (K)? [0=>298.15]  Pressure (Atm)? [0=>1 atm]  Scale factor for frequencies during thermochemistry? [0=>1/1.12]  Do you want to use the principal isotope masses? [Y]:  For each atom, give the integer mass number.
 In each case, the default is the principal isotope.
 Atom number 1, atomic number 6: [12]  Atom number 2, atomic number 6: [12]  Atom number 3, atomic number 6: [12]  Atom number 4, atomic number 6: [12]  Atom number 5, atomic number 6: [12]  Atom number 6, atomic number 1: [1]  Atom number 7, atomic number 1: [1]  Atom number 8, atomic number 1: [1]  Atom number 9, atomic number 1: [1]  Atom number 10, atomic number 1: [1]  Atom number 11, atomic number 1: [1]  Atom number 12, atomic number 1: [1]  Atom number 13, atomic number 1: [1]  Atom number 14, atomic number 1: [1]  Atom number 15, atomic number 6: [12]  Atom number 16, atomic number 1: [1]  Atom number 17, atomic number 1: [1]  Atom number 18, atomic number 1: [1]  Atom number 19, atomic number 6: [12]  Atom number 20, atomic number 1: [1]  Atom number 21, atomic number 1: [1]  Atom number 22, atomic number 1: [1]  Atom number 23, atomic number 7: [14]  ---------------------------------------------------------------------
 Center     Atomic                     Coordinates (Angstroms)
 Number     Number                        X           Y           Z
 ---------------------------------------------------------------------
      1          6                    0.640311   -1.442511   -0.134552
      2          6                    1.930283   -0.719252    0.229307
      3          6                    1.894965    0.702916   -0.311950
      4          6                    0.623058    1.406969    0.130235
      5          6                   -0.608428   -0.667333    0.289435
      6          1                    2.757158    1.268758    0.028869
      7          1                    2.039410   -0.692350    1.312013
      8          1                    2.789099   -1.259131   -0.157755
      9          1                    0.599811   -1.595903   -1.210361
     10          1                    0.616893   -2.423901    0.329460
     11          1                    0.647525    1.549517    1.218088
     12          1                    0.582148    2.394894   -0.313523
     13          1                   -0.610794   -0.606647    1.386112
     14          1                    1.928305    0.684299   -1.397785
     15          6                   -1.855471   -1.436718   -0.137888
     16          1                   -1.771533   -2.469943    0.181329
     17          1                   -2.762316   -1.038704    0.299103
     18          1                   -1.960108   -1.422290   -1.218080
     19          6                   -1.751317    1.464952    0.034789
     20          1                   -2.631919    1.038038   -0.422507
     21          1                   -1.932902    1.555285    1.111020
     22          1                   -1.631186    2.463654   -0.366254
     23          7                   -0.572456    0.682927   -0.270616
 ---------------------------------------------------------------------
 Atom     1 has atomic number   6 and mass  12.00000
 Atom     2 has atomic number   6 and mass  12.00000
 Atom     3 has atomic number   6 and mass  12.00000
 Atom     4 has atomic number   6 and mass  12.00000
 Atom     5 has atomic number   6 and mass  12.00000
 Atom     6 has atomic number   1 and mass   1.00783
 Atom     7 has atomic number   1 and mass   1.00783
 Atom     8 has atomic number   1 and mass   1.00783
 Atom     9 has atomic number   1 and mass   1.00783
 Atom    10 has atomic number   1 and mass   1.00783
 Atom    11 has atomic number   1 and mass   1.00783
 Atom    12 has atomic number   1 and mass   1.00783
 Atom    13 has atomic number   1 and mass   1.00783
 Atom    14 has atomic number   1 and mass   1.00783
 Atom    15 has atomic number   6 and mass  12.00000
 Atom    16 has atomic number   1 and mass   1.00783
 Atom    17 has atomic number   1 and mass   1.00783
 Atom    18 has atomic number   1 and mass   1.00783
 Atom    19 has atomic number   6 and mass  12.00000
 Atom    20 has atomic number   1 and mass   1.00783
 Atom    21 has atomic number   1 and mass   2.01410
 Atom    22 has atomic number   1 and mass   1.00783
 Atom    23 has atomic number   7 and mass  14.00307
 Project out gradient direction? [N]  Stoichiometry    C7H15N
 Framework group  C1[X(C7H15N)]
 Deg. of freedom    63
 Full point group                 C1      NOp   1
 Full mass-weighted force constant matrix:
 Low frequencies ---   -0.1815   -0.1475   -0.0005   -0.0005   -0.0005    0.1329
 Low frequencies ---  119.2292  196.1190  203.0565
 Harmonic frequencies (cm**-1), IR intensities (KM/Mole), Raman scattering
 activities (A**4/AMU), depolarization ratios for plane and unpolarized
 incident light, reduced masses (AMU), force constants (mDyne/A),
 and normal coordinates:
                     1                      2                      3
                     A                      A                      A
 Frequencies --   119.2292               196.1190               203.0565
 Red. masses --     2.5899                 2.1130                 1.5392
 Frc consts  --     0.0217                 0.0479                 0.0374
 IR Inten    --     0.4257                 0.5265                 0.2391
  Atom  AN      X      Y      Z        X      Y      Z        X      Y      Z
     1   6     0.01  -0.01   0.13    -0.01  -0.03   0.14     0.00   0.00  -0.01
     2   6    -0.01   0.04   0.10     0.05   0.01  -0.10    -0.01   0.00   0.03
     3   6    -0.02  -0.04  -0.10    -0.04   0.01  -0.11     0.02  -0.02   0.00
     4   6     0.01   0.01  -0.13     0.02  -0.03   0.12     0.02   0.02  -0.05
     5   6    -0.03   0.00  -0.02    -0.02   0.01   0.07     0.02   0.02  -0.02
     6   1     0.00   0.00  -0.23     0.02   0.00  -0.27     0.02  -0.02   0.00
     7   1    -0.07   0.20   0.11     0.25   0.04  -0.12    -0.05   0.02   0.03
     8   1     0.01  -0.01   0.22    -0.03   0.00  -0.25     0.01  -0.01   0.08
     9   1     0.08  -0.12   0.14    -0.08  -0.22   0.18     0.03   0.01  -0.01
    10   1    -0.01   0.04   0.22     0.03   0.05   0.31    -0.02   0.00  -0.02
    11   1     0.07   0.12  -0.15     0.11  -0.19   0.14     0.01   0.07  -0.06
    12   1     0.00  -0.03  -0.22    -0.01   0.04   0.27     0.04   0.00  -0.10
    13   1    -0.16  -0.01  -0.02    -0.12   0.00   0.07     0.04   0.05  -0.02
    14   1    -0.07  -0.20  -0.10    -0.26   0.02  -0.12     0.04  -0.05   0.00
    15   6     0.03  -0.02  -0.19     0.02   0.03  -0.09    -0.01   0.05   0.03
    16   1     0.02  -0.03  -0.24    -0.03   0.02  -0.11    -0.09   0.09   0.18
    17   1    -0.03  -0.07  -0.28    -0.03   0.03  -0.19     0.00   0.17  -0.05
    18   1     0.17   0.04  -0.20     0.15   0.06  -0.10     0.02  -0.09   0.03
    19   6     0.02   0.02   0.19    -0.02   0.01  -0.08    -0.02  -0.05   0.03
    20   1    -0.06   0.04   0.31     0.07   0.05  -0.29     0.07   0.20  -0.38
    21   1     0.19  -0.01   0.22    -0.24  -0.08  -0.11    -0.28  -0.53   0.03
    22   1    -0.03   0.03   0.20     0.08   0.03   0.02     0.12   0.13   0.52
    23   7    -0.03   0.01   0.00     0.02   0.01   0.08     0.01   0.02  -0.03
                     4                      5                      6
                     A                      A                      A
 Frequencies --   247.3173               328.8671               359.7804
 Red. masses --     1.1740                 2.0691                 1.8508
 Frc consts  --     0.0423                 0.1318                 0.1412
 IR Inten    --     0.2092                 3.0116                 1.2819
  Atom  AN      X      Y      Z        X      Y      Z        X      Y      Z
     1   6     0.01  -0.01   0.01    -0.01  -0.04   0.12     0.05   0.00  -0.02
     2   6     0.00   0.01   0.02     0.05  -0.01  -0.09    -0.02   0.08   0.09
     3   6     0.01   0.00  -0.01     0.02   0.06   0.09    -0.05   0.00  -0.09
     4   6     0.01   0.02  -0.02    -0.05  -0.02   0.00     0.00  -0.08   0.11
     5   6     0.02  -0.01   0.01    -0.02   0.04  -0.06     0.00  -0.01  -0.10
     6   1     0.01   0.00  -0.03    -0.04   0.04   0.28     0.00   0.05  -0.29
     7   1    -0.03   0.03   0.02     0.26  -0.12  -0.11    -0.20   0.25   0.10
     8   1     0.01   0.01   0.06    -0.03   0.02  -0.30     0.07   0.06   0.31
     9   1     0.02  -0.03   0.01    -0.04  -0.33   0.16     0.16  -0.03  -0.02
    10   1     0.02  -0.01   0.03    -0.01   0.08   0.37     0.04   0.01   0.00
    11   1     0.02   0.06  -0.03    -0.20  -0.14   0.02     0.00  -0.41   0.15
    12   1     0.00   0.00  -0.07    -0.01   0.02   0.10    -0.02   0.06   0.41
    13   1     0.03  -0.02   0.01    -0.06   0.20  -0.07     0.04   0.03  -0.11
    14   1     0.00  -0.03  -0.01     0.17   0.22   0.09    -0.26  -0.10  -0.09
    15   6    -0.03   0.07   0.00    -0.04   0.02   0.01    -0.06   0.00   0.05
    16   1     0.12  -0.07  -0.51     0.00   0.02  -0.02    -0.04   0.01   0.08
    17   1     0.06  -0.18   0.43    -0.01   0.00   0.09     0.02   0.04   0.17
    18   1    -0.32   0.57   0.03    -0.12   0.05   0.02    -0.22  -0.05   0.06
    19   6    -0.02  -0.06  -0.02     0.03  -0.03   0.05     0.05   0.02   0.00
    20   1     0.02  -0.10  -0.05    -0.05   0.00   0.17     0.01   0.06   0.03
    21   1    -0.06  -0.08  -0.02     0.24  -0.15   0.09     0.13  -0.04   0.02
    22   1    -0.05  -0.05   0.00    -0.05   0.01   0.13     0.06   0.03   0.04
    23   7     0.02  -0.01   0.02    -0.01   0.00  -0.18     0.02   0.00  -0.09
                     7                      8                      9
                     A                      A                      A
 Frequencies --   391.1360               426.1194               462.4046
 Red. masses --     2.0766                 2.3851                 3.0421
 Frc consts  --     0.1872                 0.2552                 0.3832
 IR Inten    --     0.3642                 0.3973                 0.1936
  Atom  AN      X      Y      Z        X      Y      Z        X      Y      Z
     1   6     0.04  -0.06  -0.01     0.00   0.01   0.01     0.17  -0.05  -0.01
     2   6     0.00   0.06  -0.01    -0.01   0.10  -0.03     0.18  -0.07   0.04
     3   6     0.00   0.07   0.00     0.05   0.10   0.00    -0.09  -0.07   0.05
     4   6    -0.01   0.02  -0.01    -0.01  -0.03  -0.05    -0.14  -0.08  -0.04
     5   6     0.02  -0.09   0.02    -0.08  -0.12   0.04     0.08  -0.04  -0.02
     6   1    -0.01   0.07   0.03    -0.01   0.11   0.16    -0.17   0.09  -0.04
     7   1    -0.03   0.09  -0.01    -0.01   0.12  -0.03     0.28  -0.15   0.03
     8   1     0.04   0.10   0.03    -0.01   0.08  -0.01     0.19   0.06  -0.12
     9   1     0.04  -0.07  -0.01    -0.03   0.01   0.01     0.24  -0.01  -0.02
    10   1     0.12  -0.06   0.01     0.14   0.00   0.00     0.09  -0.07  -0.05
    11   1     0.00   0.10  -0.02     0.01   0.06  -0.06    -0.18   0.00  -0.05
    12   1    -0.10  -0.01  -0.08    -0.11  -0.07  -0.11    -0.05  -0.11  -0.11
    13   1     0.03  -0.14   0.02    -0.12  -0.16   0.04     0.13  -0.06  -0.02
    14   1     0.03   0.09   0.00     0.20   0.18   0.01    -0.12  -0.15   0.05
    15   6    -0.12   0.17  -0.03    -0.11  -0.12   0.00     0.02   0.09   0.00
    16   1    -0.50   0.20   0.18    -0.08  -0.16  -0.12    -0.17   0.06  -0.06
    17   1    -0.05   0.53  -0.24    -0.08  -0.16   0.10     0.12   0.26   0.05
    18   1     0.05   0.01  -0.05    -0.18   0.00   0.00    -0.01   0.19   0.01
    19   6     0.03  -0.12   0.00     0.14   0.12  -0.01    -0.07   0.16   0.01
    20   1     0.02  -0.21   0.13     0.09   0.43  -0.23    -0.14   0.38  -0.07
    21   1     0.11   0.04   0.00    -0.01   0.01  -0.03    -0.11   0.19   0.00
    22   1    -0.05  -0.18  -0.16     0.47   0.16   0.18     0.19   0.15   0.05
    23   7     0.05  -0.09   0.05     0.00  -0.10   0.05    -0.14  -0.02   0.00
                    10                     11                     12
                     A                      A                      A
 Frequencies --   492.3504               531.2573               604.0638
 Red. masses --     2.9419                 2.5475                 1.6826
 Frc consts  --     0.4202                 0.4236                 0.3617
 IR Inten    --     0.4239                 0.8773                 0.5662
  Atom  AN      X      Y      Z        X      Y      Z        X      Y      Z
     1   6     0.00   0.21   0.03    -0.07   0.07  -0.01     0.01   0.06   0.02
     2   6     0.15   0.02   0.04    -0.07   0.01   0.00     0.08  -0.02   0.04
     3   6     0.17  -0.03  -0.05    -0.11   0.00   0.01    -0.08  -0.02   0.05
     4   6     0.05  -0.17  -0.03    -0.09  -0.07   0.00     0.00   0.09   0.03
     5   6    -0.10   0.04   0.06     0.03   0.03   0.17    -0.05   0.00  -0.02
     6   1     0.06   0.10   0.02    -0.11   0.02  -0.04     0.03   0.03  -0.32
     7   1     0.25   0.04   0.02    -0.05  -0.02   0.00     0.36  -0.20   0.01
     8   1     0.02  -0.14  -0.04    -0.09   0.02  -0.04    -0.03   0.05  -0.29
     9   1     0.00   0.50  -0.01    -0.20   0.39  -0.05     0.07   0.27  -0.01
    10   1     0.01   0.08  -0.26    -0.04  -0.05  -0.28    -0.02  -0.04  -0.18
    11   1     0.09  -0.35  -0.01    -0.18  -0.12   0.01    -0.08   0.31   0.00
    12   1     0.04  -0.09   0.15    -0.11  -0.05   0.05     0.04   0.00  -0.19
    13   1    -0.18   0.09   0.06     0.05   0.15   0.15    -0.13   0.00  -0.02
    14   1     0.26  -0.06  -0.04    -0.16  -0.02   0.01    -0.40  -0.21   0.04
    15   6    -0.09   0.02  -0.02     0.14   0.08   0.00    -0.10  -0.06  -0.01
    16   1    -0.14   0.02  -0.02     0.08   0.02  -0.17    -0.04  -0.04   0.04
    17   1    -0.11   0.03  -0.07     0.04   0.01  -0.14    -0.08  -0.07   0.03
    18   1    -0.03   0.04  -0.02     0.38   0.27  -0.02    -0.18  -0.12  -0.01
    19   6    -0.09  -0.06   0.01     0.12  -0.03  -0.03     0.07  -0.04  -0.02
    20   1    -0.07  -0.15   0.07     0.04   0.14  -0.02     0.08  -0.07   0.01
    21   1    -0.05  -0.04   0.01     0.23  -0.14   0.00     0.12  -0.09   0.00
    22   1    -0.19  -0.06  -0.04     0.24  -0.01   0.08     0.02  -0.02   0.01
    23   7    -0.07  -0.04  -0.03     0.02  -0.11  -0.08     0.06   0.01  -0.01
                    13                     14                     15
                     A                      A                      A
 Frequencies --   801.6750               903.1884               904.6540
 Red. masses --     2.6799                 1.6972                 1.7531
 Frc consts  --     1.0148                 0.8157                 0.8453
 IR Inten    --     8.0029                 1.1286                 3.4712
  Atom  AN      X      Y      Z        X      Y      Z        X      Y      Z
     1   6     0.04  -0.16   0.00     0.02  -0.01  -0.09    -0.05   0.08  -0.04
     2   6     0.03  -0.04   0.01     0.13  -0.02  -0.05    -0.03   0.02  -0.01
     3   6     0.06   0.05  -0.03     0.01  -0.01   0.02     0.14   0.02   0.06
     4   6     0.05   0.14   0.03    -0.04  -0.04   0.04     0.03   0.02   0.07
     5   6     0.00  -0.08   0.17    -0.05   0.11   0.06     0.01  -0.06  -0.02
     6   1     0.17  -0.06  -0.11    -0.04   0.12  -0.08     0.34   0.00  -0.43
     7   1    -0.05   0.02   0.02    -0.35   0.11   0.00    -0.10  -0.14   0.00
     8   1     0.12   0.02   0.11     0.34  -0.01   0.40    -0.12  -0.12  -0.02
     9   1    -0.09   0.18  -0.04    -0.15  -0.30  -0.04    -0.09  -0.24   0.01
    10   1     0.15  -0.31  -0.30     0.00   0.11   0.18     0.04   0.22   0.26
    11   1    -0.02  -0.05   0.05    -0.13   0.20   0.01    -0.17   0.22   0.04
    12   1     0.07   0.22   0.20     0.03  -0.14  -0.19     0.00  -0.07  -0.14
    13   1     0.05   0.12   0.14     0.03   0.12   0.06     0.09  -0.08  -0.01
    14   1    -0.03   0.03  -0.03    -0.15   0.06   0.02    -0.34  -0.20   0.04
    15   6    -0.07  -0.06   0.02    -0.07   0.00   0.01     0.05   0.00   0.01
    16   1    -0.26  -0.15  -0.21     0.11   0.00  -0.04    -0.11  -0.03  -0.04
    17   1    -0.17  -0.05  -0.19    -0.25  -0.22  -0.16     0.11   0.14   0.02
    18   1     0.24   0.19  -0.01     0.14   0.00  -0.01     0.06   0.10   0.01
    19   6    -0.10   0.07  -0.01     0.04  -0.02  -0.03    -0.06   0.01   0.00
    20   1    -0.14   0.07   0.07     0.04  -0.06   0.00    -0.15   0.16   0.03
    21   1     0.05  -0.05   0.02     0.11  -0.10  -0.01     0.02   0.04   0.01
    22   1    -0.20   0.12   0.08    -0.01   0.00   0.00     0.07   0.00   0.02
    23   7     0.00   0.05  -0.15    -0.01   0.01   0.03    -0.05  -0.09  -0.05
                    16                     17                     18
                     A                      A                      A
 Frequencies --   933.5015               979.3849              1013.5282
 Red. masses --     2.6011                 1.5769                 1.8322
 Frc consts  --     1.3355                 0.8912                 1.1089
 IR Inten    --     1.3962                 0.8385                 4.5775
  Atom  AN      X      Y      Z        X      Y      Z        X      Y      Z
     1   6     0.11   0.10  -0.01     0.04   0.06   0.08     0.03   0.11  -0.03
     2   6    -0.10   0.14  -0.10     0.01  -0.06  -0.08    -0.01  -0.07   0.04
     3   6    -0.11  -0.17   0.09     0.01  -0.06  -0.05     0.00  -0.02  -0.04
     4   6     0.10  -0.08   0.00    -0.04   0.05   0.08    -0.07   0.09  -0.03
     5   6     0.03  -0.03   0.06     0.01  -0.03  -0.01     0.07   0.00   0.02
     6   1    -0.08  -0.30   0.21     0.04  -0.24   0.17    -0.05  -0.01   0.08
     7   1    -0.11   0.11  -0.10    -0.16   0.31  -0.06     0.00  -0.21   0.04
     8   1    -0.05   0.26  -0.13     0.04  -0.25   0.26    -0.11  -0.17  -0.04
     9   1     0.06  -0.07   0.02    -0.01   0.23   0.05     0.12  -0.21   0.01
    10   1     0.40   0.17   0.16     0.02  -0.02  -0.09    -0.07   0.25   0.26
    11   1     0.06   0.06  -0.02    -0.10   0.26   0.05     0.09  -0.20   0.01
    12   1     0.38  -0.14  -0.16     0.01  -0.03  -0.12    -0.17   0.21   0.26
    13   1     0.09   0.04   0.05    -0.22  -0.06  -0.01     0.32  -0.07   0.03
    14   1    -0.04  -0.07   0.09     0.05   0.31  -0.06     0.23  -0.13  -0.04
    15   6    -0.05  -0.05   0.01     0.04  -0.01  -0.03    -0.06  -0.08   0.01
    16   1    -0.24  -0.10  -0.11    -0.08   0.02   0.09    -0.31  -0.15  -0.15
    17   1    -0.07   0.04  -0.09     0.22   0.18   0.18    -0.06   0.07  -0.11
    18   1     0.08   0.10   0.00    -0.24  -0.07   0.00     0.10   0.13   0.00
    19   6    -0.03   0.03   0.00    -0.03   0.01  -0.05     0.03  -0.01  -0.06
    20   1     0.01  -0.09   0.03    -0.12   0.10   0.04    -0.01   0.02  -0.01
    21   1    -0.01  -0.05   0.01     0.22  -0.11   0.00     0.25  -0.16  -0.02
    22   1    -0.18   0.05   0.00     0.02   0.03   0.04     0.03   0.02   0.01
    23   7     0.02   0.05  -0.04    -0.02   0.00   0.01    -0.04   0.04   0.07
                    19                     20                     21
                     A                      A                      A
 Frequencies --  1029.6356              1064.2818              1095.7662
 Red. masses --     2.2073                 1.6865                 1.2582
 Frc consts  --     1.3787                 1.1255                 0.8901
 IR Inten    --     4.3049                 6.7255                 1.4223
  Atom  AN      X      Y      Z        X      Y      Z        X      Y      Z
     1   6    -0.01  -0.08  -0.04     0.11  -0.01   0.00    -0.03  -0.02   0.01
     2   6    -0.02   0.08   0.04    -0.06   0.01  -0.02    -0.02   0.01   0.04
     3   6     0.02   0.00   0.02     0.05  -0.07  -0.01     0.01   0.01  -0.05
     4   6     0.05  -0.03  -0.01    -0.04   0.09   0.02     0.02  -0.05   0.07
     5   6    -0.09  -0.02   0.00    -0.04   0.06   0.00     0.02   0.01  -0.07
     6   1     0.01   0.04  -0.03     0.23  -0.37   0.02    -0.01  -0.04   0.09
     7   1     0.16  -0.10   0.02     0.03  -0.01  -0.03     0.28   0.26   0.00
     8   1    -0.02   0.23  -0.19    -0.08   0.03  -0.09    -0.17  -0.15  -0.07
     9   1     0.07  -0.08  -0.04     0.25   0.01  -0.01     0.35   0.06  -0.01
    10   1     0.09  -0.08  -0.04     0.28  -0.02  -0.02    -0.21  -0.05  -0.06
    11   1     0.22  -0.01  -0.01    -0.09  -0.04   0.04    -0.03   0.24   0.02
    12   1     0.03  -0.04  -0.01    -0.17   0.13   0.13     0.05  -0.17  -0.21
    13   1    -0.13  -0.21   0.02    -0.03   0.08   0.00     0.35   0.03  -0.07
    14   1     0.06  -0.18   0.02     0.12  -0.11  -0.01    -0.03   0.29  -0.05
    15   6     0.05   0.07   0.01    -0.05   0.07   0.01    -0.03   0.00   0.06
    16   1     0.28   0.12   0.11     0.37   0.12   0.06     0.00  -0.06  -0.14
    17   1     0.01  -0.08   0.06    -0.26  -0.29  -0.09    -0.20  -0.12  -0.19
    18   1     0.02  -0.06   0.01     0.08  -0.11  -0.01     0.31   0.14   0.02
    19   6    -0.08   0.06  -0.12     0.01  -0.06   0.02    -0.02   0.01  -0.01
    20   1    -0.20   0.07   0.09    -0.07   0.17  -0.04    -0.04   0.03   0.01
    21   1     0.52  -0.36  -0.01    -0.04   0.13   0.00     0.04  -0.01   0.00
    22   1    -0.14   0.14   0.07     0.28  -0.10   0.01     0.01   0.01   0.01
    23   7    -0.04   0.01   0.09    -0.05  -0.06   0.00     0.00  -0.01   0.00
                    22                     23                     24
                     A                      A                      A
 Frequencies --  1118.9659              1154.6129              1178.8856
 Red. masses --     1.6993                 1.9648                 2.4887
 Frc consts  --     1.2536                 1.5433                 2.0378
 IR Inten    --    13.4041                 7.8155                10.6757
  Atom  AN      X      Y      Z        X      Y      Z        X      Y      Z
     1   6     0.09   0.00   0.02    -0.06  -0.04  -0.02    -0.03  -0.06   0.05
     2   6    -0.09  -0.06  -0.01     0.04   0.10  -0.01    -0.05   0.07  -0.02
     3   6     0.06   0.06  -0.01     0.08  -0.10   0.00     0.09  -0.01   0.03
     4   6    -0.09  -0.08  -0.01    -0.12   0.02   0.02    -0.09  -0.08  -0.01
     5   6    -0.01  -0.03   0.02    -0.08  -0.05  -0.03     0.21   0.13   0.03
     6   1     0.04   0.16  -0.15     0.24  -0.35   0.00     0.25  -0.17  -0.13
     7   1    -0.11  -0.18  -0.01     0.19   0.27  -0.03     0.03   0.08  -0.03
     8   1    -0.29  -0.37  -0.02     0.12   0.24  -0.05     0.04   0.25  -0.08
     9   1     0.18   0.03   0.02    -0.02  -0.03  -0.03    -0.22   0.19   0.02
    10   1     0.39  -0.03  -0.02    -0.12  -0.05  -0.05    -0.23  -0.13  -0.11
    11   1    -0.19   0.04  -0.02    -0.26   0.04   0.03    -0.19  -0.02  -0.01
    12   1    -0.17  -0.11  -0.09    -0.20   0.03   0.04    -0.24  -0.11  -0.05
    13   1    -0.05  -0.03   0.02    -0.06  -0.03  -0.04     0.31   0.20   0.03
    14   1    -0.12   0.03  -0.02     0.15  -0.21   0.00    -0.03  -0.18   0.02
    15   6    -0.01   0.03   0.00     0.06  -0.02   0.05    -0.08  -0.05  -0.10
    16   1     0.10   0.05   0.04    -0.16  -0.06  -0.07    -0.09  -0.02   0.04
    17   1    -0.05  -0.06   0.00     0.12   0.16   0.00    -0.04  -0.08   0.03
    18   1     0.01  -0.05   0.00     0.15   0.18   0.04    -0.37  -0.25  -0.07
    19   6     0.04   0.09   0.00     0.11   0.02   0.01    -0.07   0.04  -0.02
    20   1     0.21  -0.30   0.04     0.27  -0.27   0.00    -0.07   0.04   0.01
    21   1    -0.08  -0.14   0.00    -0.10  -0.09  -0.01     0.09  -0.04   0.01
    22   1    -0.36   0.12  -0.04    -0.20   0.02  -0.09    -0.02   0.06   0.04
    23   7     0.05   0.05   0.01    -0.04   0.07   0.01     0.06  -0.02   0.06
                    25                     26                     27
                     A                      A                      A
 Frequencies --  1205.9362              1252.5250              1269.5685
 Red. masses --     2.0470                 1.6767                 1.6470
 Frc consts  --     1.7539                 1.5498                 1.5641
 IR Inten    --    13.4318                16.9528                 9.2851
  Atom  AN      X      Y      Z        X      Y      Z        X      Y      Z
     1   6    -0.07   0.08  -0.03    -0.05  -0.02   0.04     0.04   0.02   0.01
     2   6     0.08   0.01   0.02     0.01   0.04  -0.04    -0.02  -0.06  -0.03
     3   6    -0.04  -0.06  -0.02     0.04  -0.02   0.07    -0.02   0.06   0.07
     4   6    -0.03   0.05   0.00    -0.02   0.00  -0.07     0.09   0.01  -0.09
     5   6     0.04  -0.12   0.05     0.05  -0.07   0.01    -0.01   0.04   0.02
     6   1    -0.05  -0.14   0.14    -0.03   0.20  -0.12     0.27  -0.30  -0.08
     7   1     0.13   0.17   0.02     0.06   0.28  -0.05    -0.03   0.12  -0.03
     8   1     0.04  -0.05   0.04    -0.14  -0.29   0.07     0.14   0.15   0.05
     9   1    -0.07  -0.11   0.00    -0.04   0.08   0.02     0.31   0.03   0.00
    10   1    -0.15   0.17   0.15     0.10  -0.07  -0.07    -0.38   0.03   0.01
    11   1    -0.10  -0.03   0.02    -0.28  -0.20  -0.04    -0.09  -0.24  -0.06
    12   1    -0.08   0.08   0.08     0.50   0.12   0.13     0.04   0.10   0.12
    13   1     0.19  -0.45   0.07     0.21  -0.25   0.02     0.05  -0.13   0.04
    14   1     0.11   0.02  -0.02    -0.20   0.03   0.06    -0.37   0.31   0.05
    15   6    -0.04   0.08  -0.03    -0.02   0.03  -0.02     0.00   0.00  -0.01
    16   1     0.38   0.16   0.13     0.16   0.06   0.04    -0.03   0.01   0.03
    17   1    -0.16  -0.25   0.03    -0.08  -0.12   0.01     0.02   0.01   0.02
    18   1    -0.03  -0.23  -0.03    -0.01  -0.11  -0.02    -0.04  -0.01  -0.01
    19   6    -0.04   0.10   0.01     0.03  -0.07  -0.01     0.05   0.06  -0.01
    20   1    -0.01  -0.06   0.10     0.03   0.04  -0.11     0.08  -0.15   0.11
    21   1    -0.10  -0.05   0.01     0.09   0.05  -0.01    -0.07  -0.17  -0.01
    22   1    -0.26   0.12   0.02     0.18  -0.07   0.02    -0.14   0.01  -0.16
    23   7     0.11  -0.07  -0.06    -0.08   0.11   0.03    -0.08  -0.07   0.03
                    28                     29                     30
                     A                      A                      A
 Frequencies --  1287.7193              1335.4932              1368.1878
 Red. masses --     2.2454                 1.9566                 1.5424
 Frc consts  --     2.1937                 2.0560                 1.7011
 IR Inten    --     7.7593                14.1128                 6.6950
  Atom  AN      X      Y      Z        X      Y      Z        X      Y      Z
     1   6     0.01  -0.04  -0.13     0.01   0.00   0.07    -0.04  -0.04  -0.04
     2   6    -0.03   0.02   0.11     0.00   0.01  -0.01     0.03   0.04  -0.02
     3   6     0.02   0.00  -0.09     0.00   0.01  -0.04    -0.02  -0.05   0.06
     4   6     0.02  -0.02   0.07     0.04   0.03   0.09     0.02   0.07  -0.02
     5   6     0.00   0.06   0.18     0.08  -0.04  -0.05    -0.01   0.08  -0.01
     6   1    -0.05   0.01   0.09    -0.09   0.12   0.02    -0.18   0.23   0.00
     7   1     0.32   0.01   0.07    -0.18  -0.27   0.02     0.18   0.37  -0.04
     8   1    -0.18  -0.02  -0.18     0.06   0.10   0.00    -0.22  -0.42   0.06
     9   1     0.20  -0.29  -0.09    -0.35   0.17   0.06     0.05  -0.07  -0.04
    10   1    -0.04   0.07   0.11     0.01  -0.05  -0.04     0.31  -0.05  -0.05
    11   1    -0.15   0.17   0.04     0.27   0.20   0.05     0.09  -0.07   0.00
    12   1     0.25  -0.09  -0.12     0.13  -0.05  -0.08    -0.04   0.12   0.11
    13   1     0.04  -0.02   0.18     0.26   0.05  -0.05     0.04   0.28  -0.02
    14   1     0.09   0.22  -0.09     0.22  -0.17  -0.03    -0.01  -0.14   0.06
    15   6     0.02  -0.02  -0.10    -0.03   0.04  -0.01     0.02  -0.03  -0.01
    16   1    -0.08   0.05   0.17     0.13   0.05   0.00    -0.10  -0.03   0.01
    17   1     0.19   0.07   0.19    -0.11  -0.13  -0.03     0.07   0.08   0.00
    18   1    -0.40  -0.18  -0.06     0.00  -0.11  -0.02    -0.08   0.05   0.00
    19   6     0.06  -0.03   0.01     0.10   0.05   0.00     0.01   0.06   0.00
    20   1     0.07  -0.05   0.01     0.07  -0.13   0.21    -0.11   0.02   0.25
    21   1    -0.06   0.00  -0.01    -0.14  -0.25  -0.02    -0.12  -0.18   0.00
    22   1     0.04  -0.05  -0.05    -0.01  -0.08  -0.35     0.01  -0.05  -0.24
    23   7    -0.09   0.03  -0.06    -0.17  -0.03  -0.03     0.02  -0.10   0.03
                    31                     32                     33
                     A                      A                      A
 Frequencies --  1398.9451              1414.2749              1454.9798
 Red. masses --     1.2635                 1.1982                 1.2748
 Frc consts  --     1.4569                 1.4120                 1.5900
 IR Inten    --     4.5074                 8.4277                 1.8535
  Atom  AN      X      Y      Z        X      Y      Z        X      Y      Z
     1   6     0.01  -0.01   0.03    -0.03   0.01  -0.01    -0.09   0.01   0.05
     2   6    -0.02   0.00  -0.10     0.03  -0.01   0.01     0.01  -0.03  -0.01
     3   6     0.02   0.00   0.04    -0.03   0.02   0.05     0.01  -0.02  -0.03
     4   6    -0.01   0.01   0.04     0.01  -0.02  -0.01     0.03   0.01   0.00
     5   6    -0.03   0.00   0.05    -0.01  -0.03   0.02    -0.08   0.04  -0.01
     6   1    -0.13   0.30  -0.08     0.15  -0.23   0.02    -0.06   0.07   0.00
     7   1    -0.14   0.14  -0.09     0.12   0.16   0.00    -0.11  -0.18   0.01
     8   1     0.04   0.00   0.05    -0.03  -0.15   0.07     0.23   0.28   0.03
     9   1     0.54   0.04   0.00    -0.11  -0.03   0.00     0.23   0.08   0.03
    10   1    -0.38  -0.03  -0.04     0.22   0.00   0.00     0.47  -0.05  -0.04
    11   1     0.25   0.09   0.02     0.55   0.03  -0.02    -0.25  -0.01   0.01
    12   1    -0.11  -0.03  -0.02    -0.45  -0.06  -0.04    -0.03   0.01   0.01
    13   1     0.10  -0.16   0.06     0.28   0.15   0.00     0.61  -0.09   0.00
    14   1     0.18  -0.43   0.05    -0.18   0.08   0.05     0.03   0.10  -0.03
    15   6     0.01   0.00  -0.02     0.00   0.01  -0.03     0.01  -0.02  -0.04
    16   1    -0.01   0.02   0.05     0.05   0.04   0.04     0.03   0.03   0.10
    17   1     0.04  -0.01   0.06     0.04  -0.01   0.05     0.13   0.12   0.07
    18   1    -0.05  -0.03  -0.01    -0.07  -0.07  -0.02    -0.05   0.06  -0.03
    19   6     0.01  -0.02   0.00     0.01  -0.02   0.00     0.00  -0.01  -0.01
    20   1     0.03   0.00  -0.04     0.14  -0.06  -0.20    -0.03   0.02   0.03
    21   1     0.00   0.06  -0.01     0.08   0.10   0.00    -0.01   0.01  -0.01
    22   1    -0.04   0.03   0.08    -0.09   0.05   0.14    -0.03   0.02   0.04
    23   7     0.00   0.01  -0.05    -0.05   0.03  -0.03     0.02  -0.01   0.01
                    34                     35                     36
                     A                      A                      A
 Frequencies --  1467.7285              1472.6370              1490.9660
 Red. masses --     1.3210                 1.4048                 1.3326
 Frc consts  --     1.6767                 1.7950                 1.7454
 IR Inten    --     9.5358                24.3947                 5.0680
  Atom  AN      X      Y      Z        X      Y      Z        X      Y      Z
     1   6     0.03  -0.01   0.00    -0.02   0.02   0.00    -0.02  -0.01   0.01
     2   6     0.00   0.02   0.00     0.00  -0.02   0.00     0.08   0.08  -0.02
     3   6     0.00  -0.01   0.00     0.02   0.01   0.01    -0.05   0.06  -0.01
     4   6     0.03   0.02   0.00    -0.04  -0.05  -0.02    -0.05  -0.01  -0.01
     5   6     0.01  -0.01  -0.02     0.00  -0.05   0.03    -0.04  -0.05   0.01
     6   1    -0.06   0.07   0.00     0.09  -0.09  -0.01     0.21  -0.37   0.03
     7   1    -0.01  -0.01   0.00     0.01   0.02   0.00    -0.22  -0.35   0.03
     8   1    -0.06  -0.06  -0.02     0.07   0.09   0.01    -0.13  -0.30   0.06
     9   1    -0.11   0.02   0.00     0.10  -0.03   0.00     0.23  -0.04   0.00
    10   1    -0.10   0.00   0.00     0.00   0.02   0.01    -0.17  -0.04  -0.06
    11   1    -0.13  -0.04   0.01     0.21   0.02  -0.03     0.04  -0.03  -0.01
    12   1     0.06   0.02   0.01    -0.12  -0.05  -0.03     0.37   0.01  -0.02
    13   1     0.03   0.21  -0.03    -0.03   0.02   0.01     0.16   0.43  -0.01
    14   1     0.02   0.00   0.00    -0.12   0.08   0.01     0.11  -0.10  -0.01
    15   6     0.00   0.00  -0.01     0.00   0.00   0.00     0.00   0.00  -0.03
    16   1     0.02   0.01   0.01     0.03   0.01   0.03     0.06   0.04   0.09
    17   1     0.00  -0.01   0.01     0.01  -0.01   0.03     0.09   0.04   0.12
    18   1     0.01  -0.01  -0.01     0.02  -0.01   0.00     0.03   0.01  -0.03
    19   6     0.08  -0.04  -0.08     0.05  -0.05  -0.04    -0.02   0.01   0.00
    20   1    -0.14   0.01   0.29    -0.49   0.31   0.62     0.00  -0.02  -0.01
    21   1    -0.08   0.19  -0.12    -0.23  -0.11  -0.08     0.01  -0.01   0.02
    22   1    -0.43   0.33   0.65     0.17  -0.09  -0.10     0.04  -0.01  -0.03
    23   7    -0.04  -0.05   0.04     0.04   0.10  -0.01     0.03  -0.01   0.03
                    37                     38                     39
                     A                      A                      A
 Frequencies --  1501.5653              1514.6236              1530.5896
 Red. masses --     1.3737                 1.5024                 1.3845
 Frc consts  --     1.8249                 2.0307                 1.9110
 IR Inten    --    12.9350                 0.0968                 1.0721
  Atom  AN      X      Y      Z        X      Y      Z        X      Y      Z
     1   6    -0.01   0.04  -0.02     0.03   0.03  -0.02     0.12  -0.02   0.00
     2   6    -0.05  -0.06   0.01    -0.04  -0.12   0.00    -0.02   0.04   0.00
     3   6     0.06  -0.05   0.00    -0.06   0.14   0.00     0.02  -0.04   0.00
     4   6    -0.03   0.02  -0.01     0.01  -0.03   0.01     0.03   0.00  -0.01
     5   6     0.01  -0.11   0.01    -0.02  -0.01  -0.01    -0.08   0.00   0.00
     6   1    -0.13   0.27  -0.06     0.17  -0.16  -0.06    -0.10   0.11   0.06
     7   1     0.06   0.15  -0.02     0.27   0.47  -0.04     0.02  -0.02   0.00
     8   1     0.16   0.33  -0.07     0.10   0.08   0.03    -0.14  -0.12  -0.03
     9   1     0.14  -0.05  -0.01    -0.22  -0.06   0.01    -0.39   0.02   0.01
    10   1    -0.07   0.07   0.04     0.14   0.04   0.01    -0.37  -0.01  -0.01
    11   1     0.05   0.05   0.00    -0.18   0.04   0.01    -0.10   0.01   0.00
    12   1     0.10   0.07   0.08     0.26  -0.05  -0.04    -0.21   0.01   0.03
    13   1    -0.05   0.70  -0.05     0.11   0.07  -0.02     0.31  -0.06   0.01
    14   1    -0.10   0.18  -0.01     0.31  -0.50   0.02    -0.10   0.05   0.00
    15   6    -0.03   0.02  -0.03    -0.02  -0.01  -0.01    -0.05  -0.05  -0.04
    16   1     0.15   0.06   0.06     0.10   0.03   0.07     0.27   0.09   0.29
    17   1     0.06   0.01   0.14     0.05   0.08   0.05     0.18   0.21   0.18
    18   1     0.12  -0.06  -0.04     0.07   0.08  -0.02     0.23   0.29  -0.05
    19   6    -0.02   0.02   0.01    -0.01   0.00   0.00    -0.01  -0.01   0.01
    20   1     0.08  -0.05  -0.12    -0.02   0.00   0.03    -0.04   0.10  -0.03
    21   1     0.05  -0.02   0.03     0.00   0.00   0.00     0.00  -0.03   0.02
    22   1     0.00  -0.01  -0.07     0.02   0.00   0.01     0.02  -0.07  -0.12
    23   7     0.01  -0.01   0.03     0.01   0.00   0.01     0.02   0.02   0.00
                    40                     41                     42
                     A                      A                      A
 Frequencies --  1541.5147              1550.6686              1601.4757
 Red. masses --     1.4582                 1.5822                 1.0986
 Frc consts  --     2.0416                 2.2416                 1.6600
 IR Inten    --    12.6218                19.6671                 2.2230
  Atom  AN      X      Y      Z        X      Y      Z        X      Y      Z
     1   6     0.07   0.01   0.00    -0.06   0.01   0.00     0.00  -0.06  -0.03
     2   6    -0.01   0.00   0.00     0.05   0.02  -0.01     0.00   0.01  -0.01
     3   6    -0.01   0.00   0.00    -0.06   0.02  -0.01    -0.04  -0.01   0.03
     4   6     0.05  -0.01  -0.01     0.16  -0.03   0.00     0.01   0.00   0.00
     5   6    -0.10  -0.06   0.00     0.08  -0.04   0.02    -0.01   0.00   0.01
     6   1    -0.06   0.05   0.04    -0.06  -0.04   0.07     0.09   0.03  -0.34
     7   1     0.00   0.03  -0.01    -0.15   0.00   0.01     0.08  -0.04  -0.01
     8   1    -0.04  -0.04  -0.01    -0.06  -0.11  -0.04     0.01  -0.05   0.09
     9   1    -0.18   0.00   0.01     0.23  -0.09   0.00     0.02   0.52  -0.10
    10   1    -0.21   0.01   0.00     0.04  -0.02  -0.06     0.00   0.20   0.49
    11   1    -0.27   0.04  -0.01    -0.55   0.07   0.00    -0.02  -0.07   0.01
    12   1    -0.17   0.02   0.06    -0.55  -0.04   0.04    -0.03  -0.04  -0.07
    13   1     0.34   0.24  -0.02    -0.26   0.17   0.01     0.02   0.03   0.01
    14   1     0.01  -0.07   0.00     0.11  -0.17   0.01     0.31   0.17   0.03
    15   6     0.11   0.07   0.02    -0.04   0.00  -0.01    -0.01   0.01   0.01
    16   1    -0.36  -0.05  -0.22     0.12   0.02   0.01     0.09  -0.05  -0.19
    17   1    -0.15  -0.29  -0.16     0.04   0.02   0.12     0.07   0.14   0.04
    18   1    -0.38  -0.33   0.05     0.17  -0.04  -0.03     0.05  -0.18   0.00
    19   6    -0.02   0.00   0.00     0.00  -0.01   0.00     0.01  -0.01   0.01
    20   1    -0.04   0.05   0.00    -0.03   0.08  -0.04    -0.04   0.13  -0.05
    21   1     0.01  -0.03   0.02     0.02  -0.03   0.01     0.00  -0.01   0.01
    22   1     0.08  -0.05  -0.09    -0.01  -0.04  -0.09    -0.11  -0.03  -0.08
    23   7     0.02   0.03   0.02    -0.05   0.05   0.01     0.00   0.01   0.00
                    43                     44                     45
                     A                      A                      A
 Frequencies --  1607.1751              1609.5913              1615.9738
 Red. masses --     1.0829                 1.0718                 1.0695
 Frc consts  --     1.6481                 1.6360                 1.6456
 IR Inten    --     0.0351                14.6104                 1.8214
  Atom  AN      X      Y      Z        X      Y      Z        X      Y      Z
     1   6     0.00   0.00   0.00     0.01   0.03   0.02    -0.02  -0.01  -0.01
     2   6    -0.03   0.01  -0.02     0.02  -0.01   0.02    -0.01   0.00  -0.01
     3   6     0.04   0.03  -0.04    -0.01  -0.01   0.01     0.00   0.01  -0.01
     4   6     0.00   0.01   0.00    -0.02   0.00   0.00     0.01   0.00   0.00
     5   6     0.00   0.01   0.01     0.00   0.00   0.01     0.02  -0.03   0.00
     6   1    -0.11  -0.05   0.44     0.06   0.01  -0.19    -0.02  -0.01   0.07
     7   1     0.27  -0.17  -0.04    -0.22   0.13   0.03     0.12  -0.08  -0.02
     8   1     0.11  -0.02   0.30    -0.08   0.04  -0.25     0.07   0.00   0.15
     9   1     0.03   0.04  -0.01    -0.02  -0.26   0.05     0.07   0.17  -0.03
    10   1     0.00   0.02   0.04    -0.02  -0.11  -0.25     0.01   0.08   0.17
    11   1    -0.02  -0.02   0.00     0.05  -0.04   0.01    -0.03   0.02   0.00
    12   1     0.06   0.00  -0.02     0.05  -0.02  -0.03    -0.01   0.00   0.02
    13   1     0.00   0.01   0.01     0.03   0.00   0.01    -0.07   0.09  -0.01
    14   1    -0.37  -0.27  -0.03     0.15   0.12   0.01    -0.05  -0.06  -0.01
    15   6    -0.02   0.01   0.02     0.00  -0.01   0.02     0.04  -0.03  -0.01
    16   1     0.16  -0.08  -0.30     0.22  -0.04  -0.17     0.02   0.11   0.42
    17   1     0.08   0.23  -0.01    -0.01   0.22  -0.22    -0.20  -0.14  -0.35
    18   1     0.03  -0.25   0.01    -0.18  -0.05   0.03    -0.35   0.49   0.04
    19   6     0.02  -0.01   0.01     0.04  -0.02   0.03     0.02  -0.01   0.01
    20   1    -0.04   0.21  -0.10    -0.07   0.40  -0.19    -0.03   0.19  -0.11
    21   1     0.01   0.00   0.01     0.01  -0.01   0.01     0.02   0.00   0.01
    22   1    -0.23  -0.02  -0.11    -0.41  -0.05  -0.20    -0.20  -0.02  -0.10
    23   7     0.00  -0.01   0.00     0.00  -0.01   0.00    -0.01   0.01   0.01
                    46                     47                     48
                     A                      A                      A
 Frequencies --  1620.1457              1633.1205              1638.2996
 Red. masses --     1.1025                 1.0983                 1.0695
 Frc consts  --     1.7051                 1.7259                 1.6914
 IR Inten    --     4.9232                 0.8325                 3.1388
  Atom  AN      X      Y      Z        X      Y      Z        X      Y      Z
     1   6    -0.01  -0.03  -0.01     0.00   0.02   0.01     0.00   0.00   0.00
     2   6     0.05  -0.02   0.03    -0.03   0.02  -0.02     0.01   0.00   0.00
     3   6     0.02   0.02  -0.02    -0.02  -0.02   0.02     0.00   0.00   0.00
     4   6    -0.01  -0.04  -0.02     0.01  -0.06  -0.03     0.01   0.03   0.01
     5   6    -0.01   0.01   0.00     0.00   0.00   0.01     0.00  -0.03   0.02
     6   1    -0.03  -0.06   0.23     0.05   0.01  -0.22    -0.02   0.02   0.04
     7   1    -0.37   0.21   0.05     0.26  -0.18  -0.04    -0.04   0.02   0.00
     8   1    -0.12   0.03  -0.40     0.08  -0.04   0.30    -0.01   0.00  -0.04
     9   1     0.02   0.27  -0.05    -0.01  -0.14   0.03     0.03   0.01   0.00
    10   1     0.04   0.09   0.25    -0.03  -0.05  -0.14    -0.05   0.01   0.02
    11   1     0.04   0.40  -0.06     0.00   0.50  -0.08    -0.04  -0.25   0.04
    12   1     0.07   0.15   0.37    -0.01   0.18   0.47    -0.08  -0.09  -0.23
    13   1     0.03  -0.02   0.00    -0.01  -0.02   0.00     0.02   0.08   0.02
    14   1    -0.21  -0.14  -0.02     0.18   0.14   0.02    -0.03  -0.03   0.00
    15   6     0.00  -0.01   0.01    -0.01  -0.01   0.02     0.00  -0.02   0.03
    16   1     0.09  -0.01  -0.05     0.17  -0.02  -0.10     0.40  -0.03  -0.14
    17   1     0.01   0.11  -0.08     0.00   0.17  -0.15    -0.02   0.38  -0.39
    18   1    -0.06   0.00   0.01    -0.10  -0.01   0.02    -0.31   0.05   0.05
    19   6     0.00   0.00   0.00    -0.01   0.00  -0.01    -0.03   0.02  -0.02
    20   1     0.01  -0.04   0.02     0.02  -0.10   0.06     0.06  -0.33   0.16
    21   1    -0.01   0.01   0.00    -0.01   0.01  -0.01    -0.01   0.00   0.00
    22   1     0.02   0.01   0.04     0.09   0.02   0.07     0.34   0.03   0.14
    23   7     0.00  -0.01   0.00     0.00   0.00  -0.01     0.00   0.01   0.00
                    49                     50                     51
                     A                      A                      A
 Frequencies --  2251.1871              3022.8025              3043.1674
 Red. masses --     2.2614                 1.0807                 1.0748
 Frc consts  --     6.7524                 5.8179                 5.8647
 IR Inten    --    54.0158                33.1745               116.3279
  Atom  AN      X      Y      Z        X      Y      Z        X      Y      Z
     1   6     0.00   0.00   0.00     0.00   0.00   0.00     0.00   0.00   0.00
     2   6     0.00   0.00   0.00     0.00   0.00   0.00     0.00   0.00   0.00
     3   6     0.00   0.00   0.00     0.00   0.00   0.00     0.00   0.00   0.00
     4   6     0.00   0.00   0.00     0.00   0.00   0.02     0.00  -0.01  -0.07
     5   6     0.00   0.00   0.00     0.00  -0.01  -0.08     0.00   0.00  -0.02
     6   1     0.00   0.00   0.00     0.01   0.01   0.00    -0.04  -0.03  -0.02
     7   1     0.00   0.00   0.00     0.00   0.00  -0.02     0.00   0.00  -0.05
     8   1     0.00   0.00   0.00     0.00   0.00   0.00     0.00   0.00   0.01
     9   1     0.00   0.00   0.00     0.00  -0.01  -0.05     0.00   0.00  -0.02
    10   1     0.00   0.00   0.00     0.01   0.03  -0.02     0.00   0.01  -0.01
    11   1    -0.02  -0.01   0.01     0.00  -0.03  -0.30     0.02   0.11   0.94
    12   1     0.00   0.00   0.00     0.00  -0.02   0.02     0.00   0.06  -0.05
    13   1     0.00   0.02   0.00     0.00   0.06   0.94     0.00   0.01   0.30
    14   1     0.00   0.00   0.00     0.00   0.00   0.02     0.00   0.00  -0.05
    15   6     0.00   0.00   0.00     0.00   0.00   0.00     0.00   0.00   0.00
    16   1     0.00   0.00   0.00    -0.01   0.02  -0.01     0.00   0.01   0.00
    17   1     0.00   0.00   0.00     0.03  -0.02  -0.01     0.01  -0.01  -0.01
    18   1     0.00   0.00   0.00     0.00   0.00  -0.03     0.00   0.00  -0.01
    19   6    -0.03   0.01   0.16     0.00   0.00   0.00     0.00   0.00   0.00
    20   1     0.06   0.01   0.04     0.00   0.00   0.00     0.00   0.00   0.00
    21   1     0.15  -0.07  -0.97     0.00   0.00   0.00     0.00   0.00   0.00
    22   1     0.01  -0.06   0.03     0.00   0.00   0.00     0.00  -0.01   0.01
    23   7     0.00   0.00   0.00     0.00   0.00   0.00     0.00   0.00   0.00
                    52                     53                     54
                     A                      A                      A
 Frequencies --  3138.9229              3150.6647              3155.4164
 Red. masses --     1.0694                 1.0627                 1.0640
 Frc consts  --     6.2078                 6.2151                 6.2416
 IR Inten    --    29.4969                15.2047                24.6866
  Atom  AN      X      Y      Z        X      Y      Z        X      Y      Z
     1   6     0.00  -0.01   0.01     0.00  -0.05  -0.05     0.00   0.01   0.00
     2   6    -0.03   0.01  -0.06    -0.01   0.01   0.02    -0.01   0.01   0.02
     3   6     0.01   0.01   0.01     0.00   0.00   0.00     0.04   0.02  -0.05
     4   6     0.00   0.00   0.00     0.00   0.00   0.00     0.00  -0.01   0.01
     5   6     0.00   0.00   0.00     0.00   0.00   0.00     0.00   0.00   0.00
     6   1    -0.15  -0.09  -0.06    -0.02  -0.01  -0.01    -0.46  -0.30  -0.20
     7   1     0.08   0.03   0.90    -0.01   0.00  -0.09    -0.02   0.00  -0.14
     8   1     0.25  -0.16  -0.13     0.19  -0.12  -0.09     0.18  -0.10  -0.08
     9   1     0.00  -0.02  -0.09     0.03   0.10   0.78     0.00  -0.01  -0.07
    10   1     0.00   0.15  -0.07     0.01   0.44  -0.23     0.00  -0.06   0.03
    11   1     0.00   0.00   0.02     0.00   0.00   0.00     0.00  -0.01  -0.01
    12   1     0.00   0.01   0.00     0.00   0.01  -0.01     0.00   0.16  -0.08
    13   1     0.00   0.00   0.02     0.00   0.00   0.02     0.00   0.00  -0.01
    14   1     0.01   0.00  -0.06     0.00   0.00   0.02    -0.01   0.02   0.74
    15   6     0.00   0.00   0.00     0.01   0.01   0.01     0.00   0.00   0.00
    16   1     0.00  -0.02   0.00     0.02  -0.15   0.05     0.00   0.02  -0.01
    17   1     0.00   0.00   0.00    -0.07   0.04   0.04     0.01  -0.01  -0.01
    18   1     0.00   0.00   0.00    -0.01   0.01  -0.17     0.00   0.00   0.02
    19   6     0.00   0.00   0.00     0.00   0.00   0.00     0.00   0.00   0.00
    20   1     0.00   0.00   0.00     0.00   0.00   0.00     0.00   0.00   0.00
    21   1     0.00   0.00   0.00     0.00   0.00   0.00     0.00   0.00   0.00
    22   1     0.00   0.00   0.00     0.00   0.00   0.00     0.00  -0.02   0.01
    23   7     0.00   0.00   0.00     0.00   0.00   0.00     0.00   0.00   0.00
                    55                     56                     57
                     A                      A                      A
 Frequencies --  3165.8183              3184.9864              3188.4238
 Red. masses --     1.0404                 1.0893                 1.1027
 Frc consts  --     6.1439                 6.5105                 6.6049
 IR Inten    --    40.9213                80.4828                43.9608
  Atom  AN      X      Y      Z        X      Y      Z        X      Y      Z
     1   6     0.00  -0.01  -0.02     0.00   0.02   0.00     0.00  -0.05   0.06
     2   6    -0.01   0.01   0.01    -0.05   0.03   0.04     0.00   0.00   0.00
     3   6     0.00   0.00   0.00    -0.03  -0.02  -0.02    -0.03  -0.02  -0.04
     4   6     0.00   0.00   0.00     0.00   0.01  -0.01     0.00  -0.01   0.00
     5   6     0.00   0.00   0.00     0.00   0.00   0.00     0.00   0.00   0.00
     6   1     0.02   0.02   0.01     0.33   0.22   0.13     0.36   0.23   0.14
     7   1     0.00   0.00  -0.02    -0.02   0.00  -0.14    -0.01   0.00  -0.03
     8   1     0.10  -0.06  -0.05     0.64  -0.40  -0.29    -0.04   0.02   0.02
     9   1     0.01   0.03   0.22    -0.01  -0.01  -0.11    -0.01  -0.06  -0.40
    10   1     0.00   0.06  -0.03    -0.01  -0.26   0.12     0.02   0.62  -0.29
    11   1     0.00   0.00   0.00     0.00   0.01   0.03     0.00   0.00   0.03
    12   1     0.00   0.00   0.00     0.01  -0.16   0.08     0.00   0.08  -0.03
    13   1     0.00   0.00   0.00     0.00   0.00   0.00     0.00   0.00  -0.04
    14   1     0.00   0.00  -0.03    -0.01   0.00   0.06    -0.01   0.01   0.35
    15   6    -0.03  -0.03  -0.03     0.00   0.00   0.00     0.00   0.01  -0.01
    16   1    -0.05   0.54  -0.17     0.00  -0.01   0.01     0.01  -0.08   0.02
    17   1     0.35  -0.17  -0.18    -0.04   0.02   0.02     0.03  -0.01  -0.02
    18   1     0.05  -0.02   0.65    -0.01   0.00  -0.07     0.01   0.00   0.13
    19   6     0.00   0.00   0.00     0.00   0.00   0.00     0.00   0.00   0.00
    20   1    -0.04  -0.02  -0.02     0.01   0.00   0.00    -0.01   0.00   0.00
    21   1     0.00   0.00   0.00     0.00   0.00   0.00     0.00   0.00   0.00
    22   1     0.01   0.03  -0.01     0.00   0.02  -0.01     0.00  -0.02   0.01
    23   7     0.00   0.00   0.00     0.00   0.00   0.00     0.00   0.00   0.00
                    58                     59                     60
                     A                      A                      A
 Frequencies --  3195.6054              3199.1811              3212.0859
 Red. masses --     1.0907                 1.0968                 1.0700
 Frc consts  --     6.5625                 6.6141                 6.5044
 IR Inten    --    44.4840                65.0360                69.7436
  Atom  AN      X      Y      Z        X      Y      Z        X      Y      Z
     1   6     0.00   0.02  -0.03     0.00  -0.01   0.03     0.00   0.00   0.00
     2   6     0.01   0.00  -0.02    -0.02   0.01   0.03     0.00   0.00   0.00
     3   6    -0.03  -0.02  -0.03     0.02   0.01   0.05     0.00   0.00  -0.01
     4   6     0.00  -0.05   0.02     0.00  -0.04   0.03     0.00   0.04  -0.02
     5   6     0.00   0.00   0.00     0.00   0.00   0.00     0.00   0.00   0.00
     6   1     0.33   0.21   0.13    -0.22  -0.14  -0.08    -0.04  -0.02  -0.01
     7   1     0.02   0.00   0.21    -0.03   0.00  -0.27     0.00   0.00   0.02
     8   1    -0.09   0.05   0.04     0.24  -0.15  -0.11    -0.04   0.03   0.02
     9   1     0.01   0.04   0.24    -0.01  -0.04  -0.25     0.00   0.00   0.02
    10   1    -0.01  -0.27   0.13     0.00   0.19  -0.09     0.00   0.03  -0.01
    11   1     0.00  -0.01   0.00     0.00  -0.02  -0.08     0.00   0.01   0.02
    12   1    -0.03   0.60  -0.28    -0.03   0.46  -0.21     0.02  -0.42   0.19
    13   1     0.00   0.00   0.03     0.00   0.00  -0.03     0.00   0.00   0.00
    14   1    -0.01   0.00   0.22     0.02  -0.01  -0.51     0.00   0.00   0.08
    15   6     0.00  -0.01   0.01     0.00   0.00  -0.01     0.01  -0.01  -0.01
    16   1    -0.01   0.07  -0.02     0.01  -0.06   0.02     0.00   0.08  -0.03
    17   1    -0.01   0.00   0.01    -0.01   0.01   0.00    -0.08   0.04   0.04
    18   1     0.00   0.00  -0.06     0.01   0.00   0.08     0.01   0.00   0.06
    19   6     0.00   0.02  -0.02     0.00   0.02  -0.01    -0.02   0.04  -0.04
    20   1     0.10   0.06   0.05     0.10   0.05   0.05     0.33   0.18   0.17
    21   1     0.00   0.00   0.00     0.00   0.00   0.00     0.00   0.00   0.01
    22   1    -0.04  -0.31   0.12    -0.04  -0.29   0.12    -0.10  -0.70   0.28
    23   7     0.00   0.00   0.00     0.00   0.00   0.00     0.00   0.00   0.00
                    61                     62                     63
                     A                      A                      A
 Frequencies --  3221.5945              3234.1595              3259.1445
 Red. masses --     1.1021                 1.1016                 1.0978
 Frc consts  --     6.7394                 6.7892                 6.8701
 IR Inten    --    68.3683                43.5957                44.6401
  Atom  AN      X      Y      Z        X      Y      Z        X      Y      Z
     1   6     0.00  -0.01   0.01     0.00   0.00   0.00     0.00   0.00   0.00
     2   6     0.00   0.00   0.00     0.00   0.00   0.00     0.00   0.00   0.00
     3   6     0.00   0.00   0.00     0.00   0.00   0.00     0.00   0.00   0.00
     4   6     0.00   0.00   0.00     0.00   0.00   0.00     0.00   0.00   0.00
     5   6     0.00   0.00   0.01     0.00   0.00   0.00     0.00   0.00   0.00
     6   1    -0.01  -0.01   0.00    -0.01  -0.01   0.00     0.00   0.00   0.00
     7   1     0.00   0.00  -0.03     0.00   0.00  -0.01     0.00   0.00   0.00
     8   1     0.01   0.00   0.00     0.00   0.00   0.00     0.00   0.00   0.00
     9   1     0.00  -0.02  -0.10     0.00   0.00  -0.03     0.00   0.00  -0.01
    10   1     0.00   0.16  -0.07     0.00   0.01   0.00     0.00   0.01   0.00
    11   1     0.00   0.00  -0.01     0.00   0.00   0.00     0.00   0.00   0.00
    12   1     0.00   0.03  -0.01     0.00  -0.06   0.03     0.00   0.04  -0.02
    13   1     0.00   0.00  -0.05     0.00  -0.01  -0.05     0.00   0.00  -0.01
    14   1     0.00   0.00  -0.02     0.00   0.00   0.00     0.00   0.00   0.00
    15   6     0.02  -0.07   0.06    -0.05   0.03   0.06    -0.02   0.01   0.02
    16   1    -0.07   0.74  -0.22     0.00  -0.11   0.05     0.00  -0.06   0.02
    17   1    -0.13   0.05   0.08     0.69  -0.32  -0.33     0.26  -0.12  -0.12
    18   1    -0.05   0.00  -0.56    -0.05   0.02  -0.42    -0.01   0.01  -0.08
    19   6     0.00  -0.01   0.00     0.02   0.03   0.00    -0.06  -0.06  -0.02
    20   1     0.02   0.01   0.01    -0.19  -0.09  -0.10     0.70   0.36   0.37
    21   1     0.00   0.00   0.00     0.00   0.00   0.00    -0.01  -0.01   0.00
    22   1     0.01   0.06  -0.02    -0.03  -0.23   0.09     0.04   0.34  -0.15
    23   7     0.00   0.00   0.00     0.00   0.00   0.00     0.00   0.00   0.00

 -------------------
 - Thermochemistry -
 -------------------
 Temperature   298.150 Kelvin.  Pressure   1.00000 Atm.
 Thermochemistry will use frequencies scaled by 0.8900.
 Molecular mass:   114.12673 amu.
 Principal axes and moments of inertia in atomic units:
                           1         2         3
     Eigenvalues --   654.94760 927.211771455.51114
           X            0.99910   0.04164   0.00865
           Y           -0.04159   0.99912  -0.00605
           Z           -0.00889   0.00568   0.99994
 This molecule is an asymmetric top.
 Rotational symmetry number  1.
 Warning -- assumption of classical behavior for rotation
           may cause significant error
 Rotational temperatures (Kelvin)      0.13225     0.09341     0.05951
 Rotational constants (GHZ):           2.75555     1.94642     1.23994
 Zero-point vibrational energy     524601.5 (Joules/Mol)
                                  125.38276 (Kcal/Mol)
 Warning -- explicit consideration of  12 degrees of freedom as
           vibrations may cause significant error
 Vibrational temperatures:    152.67   251.13   260.02   316.69   421.12
          (Kelvin)            460.70   500.85   545.65   592.11   630.46
                              680.28   773.51  1026.55  1156.54  1158.42
                             1195.36  1254.11  1297.83  1318.46  1362.82
                             1403.14  1432.85  1478.49  1509.57  1544.21
                             1603.87  1625.70  1648.94  1710.11  1751.98
                             1791.36  1810.99  1863.12  1879.44  1885.73
                             1909.20  1922.77  1939.49  1959.94  1973.92
                             1985.65  2050.71  2058.00  2061.10  2069.27
                             2074.61  2091.23  2097.86  2882.67  3870.73
                             3896.81  4019.42  4034.46  4040.54  4053.86
                             4078.41  4082.81  4092.00  4096.58  4113.11
                             4125.28  4141.37  4173.37
 
 Zero-point correction=                           0.199810 (Hartree/Particle)
 Thermal correction to Energy=                    0.208591
 Thermal correction to Enthalpy=                  0.209536
 Thermal correction to Gibbs Free Energy=         0.167292
                     E (Thermal)             CV                S
                      KCal/Mol        Cal/Mol-Kelvin    Cal/Mol-Kelvin
 Total                  130.893             34.956             88.910
 Electronic               0.000              0.000              0.000
 Translational            0.889              2.981             40.112
 Rotational               0.889              2.981             28.271
 Vibrational            129.116             28.994             20.527
 Vibration     1          0.605              1.944              3.339
 Vibration     2          0.627              1.874              2.386
 Vibration     3          0.630              1.866              2.321
 Vibration     4          0.647              1.810              1.958
 Vibration     5          0.688              1.687              1.458
 Vibration     6          0.706              1.635              1.309
 Vibration     7          0.726              1.579              1.175
 Vibration     8          0.749              1.514              1.042
 Vibration     9          0.776              1.445              0.921
 Vibration    10          0.798              1.387              0.832
 Vibration    11          0.830              1.310              0.730
 Vibration    12          0.893              1.167              0.570
                       Q            Log10(Q)             Ln(Q)
 Total Bot       0.112543D-76        -76.948681       -177.180885
 Total V=0       0.906585D+15         14.957409         34.440706
 Vib (Bot)       0.697808D-90        -90.156264       -207.592469
 Vib (Bot)    1  0.193168D+01          0.285935          0.658389
 Vib (Bot)    2  0.115284D+01          0.061769          0.142228
 Vib (Bot)    3  0.111111D+01          0.045759          0.105363
 Vib (Bot)    4  0.898606D+00         -0.046430         -0.106910
 Vib (Bot)    5  0.652399D+00         -0.185487         -0.427099
 Vib (Bot)    6  0.586998D+00         -0.231363         -0.532733
 Vib (Bot)    7  0.530651D+00         -0.275191         -0.633651
 Vib (Bot)    8  0.477001D+00         -0.321481         -0.740237
 Vib (Bot)    9  0.429407D+00         -0.367131         -0.845350
 Vib (Bot)   10  0.395077D+00         -0.403318         -0.928674
 Vib (Bot)   11  0.355893D+00         -0.448680         -1.033124
 Vib (Bot)   12  0.295362D+00         -0.529645         -1.219552
 Vib (V=0)       0.562116D+02          1.749826          4.029122
 Vib (V=0)    1  0.249534D+01          0.397129          0.914424
 Vib (V=0)    2  0.175660D+01          0.244672          0.563379
 Vib (V=0)    3  0.171843D+01          0.235132          0.541412
 Vib (V=0)    4  0.152835D+01          0.184221          0.424185
 Vib (V=0)    5  0.132196D+01          0.121219          0.279118
 Vib (V=0)    6  0.127108D+01          0.104173          0.239868
 Vib (V=0)    7  0.122910D+01          0.089588          0.206284
 Vib (V=0)    8  0.119104D+01          0.075925          0.174823
 Vib (V=0)    9  0.115908D+01          0.064114          0.147629
 Vib (V=0)   10  0.113725D+01          0.055856          0.128612
 Vib (V=0)   11  0.111373D+01          0.046779          0.107712
 Vib (V=0)   12  0.108072D+01          0.033714          0.077630
 Electronic      0.100000D+01          0.000000          0.000000
 Translational   0.479221D+08          7.680536         17.685088
 Rotational      0.336548D+06          5.527047         12.726496
