 Write Hyperchem files?  Temperature (K)? [0=>298.15]  Pressure (Atm)? [0=>1 atm]  Scale factor for frequencies during thermochemistry? [0=>1/1.12]  Do you want to use the principal isotope masses? [Y]:  For each atom, give the integer mass number.
 In each case, the default is the principal isotope.
 Atom number 1, atomic number 6: [12]  Atom number 2, atomic number 6: [12]  Atom number 3, atomic number 6: [12]  Atom number 4, atomic number 6: [12]  Atom number 5, atomic number 6: [12]  Atom number 6, atomic number 1: [1]  Atom number 7, atomic number 1: [1]  Atom number 8, atomic number 1: [1]  Atom number 9, atomic number 1: [1]  Atom number 10, atomic number 1: [1]  Atom number 11, atomic number 1: [1]  Atom number 12, atomic number 1: [1]  Atom number 13, atomic number 1: [1]  Atom number 14, atomic number 1: [1]  Atom number 15, atomic number 6: [12]  Atom number 16, atomic number 1: [1]  Atom number 17, atomic number 1: [1]  Atom number 18, atomic number 1: [1]  Atom number 19, atomic number 6: [12]  Atom number 20, atomic number 1: [1]  Atom number 21, atomic number 1: [1]  Atom number 22, atomic number 1: [1]  Atom number 23, atomic number 7: [14]  ---------------------------------------------------------------------
 Center     Atomic                     Coordinates (Angstroms)
 Number     Number                        X           Y           Z
 ---------------------------------------------------------------------
      1          6                    0.640311   -1.442511   -0.134552
      2          6                    1.930283   -0.719252    0.229307
      3          6                    1.894965    0.702916   -0.311950
      4          6                    0.623058    1.406969    0.130235
      5          6                   -0.608428   -0.667333    0.289435
      6          1                    2.757158    1.268758    0.028869
      7          1                    2.039410   -0.692350    1.312013
      8          1                    2.789099   -1.259131   -0.157755
      9          1                    0.599811   -1.595903   -1.210361
     10          1                    0.616893   -2.423901    0.329460
     11          1                    0.647525    1.549517    1.218088
     12          1                    0.582148    2.394894   -0.313523
     13          1                   -0.610794   -0.606647    1.386112
     14          1                    1.928305    0.684299   -1.397785
     15          6                   -1.855471   -1.436718   -0.137888
     16          1                   -1.771533   -2.469943    0.181329
     17          1                   -2.762316   -1.038704    0.299103
     18          1                   -1.960108   -1.422290   -1.218080
     19          6                   -1.751317    1.464952    0.034789
     20          1                   -2.631919    1.038038   -0.422507
     21          1                   -1.932902    1.555285    1.111020
     22          1                   -1.631186    2.463654   -0.366254
     23          7                   -0.572456    0.682927   -0.270616
 ---------------------------------------------------------------------
 Atom     1 has atomic number   6 and mass  12.00000
 Atom     2 has atomic number   6 and mass  12.00000
 Atom     3 has atomic number   6 and mass  12.00000
 Atom     4 has atomic number   6 and mass  12.00000
 Atom     5 has atomic number   6 and mass  12.00000
 Atom     6 has atomic number   1 and mass   1.00783
 Atom     7 has atomic number   1 and mass   1.00783
 Atom     8 has atomic number   1 and mass   1.00783
 Atom     9 has atomic number   1 and mass   1.00783
 Atom    10 has atomic number   1 and mass   1.00783
 Atom    11 has atomic number   1 and mass   1.00783
 Atom    12 has atomic number   1 and mass   1.00783
 Atom    13 has atomic number   1 and mass   1.00783
 Atom    14 has atomic number   1 and mass   1.00783
 Atom    15 has atomic number   6 and mass  12.00000
 Atom    16 has atomic number   1 and mass   1.00783
 Atom    17 has atomic number   1 and mass   1.00783
 Atom    18 has atomic number   1 and mass   1.00783
 Atom    19 has atomic number   6 and mass  12.00000
 Atom    20 has atomic number   1 and mass   2.01410
 Atom    21 has atomic number   1 and mass   1.00783
 Atom    22 has atomic number   1 and mass   1.00783
 Atom    23 has atomic number   7 and mass  14.00307
 Project out gradient direction? [N]  Stoichiometry    C7H15N
 Framework group  C1[X(C7H15N)]
 Deg. of freedom    63
 Full point group                 C1      NOp   1
 Full mass-weighted force constant matrix:
 Low frequencies ---   -0.1821   -0.1469   -0.0005   -0.0005   -0.0005    0.1330
 Low frequencies ---  118.7804  195.3396  216.0452
 Harmonic frequencies (cm**-1), IR intensities (KM/Mole), Raman scattering
 activities (A**4/AMU), depolarization ratios for plane and unpolarized
 incident light, reduced masses (AMU), force constants (mDyne/A),
 and normal coordinates:
                     1                      2                      3
                     A                      A                      A
 Frequencies --   118.7804               195.3396               216.0452
 Red. masses --     2.6050                 2.0926                 1.3095
 Frc consts  --     0.0217                 0.0470                 0.0360
 IR Inten    --     0.4179                 0.4830                 0.3428
  Atom  AN      X      Y      Z        X      Y      Z        X      Y      Z
     1   6     0.01  -0.01   0.13    -0.01  -0.03   0.14     0.01   0.00  -0.02
     2   6    -0.01   0.04   0.11     0.04   0.02  -0.10    -0.01   0.00   0.03
     3   6    -0.01  -0.05  -0.10    -0.05   0.01  -0.11     0.01  -0.01   0.00
     4   6     0.01   0.01  -0.13     0.02  -0.03   0.12     0.00   0.01  -0.05
     5   6    -0.03   0.00  -0.02    -0.02   0.01   0.07     0.02   0.01  -0.02
     6   1     0.00   0.00  -0.22     0.02   0.00  -0.27     0.00  -0.01   0.00
     7   1    -0.07   0.20   0.11     0.25   0.05  -0.12    -0.06   0.02   0.04
     8   1     0.01  -0.01   0.22    -0.03   0.00  -0.24     0.01   0.00   0.08
     9   1     0.08  -0.12   0.14    -0.08  -0.22   0.17     0.04   0.03  -0.03
    10   1    -0.01   0.04   0.22     0.03   0.05   0.31    -0.01  -0.01  -0.05
    11   1     0.07   0.12  -0.14     0.11  -0.19   0.14     0.00   0.07  -0.05
    12   1     0.00  -0.03  -0.22    -0.02   0.04   0.27     0.02  -0.01  -0.10
    13   1    -0.16  -0.02  -0.02    -0.12  -0.01   0.07     0.04   0.02  -0.02
    14   1    -0.06  -0.21  -0.10    -0.26   0.02  -0.12     0.03  -0.04   0.00
    15   6     0.03  -0.02  -0.19     0.02   0.02  -0.08     0.00   0.01   0.03
    16   1     0.02  -0.03  -0.24    -0.03   0.01  -0.09    -0.10   0.07   0.24
    17   1    -0.03  -0.07  -0.28    -0.03   0.03  -0.20     0.00   0.17  -0.11
    18   1     0.17   0.04  -0.20     0.16   0.04  -0.10     0.07  -0.19   0.02
    19   6     0.02   0.02   0.19    -0.02   0.00  -0.06    -0.02  -0.04   0.06
    20   1    -0.06   0.04   0.32     0.07   0.07  -0.30     0.05   0.21  -0.33
    21   1     0.20   0.00   0.22    -0.25  -0.11  -0.09    -0.25  -0.50   0.06
    22   1    -0.03   0.03   0.19     0.08   0.04   0.07     0.13   0.12   0.53
    23   7    -0.03   0.01   0.00     0.02   0.01   0.08     0.00   0.01  -0.02
                     4                      5                      6
                     A                      A                      A
 Frequencies --   248.4005               333.5245               361.0468
 Red. masses --     1.2261                 1.9750                 1.8927
 Frc consts  --     0.0446                 0.1294                 0.1454
 IR Inten    --     0.1943                 2.9602                 1.7341
  Atom  AN      X      Y      Z        X      Y      Z        X      Y      Z
     1   6     0.01  -0.02   0.01    -0.01  -0.04   0.11     0.05   0.00  -0.01
     2   6     0.00   0.01   0.03     0.05  -0.02  -0.09    -0.01   0.07   0.08
     3   6     0.00  -0.01  -0.01     0.03   0.05   0.09    -0.05   0.00  -0.08
     4   6     0.01   0.02  -0.03    -0.04  -0.02  -0.02    -0.01  -0.08   0.11
     5   6     0.02  -0.01   0.01    -0.01   0.04  -0.05     0.00  -0.01  -0.11
     6   1     0.01   0.00  -0.04    -0.04   0.03   0.30    -0.01   0.05  -0.26
     7   1    -0.04   0.04   0.03     0.28  -0.15  -0.11    -0.17   0.23   0.09
     8   1     0.02   0.01   0.07    -0.03   0.01  -0.32     0.07   0.05   0.28
     9   1     0.02  -0.03   0.01    -0.04  -0.33   0.16     0.17  -0.06  -0.01
    10   1     0.02  -0.01   0.02    -0.01   0.08   0.37     0.04   0.02   0.04
    11   1     0.03   0.08  -0.04    -0.19  -0.09   0.00    -0.02  -0.43   0.15
    12   1     0.00   0.00  -0.08     0.00   0.02   0.05    -0.02   0.05   0.42
    13   1     0.04  -0.02   0.01    -0.06   0.19  -0.06     0.03   0.05  -0.12
    14   1     0.00  -0.04  -0.01     0.20   0.22   0.09    -0.24  -0.09  -0.08
    15   6    -0.03   0.08   0.00    -0.03   0.03   0.01    -0.05  -0.02   0.05
    16   1     0.10  -0.06  -0.49     0.00   0.02  -0.02     0.00  -0.01   0.05
    17   1     0.06  -0.15   0.42     0.00   0.01   0.08     0.03  -0.01   0.22
    18   1    -0.32   0.56   0.03    -0.10   0.05   0.02    -0.25  -0.03   0.07
    19   6    -0.02  -0.07  -0.01     0.02  -0.04   0.05     0.06   0.03   0.01
    20   1     0.03  -0.06  -0.12    -0.05   0.02   0.13     0.00   0.11   0.05
    21   1    -0.12  -0.19  -0.01     0.18  -0.19   0.09     0.15  -0.03   0.03
    22   1    -0.02  -0.03   0.10    -0.04   0.02   0.18     0.08   0.05   0.06
    23   7     0.02  -0.01   0.02    -0.01   0.00  -0.17     0.01   0.00  -0.11
                     7                      8                      9
                     A                      A                      A
 Frequencies --   382.7303               410.9005               457.1153
 Red. masses --     2.0004                 2.8049                 3.1933
 Frc consts  --     0.1726                 0.2790                 0.3931
 IR Inten    --     0.1866                 0.5235                 0.2513
  Atom  AN      X      Y      Z        X      Y      Z        X      Y      Z
     1   6     0.03  -0.04  -0.01     0.04  -0.03   0.00     0.16  -0.05  -0.02
     2   6    -0.01   0.04   0.01     0.01   0.11  -0.03     0.17  -0.09   0.04
     3   6     0.00   0.03  -0.02     0.03   0.13   0.01    -0.12  -0.09   0.05
     4   6     0.01   0.02   0.02    -0.04  -0.03  -0.06    -0.14  -0.06  -0.02
     5   6     0.03  -0.03  -0.01    -0.05  -0.17   0.05     0.10  -0.02   0.00
     6   1     0.02   0.02  -0.05    -0.05   0.15   0.18    -0.16   0.06  -0.09
     7   1    -0.06   0.08   0.02     0.01   0.12  -0.03     0.26  -0.18   0.03
     8   1     0.03   0.05   0.08     0.03   0.13  -0.02     0.18   0.05  -0.11
     9   1     0.05  -0.06  -0.01     0.02  -0.03   0.01     0.22   0.01  -0.03
    10   1     0.06  -0.03   0.01     0.21  -0.04   0.00     0.07  -0.08  -0.08
    11   1     0.02   0.01   0.02    -0.03   0.12  -0.08    -0.18   0.02  -0.03
    12   1    -0.04   0.03   0.03    -0.17  -0.09  -0.17    -0.04  -0.09  -0.10
    13   1     0.04  -0.05  -0.01    -0.07  -0.23   0.05     0.17  -0.04   0.00
    14   1    -0.04   0.02  -0.02     0.18   0.21   0.02    -0.19  -0.19   0.04
    15   6    -0.09   0.18  -0.02    -0.15  -0.03  -0.02     0.06   0.14   0.00
    16   1    -0.43   0.24   0.25    -0.31  -0.06  -0.07    -0.17   0.11  -0.04
    17   1    -0.04   0.52  -0.25    -0.08   0.11   0.00     0.14   0.33  -0.01
    18   1     0.08  -0.04  -0.04    -0.14   0.06  -0.02     0.08   0.23   0.00
    19   6     0.00  -0.15   0.00     0.14   0.08  -0.01    -0.09   0.11  -0.01
    20   1     0.02  -0.33   0.15     0.05   0.34  -0.08    -0.18   0.25   0.03
    21   1     0.08  -0.04   0.01     0.10   0.14  -0.02    -0.06   0.23  -0.02
    22   1    -0.18  -0.19  -0.14     0.42   0.05   0.00     0.07   0.06  -0.09
    23   7     0.06  -0.04   0.01     0.00  -0.15   0.07    -0.13  -0.02   0.00
                    10                     11                     12
                     A                      A                      A
 Frequencies --   491.5419               538.0105               606.0349
 Red. masses --     3.0405                 2.6438                 1.6806
 Frc consts  --     0.4328                 0.4509                 0.3637
 IR Inten    --     0.5082                 1.0733                 0.4172
  Atom  AN      X      Y      Z        X      Y      Z        X      Y      Z
     1   6     0.01   0.21   0.03    -0.08   0.07  -0.01    -0.01  -0.06  -0.02
     2   6     0.16   0.02   0.04    -0.10   0.01   0.00    -0.07   0.02  -0.04
     3   6     0.17  -0.03  -0.05    -0.09   0.01   0.00     0.09   0.02  -0.05
     4   6     0.04  -0.17  -0.03    -0.08  -0.07   0.00     0.01  -0.08  -0.03
     5   6    -0.10   0.04   0.06     0.03   0.04   0.16     0.04   0.00   0.02
     6   1     0.06   0.11   0.02    -0.10   0.01   0.00    -0.01  -0.03   0.32
     7   1     0.27   0.04   0.02    -0.11   0.01   0.00    -0.36   0.20  -0.01
     8   1     0.02  -0.14  -0.04    -0.10   0.01   0.00     0.03  -0.05   0.30
     9   1     0.01   0.51  -0.01    -0.22   0.36  -0.04    -0.06  -0.29   0.01
    10   1     0.02   0.07  -0.26    -0.05  -0.04  -0.25     0.02   0.04   0.19
    11   1     0.09  -0.35  -0.01    -0.17  -0.18   0.01     0.11  -0.29   0.00
    12   1     0.03  -0.10   0.14    -0.11  -0.03   0.09    -0.03   0.01   0.18
    13   1    -0.18   0.08   0.06     0.05   0.18   0.15     0.13  -0.02   0.02
    14   1     0.27  -0.06  -0.04    -0.10   0.02   0.00     0.41   0.21  -0.04
    15   6    -0.10   0.01  -0.02     0.14   0.08   0.00     0.09   0.05   0.01
    16   1    -0.14   0.01  -0.03     0.09   0.03  -0.16     0.04   0.03  -0.03
    17   1    -0.11   0.03  -0.05     0.05   0.02  -0.14     0.08   0.07  -0.03
    18   1    -0.04   0.04  -0.02     0.39   0.27  -0.02     0.16   0.10   0.01
    19   6    -0.09  -0.04   0.00     0.13  -0.06  -0.01    -0.09   0.04   0.01
    20   1    -0.07  -0.08   0.01     0.04   0.08   0.03    -0.10   0.06   0.00
    21   1    -0.09  -0.07   0.01     0.24  -0.14   0.01    -0.12   0.09  -0.01
    22   1    -0.13  -0.03   0.01     0.21  -0.04   0.08    -0.05   0.02  -0.04
    23   7    -0.08  -0.04  -0.02     0.03  -0.11  -0.10    -0.06   0.00   0.03
                    13                     14                     15
                     A                      A                      A
 Frequencies --   794.8605               877.7858               905.7637
 Red. masses --     2.7468                 2.1452                 1.5043
 Frc consts  --     1.0225                 0.9739                 0.7271
 IR Inten    --     8.2369                 3.0741                 0.6259
  Atom  AN      X      Y      Z        X      Y      Z        X      Y      Z
     1   6     0.03  -0.14   0.00     0.06  -0.11  -0.01     0.00   0.01  -0.09
     2   6     0.02  -0.03   0.01     0.07  -0.03   0.00     0.11  -0.01  -0.05
     3   6     0.07   0.05  -0.02    -0.12  -0.01  -0.03     0.05   0.00   0.04
     4   6     0.07   0.16   0.05    -0.05  -0.04  -0.07    -0.03  -0.03   0.05
     5   6     0.00  -0.09   0.16    -0.03   0.06   0.07    -0.04   0.08   0.05
     6   1     0.22  -0.08  -0.17    -0.31   0.06   0.33     0.08   0.12  -0.23
     7   1    -0.03   0.00   0.02    -0.04   0.14   0.01    -0.33   0.04   0.00
     8   1     0.08   0.01   0.08     0.23   0.13   0.15     0.26  -0.04   0.34
     9   1    -0.09   0.19  -0.04     0.02   0.10  -0.04    -0.17  -0.34  -0.03
    10   1     0.14  -0.29  -0.29     0.02  -0.20  -0.20     0.01   0.16   0.23
    11   1    -0.02  -0.01   0.06     0.06  -0.19  -0.04    -0.19   0.24   0.02
    12   1     0.08   0.22   0.18     0.02   0.04   0.10     0.03  -0.14  -0.21
    13   1     0.04   0.11   0.13    -0.02   0.15   0.06     0.06   0.10   0.05
    14   1    -0.08   0.01  -0.03     0.24   0.17  -0.02    -0.26  -0.01   0.03
    15   6    -0.06  -0.06   0.01    -0.08  -0.02   0.00    -0.05   0.00   0.01
    16   1    -0.25  -0.14  -0.20     0.03  -0.03  -0.05     0.06  -0.01  -0.06
    17   1    -0.15  -0.04  -0.17    -0.22  -0.19  -0.13    -0.19  -0.16  -0.14
    18   1     0.22   0.18  -0.01     0.08  -0.01  -0.02     0.16   0.04  -0.01
    19   6    -0.11   0.04  -0.02     0.07   0.05   0.03     0.02  -0.01  -0.01
    20   1    -0.23   0.15   0.10     0.33  -0.29  -0.11     0.01  -0.01   0.01
    21   1     0.04  -0.07   0.01    -0.05  -0.05   0.02     0.05  -0.04   0.00
    22   1    -0.16   0.10   0.09    -0.13   0.07   0.03     0.03  -0.01   0.02
    23   7     0.01   0.03  -0.16     0.02   0.11   0.01    -0.02  -0.02  -0.01
                    16                     17                     18
                     A                      A                      A
 Frequencies --   932.6074               974.3026              1009.7073
 Red. masses --     2.5676                 1.5113                 1.9620
 Frc consts  --     1.3157                 0.8453                 1.1786
 IR Inten    --     1.9121                 1.5732                 3.5759
  Atom  AN      X      Y      Z        X      Y      Z        X      Y      Z
     1   6     0.10   0.11  -0.01     0.05   0.02   0.07     0.01   0.13   0.04
     2   6    -0.11   0.14  -0.09     0.03  -0.04  -0.08     0.00  -0.11  -0.03
     3   6    -0.09  -0.16   0.10    -0.05  -0.07  -0.04     0.04  -0.01  -0.05
     4   6     0.10  -0.08   0.01    -0.01   0.03   0.07    -0.10   0.07   0.02
     5   6     0.03  -0.04   0.06    -0.01   0.03  -0.01     0.08  -0.06   0.01
     6   1    -0.03  -0.28   0.15    -0.06  -0.24   0.26     0.06  -0.07   0.00
     7   1    -0.10   0.07  -0.09    -0.16   0.36  -0.07    -0.17   0.03  -0.01
     8   1    -0.08   0.24  -0.15     0.13  -0.11   0.27    -0.09  -0.40   0.19
     9   1     0.05  -0.09   0.02    -0.02   0.25   0.04    -0.02   0.01   0.06
    10   1     0.40   0.19   0.18     0.04  -0.08  -0.15    -0.06   0.17   0.13
    11   1     0.04   0.06  -0.02    -0.04   0.24   0.04    -0.20   0.04   0.03
    12   1     0.37  -0.14  -0.16     0.08  -0.06  -0.14    -0.14   0.09   0.06
    13   1     0.11   0.03   0.04    -0.25   0.04   0.00     0.12  -0.03   0.00
    14   1    -0.08  -0.11   0.10     0.06   0.34  -0.04     0.02   0.12  -0.05
    15   6    -0.04  -0.05   0.01     0.00   0.01  -0.03     0.00  -0.09  -0.01
    16   1    -0.26  -0.11  -0.12     0.08   0.06   0.11    -0.48  -0.16  -0.12
    17   1    -0.04   0.07  -0.09     0.08   0.02   0.12     0.19   0.30   0.03
    18   1     0.10   0.12   0.00    -0.22  -0.13  -0.01    -0.06   0.14   0.00
    19   6    -0.04   0.04   0.00    -0.01  -0.05  -0.04     0.05   0.04   0.03
    20   1     0.02  -0.08   0.01    -0.19   0.16   0.09     0.24  -0.18  -0.10
    21   1    -0.04  -0.05   0.01     0.11  -0.05  -0.02    -0.03   0.02   0.02
    22   1    -0.16   0.08   0.04     0.08  -0.04   0.02    -0.05   0.04  -0.01
    23   7     0.02   0.04  -0.06     0.02  -0.01   0.01    -0.03   0.03  -0.03
                    19                     20                     21
                     A                      A                      A
 Frequencies --  1024.2763              1076.0530              1095.3889
 Red. masses --     1.8832                 1.7994                 1.2504
 Frc consts  --     1.1641                 1.2276                 0.8839
 IR Inten    --     4.6680                 1.6462                 0.8156
  Atom  AN      X      Y      Z        X      Y      Z        X      Y      Z
     1   6    -0.05  -0.08   0.04     0.13  -0.02   0.01    -0.02  -0.02   0.02
     2   6     0.01   0.04  -0.03    -0.09   0.00  -0.03    -0.03   0.01   0.03
     3   6     0.04   0.05   0.03     0.10  -0.05  -0.01     0.02   0.01  -0.05
     4   6     0.02  -0.10   0.03    -0.09   0.06   0.01     0.00  -0.05   0.06
     5   6    -0.06  -0.08  -0.01    -0.07   0.01   0.01     0.02   0.01  -0.07
     6   1     0.08   0.10  -0.16     0.32  -0.34  -0.09     0.02  -0.06   0.06
     7   1    -0.02   0.15  -0.03    -0.03  -0.06  -0.04     0.26   0.25  -0.01
     8   1     0.02   0.00   0.07    -0.15  -0.07  -0.08    -0.19  -0.18  -0.07
     9   1    -0.16   0.17   0.01     0.23   0.03   0.00     0.37   0.07  -0.01
    10   1     0.04  -0.19  -0.20     0.42  -0.05  -0.05    -0.16  -0.06  -0.07
    11   1    -0.16   0.22  -0.01    -0.22  -0.02   0.03    -0.08   0.24   0.02
    12   1     0.11  -0.22  -0.27    -0.24   0.09   0.09     0.02  -0.17  -0.21
    13   1    -0.29  -0.06  -0.02    -0.14   0.02   0.01     0.34   0.05  -0.07
    14   1    -0.26   0.12   0.02     0.05  -0.15  -0.01    -0.04   0.29  -0.05
    15   6     0.10   0.04  -0.01    -0.01   0.08   0.00    -0.03   0.00   0.06
    16   1     0.04   0.07   0.11     0.34   0.14   0.09     0.02  -0.05  -0.14
    17   1     0.26   0.17   0.18    -0.14  -0.20  -0.01    -0.22  -0.14  -0.20
    18   1    -0.12  -0.02   0.02     0.04  -0.10   0.00     0.31   0.13   0.02
    19   6    -0.03   0.11   0.04     0.03   0.01   0.03    -0.01   0.01   0.01
    20   1     0.21  -0.24  -0.08     0.15  -0.09  -0.08     0.01  -0.01  -0.01
    21   1    -0.13   0.00   0.03    -0.03   0.06   0.02    -0.03   0.03   0.00
    22   1    -0.22   0.13   0.04     0.05  -0.02  -0.04     0.01   0.00  -0.02
    23   7     0.00   0.00  -0.06    -0.06  -0.03  -0.01     0.00  -0.01   0.00
                    22                     23                     24
                     A                      A                      A
 Frequencies --  1137.0669              1159.6591              1183.4518
 Red. masses --     1.7343                 1.9734                 2.1255
 Frc consts  --     1.3211                 1.5636                 1.7540
 IR Inten    --     5.0387                 5.8941                12.5572
  Atom  AN      X      Y      Z        X      Y      Z        X      Y      Z
     1   6    -0.09  -0.03  -0.02     0.01  -0.03   0.06     0.05   0.04  -0.01
     2   6     0.08   0.10  -0.01    -0.04   0.00  -0.04     0.01  -0.08   0.00
     3   6     0.02  -0.10   0.01     0.02   0.04   0.05    -0.08   0.05   0.01
     4   6    -0.01   0.08   0.02     0.03  -0.04  -0.03     0.14   0.06  -0.01
     5   6    -0.04  -0.01  -0.04     0.15   0.11   0.00    -0.13  -0.05  -0.03
     6   1     0.18  -0.39   0.08     0.10   0.01  -0.13    -0.20   0.20   0.05
     7   1     0.19   0.32  -0.02    -0.12  -0.02  -0.03    -0.12  -0.11   0.02
     8   1     0.26   0.41  -0.02     0.03   0.07   0.02    -0.03  -0.21   0.09
     9   1    -0.11  -0.01  -0.02    -0.16   0.20   0.04     0.16  -0.07   0.00
    10   1    -0.33  -0.04  -0.04    -0.06  -0.10  -0.10     0.19   0.05   0.04
    11   1    -0.07   0.00   0.03    -0.10  -0.09  -0.03     0.20  -0.04  -0.01
    12   1    -0.01   0.10   0.08     0.04  -0.03  -0.01     0.33   0.10   0.05
    13   1     0.01   0.03  -0.04     0.15   0.30  -0.01    -0.23  -0.01  -0.04
    14   1     0.14  -0.13   0.02    -0.19   0.02   0.04    -0.11   0.24   0.00
    15   6     0.04  -0.02   0.03    -0.07  -0.03  -0.06     0.05   0.03   0.06
    16   1    -0.14  -0.06  -0.07    -0.04  -0.01   0.01     0.04   0.00  -0.04
    17   1     0.09   0.13  -0.01    -0.06  -0.07   0.00     0.02   0.05  -0.04
    18   1     0.10   0.14   0.02    -0.24  -0.16  -0.05     0.24   0.17   0.05
    19   6     0.04  -0.04   0.04    -0.06  -0.04   0.13     0.02  -0.08   0.08
    20   1     0.10  -0.01  -0.11     0.06   0.09  -0.21     0.09   0.05  -0.18
    21   1    -0.03   0.15   0.01    -0.25   0.44   0.04    -0.10   0.29   0.03
    22   1     0.15  -0.13  -0.13     0.22  -0.24  -0.31     0.20  -0.23  -0.25
    23   7    -0.09  -0.01  -0.01     0.01  -0.04  -0.02    -0.09  -0.01  -0.06
                    25                     26                     27
                     A                      A                      A
 Frequencies --  1210.5701              1255.5242              1270.1342
 Red. masses --     2.0437                 1.8931                 1.7061
 Frc consts  --     1.7646                 1.7583                 1.6216
 IR Inten    --    12.8709                21.9916                15.9331
  Atom  AN      X      Y      Z        X      Y      Z        X      Y      Z
     1   6     0.07  -0.08   0.02    -0.07  -0.03   0.04     0.04  -0.01   0.00
     2   6    -0.07   0.01  -0.02     0.02   0.06  -0.04    -0.03  -0.04  -0.01
     3   6     0.06   0.04   0.00     0.05  -0.04   0.06     0.00   0.05   0.06
     4   6    -0.01  -0.07   0.01    -0.06  -0.01  -0.05     0.08   0.00  -0.08
     5   6    -0.05   0.11  -0.05     0.04  -0.08   0.00     0.01   0.05   0.06
     6   1     0.06   0.11  -0.12    -0.10   0.29  -0.11     0.22  -0.20  -0.09
     7   1    -0.10  -0.18  -0.01     0.06   0.26  -0.05     0.05   0.16  -0.02
     8   1    -0.05   0.08  -0.07    -0.19  -0.34   0.06     0.05   0.08   0.01
     9   1     0.06   0.08  -0.01    -0.10   0.07   0.02     0.32  -0.01  -0.01
    10   1     0.16  -0.16  -0.14     0.22  -0.09  -0.08    -0.35   0.01   0.01
    11   1     0.08   0.08   0.00    -0.29  -0.14  -0.02    -0.12  -0.22  -0.05
    12   1    -0.06  -0.12  -0.10     0.46   0.09   0.10     0.23   0.09   0.10
    13   1    -0.21   0.44  -0.07     0.17  -0.20   0.00     0.12  -0.18   0.08
    14   1    -0.02  -0.10   0.00    -0.11  -0.08   0.05    -0.36   0.32   0.04
    15   6     0.05  -0.09   0.03    -0.02   0.03   0.00     0.00   0.00  -0.04
    16   1    -0.41  -0.17  -0.14     0.13   0.04   0.02    -0.02   0.03   0.07
    17   1     0.18   0.28  -0.02    -0.07  -0.09  -0.01     0.04   0.00   0.07
    18   1     0.03   0.25   0.04     0.02  -0.07  -0.01    -0.15  -0.08  -0.03
    19   6     0.06  -0.07  -0.06     0.05  -0.09  -0.03     0.04   0.02  -0.06
    20   1    -0.07   0.05   0.08    -0.05   0.10   0.00     0.03  -0.13   0.10
    21   1     0.13  -0.11  -0.03     0.10   0.02  -0.02     0.07  -0.22  -0.03
    22   1     0.10  -0.05   0.03     0.10  -0.09  -0.04     0.04   0.10   0.15
    23   7    -0.07   0.09   0.08    -0.05   0.15   0.04    -0.13  -0.04   0.04
                    28                     29                     30
                     A                      A                      A
 Frequencies --  1285.0267              1330.7740              1374.0189
 Red. masses --     2.2395                 1.9119                 1.5999
 Frc consts  --     2.1789                 1.9949                 1.7796
 IR Inten    --     6.7410                15.3255                 5.9376
  Atom  AN      X      Y      Z        X      Y      Z        X      Y      Z
     1   6     0.00  -0.04  -0.12     0.01   0.01   0.09    -0.04  -0.04  -0.04
     2   6    -0.03   0.04   0.11     0.00   0.01  -0.02     0.03   0.04  -0.02
     3   6     0.02  -0.02  -0.11     0.00   0.02  -0.03    -0.02  -0.05   0.06
     4   6     0.00  -0.01   0.11     0.04   0.03   0.09     0.03   0.08  -0.01
     5   6     0.02   0.05   0.16     0.09  -0.05  -0.06    -0.01   0.08  -0.02
     6   1    -0.14   0.11   0.11    -0.09   0.13   0.01    -0.17   0.21   0.01
     7   1     0.29  -0.07   0.08    -0.23  -0.28   0.01     0.18   0.37  -0.04
     8   1    -0.21  -0.05  -0.18     0.08   0.12   0.01    -0.22  -0.44   0.07
     9   1     0.05  -0.26  -0.08    -0.37   0.21   0.08     0.01  -0.06  -0.04
    10   1     0.07   0.05   0.10    -0.01  -0.06  -0.05     0.32  -0.05  -0.04
    11   1    -0.04   0.27   0.07     0.35   0.19   0.05     0.17  -0.06   0.01
    12   1     0.24  -0.12  -0.16     0.12  -0.04  -0.08    -0.06   0.12   0.10
    13   1     0.06   0.02   0.15     0.26   0.03  -0.07     0.08   0.33  -0.03
    14   1     0.22   0.10  -0.10     0.21  -0.21  -0.02     0.00  -0.15   0.07
    15   6     0.01  -0.01  -0.10    -0.04   0.04   0.00     0.01  -0.02  -0.02
    16   1    -0.05   0.06   0.15     0.15   0.05  -0.02    -0.09  -0.02   0.01
    17   1     0.15   0.04   0.17    -0.14  -0.15  -0.05     0.06   0.07   0.01
    18   1    -0.38  -0.20  -0.06     0.04  -0.11  -0.02    -0.09   0.03  -0.01
    19   6     0.02  -0.04   0.02     0.04   0.03  -0.05    -0.02   0.06  -0.01
    20   1     0.06   0.00  -0.07     0.08  -0.17   0.08     0.03  -0.15   0.11
    21   1     0.08   0.06   0.02     0.07  -0.17  -0.02    -0.17  -0.09  -0.02
    22   1     0.10  -0.08  -0.07     0.18   0.07   0.12     0.18   0.07   0.10
    23   7    -0.09   0.03  -0.07    -0.17  -0.04  -0.02    -0.01  -0.12   0.02
                    31                     32                     33
                     A                      A                      A
 Frequencies --  1396.3579              1414.4441              1451.4605
 Red. masses --     1.2593                 1.1820                 1.3376
 Frc consts  --     1.4467                 1.3933                 1.6603
 IR Inten    --     5.9118                 5.1870                22.7549
  Atom  AN      X      Y      Z        X      Y      Z        X      Y      Z
     1   6     0.00  -0.01   0.03    -0.03   0.00  -0.01    -0.05   0.02   0.02
     2   6    -0.02   0.00  -0.10     0.03  -0.01   0.03     0.01  -0.03  -0.02
     3   6     0.01   0.00   0.05    -0.02   0.02   0.04     0.00   0.01   0.00
     4   6    -0.01   0.00   0.03     0.01  -0.03  -0.02    -0.01  -0.02   0.00
     5   6    -0.03   0.01   0.05     0.00  -0.03   0.00    -0.05  -0.05   0.03
     6   1    -0.11   0.27  -0.08     0.17  -0.27   0.03     0.05  -0.06  -0.01
     7   1    -0.11   0.17  -0.09     0.14   0.12   0.02    -0.06  -0.05   0.00
     8   1     0.03  -0.03   0.06    -0.03  -0.12   0.05     0.14   0.14   0.04
     9   1     0.50   0.03   0.00    -0.20  -0.03   0.00     0.25  -0.01   0.02
    10   1    -0.32  -0.03  -0.04     0.28   0.00   0.01     0.14  -0.01  -0.02
    11   1     0.32   0.08   0.02     0.47   0.01  -0.03     0.07   0.04  -0.01
    12   1    -0.17  -0.03  -0.02    -0.41  -0.06  -0.03    -0.17  -0.05  -0.03
    13   1     0.12  -0.16   0.06     0.24   0.10  -0.01     0.36   0.13   0.01
    14   1     0.13  -0.40   0.06    -0.22   0.17   0.04     0.00  -0.01   0.00
    15   6     0.01   0.00  -0.02     0.00   0.01  -0.02     0.01   0.00  -0.04
    16   1    -0.01   0.02   0.05     0.05   0.03   0.02     0.05   0.05   0.09
    17   1     0.04   0.00   0.05     0.02   0.00   0.03     0.09   0.02   0.10
    18   1    -0.06  -0.03  -0.01    -0.05  -0.05  -0.02    -0.03  -0.02  -0.03
    19   6     0.00  -0.01   0.02     0.02  -0.03   0.00     0.06  -0.02  -0.01
    20   1     0.03   0.07  -0.12     0.02   0.10  -0.12    -0.07  -0.02   0.25
    21   1     0.21   0.03   0.04     0.27   0.00   0.03    -0.69   0.05  -0.12
    22   1    -0.16  -0.02  -0.07    -0.24  -0.01  -0.07     0.23  -0.04   0.03
    23   7     0.00   0.01  -0.04    -0.04   0.05  -0.01     0.01   0.06  -0.04
                    34                     35                     36
                     A                      A                      A
 Frequencies --  1455.2098              1477.5603              1491.8331
 Red. masses --     1.3128                 1.3212                 1.3445
 Frc consts  --     1.6379                 1.6995                 1.7630
 IR Inten    --    15.2805                 6.1172                 3.9706
  Atom  AN      X      Y      Z        X      Y      Z        X      Y      Z
     1   6    -0.07   0.00   0.05     0.05  -0.01  -0.01    -0.02  -0.01   0.01
     2   6     0.01  -0.02   0.00    -0.01   0.02   0.00     0.08   0.09  -0.02
     3   6     0.01  -0.03  -0.04    -0.01  -0.01   0.00    -0.06   0.06  -0.01
     4   6     0.04   0.03   0.00     0.04   0.02   0.01    -0.04  -0.01  -0.01
     5   6    -0.07   0.06  -0.03     0.00  -0.02  -0.01    -0.04  -0.03   0.01
     6   1    -0.11   0.12   0.00    -0.08   0.09   0.01     0.21  -0.39   0.03
     7   1    -0.09  -0.18   0.02     0.00   0.02  -0.01    -0.23  -0.38   0.03
     8   1     0.18   0.23   0.02    -0.09  -0.09  -0.03    -0.15  -0.34   0.07
     9   1     0.13   0.09   0.03    -0.14   0.01   0.00     0.20  -0.03   0.00
    10   1     0.44  -0.06  -0.04    -0.19   0.00   0.00    -0.16  -0.05  -0.06
    11   1    -0.33  -0.03   0.02    -0.20  -0.01   0.01     0.03  -0.05   0.00
    12   1     0.05   0.04   0.03    -0.01   0.02   0.01     0.37   0.00  -0.02
    13   1     0.52  -0.15   0.00     0.02   0.23  -0.02     0.17   0.34  -0.01
    14   1     0.05   0.10  -0.04     0.05  -0.05   0.00     0.11  -0.11  -0.01
    15   6     0.01  -0.03  -0.03    -0.01   0.01  -0.01     0.00  -0.01  -0.03
    16   1     0.01   0.01   0.06     0.06   0.02   0.01     0.05   0.04   0.08
    17   1     0.10   0.12   0.03     0.00   0.01   0.00     0.09   0.04   0.10
    18   1    -0.04   0.07  -0.02    -0.01  -0.01  -0.01     0.02   0.02  -0.02
    19   6    -0.01   0.01   0.01     0.12  -0.01   0.01    -0.02   0.01   0.00
    20   1     0.03   0.04  -0.11    -0.01   0.23   0.04     0.00   0.00  -0.05
    21   1     0.25  -0.04   0.05    -0.36  -0.08  -0.06     0.14   0.01   0.03
    22   1    -0.23   0.02  -0.04    -0.75   0.04  -0.17    -0.03   0.01   0.01
    23   7     0.01  -0.05   0.03    -0.04  -0.04   0.02     0.03  -0.02   0.03
                    37                     38                     39
                     A                      A                      A
 Frequencies --  1502.1652              1514.8173              1532.4541
 Red. masses --     1.3586                 1.4919                 1.3872
 Frc consts  --     1.8062                 2.0170                 1.9193
 IR Inten    --    12.1693                 0.3424                 2.5168
  Atom  AN      X      Y      Z        X      Y      Z        X      Y      Z
     1   6    -0.02   0.03  -0.02     0.03   0.03  -0.02     0.12  -0.02   0.00
     2   6    -0.04  -0.04   0.01    -0.04  -0.12   0.00    -0.02   0.03   0.00
     3   6     0.06  -0.06   0.00    -0.05   0.14   0.00     0.02  -0.04   0.00
     4   6    -0.04   0.02  -0.01     0.00  -0.03   0.01     0.02   0.01  -0.01
     5   6     0.01  -0.11   0.01    -0.02  -0.02  -0.01    -0.08   0.01   0.00
     6   1    -0.11   0.24  -0.05     0.16  -0.15  -0.07    -0.10   0.11   0.06
     7   1     0.03   0.08  -0.01     0.27   0.47  -0.04     0.02  -0.02   0.00
     8   1     0.14   0.30  -0.06     0.10   0.09   0.03    -0.13  -0.11  -0.03
     9   1     0.17  -0.04  -0.01    -0.22  -0.06   0.00    -0.40   0.03   0.01
    10   1    -0.07   0.06   0.04     0.13   0.04   0.01    -0.35  -0.01  -0.01
    11   1     0.09   0.03   0.00    -0.16   0.04   0.01    -0.05   0.01   0.00
    12   1     0.13   0.07   0.08     0.29  -0.04  -0.03    -0.18   0.01   0.03
    13   1    -0.04   0.70  -0.05     0.11   0.11  -0.02     0.31  -0.10   0.01
    14   1    -0.12   0.22  -0.01     0.31  -0.48   0.02    -0.12   0.06   0.00
    15   6    -0.03   0.01  -0.03    -0.02  -0.01  -0.01    -0.05  -0.05  -0.04
    16   1     0.15   0.06   0.06     0.11   0.03   0.08     0.25   0.09   0.30
    17   1     0.07   0.01   0.15     0.06   0.08   0.06     0.18   0.20   0.19
    18   1     0.13  -0.05  -0.04     0.08   0.08  -0.02     0.24   0.30  -0.06
    19   6    -0.03   0.01  -0.01    -0.01   0.00   0.00    -0.03  -0.01   0.00
    20   1     0.02  -0.03  -0.06     0.00   0.00  -0.02    -0.01  -0.05   0.00
    21   1     0.21   0.04   0.04     0.07   0.00   0.01     0.04   0.06   0.00
    22   1    -0.01   0.04   0.07     0.00   0.00   0.01     0.19  -0.01   0.07
    23   7     0.01  -0.01   0.04     0.01   0.00   0.02     0.02   0.02  -0.01
                    40                     41                     42
                     A                      A                      A
 Frequencies --  1541.3437              1551.6272              1600.1472
 Red. masses --     1.4580                 1.5483                 1.0934
 Frc consts  --     2.0409                 2.1962                 1.6495
 IR Inten    --     9.0165                21.9826                 5.5971
  Atom  AN      X      Y      Z        X      Y      Z        X      Y      Z
     1   6     0.07   0.01   0.00    -0.05   0.01   0.00     0.00  -0.05  -0.03
     2   6    -0.01   0.00   0.00     0.04   0.02  -0.01    -0.01   0.01  -0.01
     3   6    -0.01   0.00   0.00    -0.06   0.01  -0.01    -0.03  -0.01   0.02
     4   6     0.05   0.00  -0.01     0.16  -0.02   0.00     0.00   0.02   0.01
     5   6    -0.11  -0.06   0.00     0.07  -0.04   0.01    -0.01   0.01   0.00
     6   1    -0.06   0.06   0.04    -0.06  -0.03   0.07     0.08   0.03  -0.31
     7   1     0.01   0.03  -0.01    -0.14   0.00   0.01     0.10  -0.05  -0.01
     8   1    -0.04  -0.04  -0.01    -0.06  -0.11  -0.04     0.02  -0.04   0.11
     9   1    -0.20   0.01   0.01     0.20  -0.08   0.00     0.01   0.44  -0.09
    10   1    -0.21   0.01   0.01     0.03  -0.02  -0.05     0.01   0.17   0.42
    11   1    -0.24   0.03   0.00    -0.53   0.06   0.00     0.03  -0.17   0.03
    12   1    -0.14   0.02   0.06    -0.54  -0.04   0.03     0.00  -0.07  -0.16
    13   1     0.36   0.23  -0.02    -0.23   0.16   0.00     0.01  -0.01   0.00
    14   1     0.00  -0.06   0.00     0.10  -0.16   0.01     0.28   0.16   0.02
    15   6     0.10   0.07   0.02    -0.04   0.00  -0.01    -0.01   0.00   0.00
    16   1    -0.37  -0.05  -0.21     0.10   0.02   0.02     0.04  -0.03  -0.13
    17   1    -0.14  -0.28  -0.15     0.04   0.02   0.14     0.06   0.09   0.05
    18   1    -0.37  -0.32   0.05     0.19  -0.03  -0.03     0.06  -0.12  -0.01
    19   6    -0.03  -0.01  -0.01    -0.02  -0.02  -0.02     0.01  -0.03  -0.02
    20   1    -0.01  -0.04  -0.03     0.00  -0.05  -0.03     0.00  -0.02  -0.01
    21   1     0.12   0.10   0.02     0.15   0.14   0.01    -0.01   0.35  -0.04
    22   1     0.12   0.02   0.10     0.10   0.05   0.17    -0.08   0.12   0.32
    23   7     0.02   0.02   0.02    -0.05   0.05   0.01     0.00   0.00   0.00
                    43                     44                     45
                     A                      A                      A
 Frequencies --  1605.9671              1607.7651              1614.8173
 Red. masses --     1.1041                 1.0808                 1.0681
 Frc consts  --     1.6777                 1.6460                 1.6410
 IR Inten    --     2.8899                 2.0213                 4.2353
  Atom  AN      X      Y      Z        X      Y      Z        X      Y      Z
     1   6     0.00   0.03   0.02    -0.01  -0.02  -0.02    -0.02  -0.02  -0.01
     2   6    -0.01   0.00  -0.01    -0.03   0.02  -0.03    -0.01   0.01  -0.02
     3   6     0.03   0.01  -0.02     0.03   0.03  -0.03     0.00   0.01  -0.01
     4   6    -0.02   0.03   0.02     0.01   0.00   0.00     0.01   0.00   0.00
     5   6     0.01   0.02   0.00    -0.01   0.00   0.00     0.02  -0.03  -0.01
     6   1    -0.06  -0.01   0.24    -0.12  -0.05   0.43    -0.03  -0.01   0.09
     7   1     0.10  -0.05  -0.01     0.32  -0.20  -0.05     0.17  -0.10  -0.03
     8   1     0.05   0.02   0.10     0.12  -0.04   0.36     0.08  -0.01   0.20
     9   1    -0.01  -0.30   0.06     0.04   0.22  -0.05     0.06   0.22  -0.04
    10   1     0.01  -0.12  -0.29     0.00   0.09   0.21     0.02   0.10   0.21
    11   1     0.06  -0.19   0.03    -0.05   0.04  -0.01    -0.04   0.02   0.00
    12   1     0.08  -0.06  -0.18     0.01   0.02   0.04    -0.03   0.00   0.02
    13   1    -0.02  -0.05   0.00     0.00   0.01   0.00    -0.08   0.08  -0.02
    14   1    -0.21  -0.13  -0.02    -0.35  -0.27  -0.03    -0.06  -0.07  -0.01
    15   6     0.00   0.00   0.00    -0.02   0.01   0.01     0.04  -0.02  -0.02
    16   1     0.00   0.00   0.02     0.06  -0.06  -0.23    -0.13   0.14   0.52
    17   1    -0.03   0.00  -0.06     0.09   0.12   0.11    -0.19  -0.30  -0.19
    18   1    -0.05   0.04   0.01     0.13  -0.23  -0.01    -0.22   0.51   0.02
    19   6     0.02  -0.05  -0.03     0.00   0.01   0.01     0.00   0.00   0.00
    20   1     0.01  -0.02  -0.02     0.00   0.00   0.01     0.00   0.00  -0.01
    21   1    -0.02   0.52  -0.06     0.00  -0.11   0.01     0.02   0.02   0.00
    22   1    -0.17   0.19   0.47     0.03  -0.04  -0.10    -0.01   0.01   0.01
    23   7    -0.01  -0.02  -0.01     0.00   0.00   0.00    -0.01   0.01   0.00
                    46                     47                     48
                     A                      A                      A
 Frequencies --  1621.4604              1629.8244              1635.7380
 Red. masses --     1.0987                 1.0660                 1.0969
 Frc consts  --     1.7019                 1.6683                 1.7292
 IR Inten    --     4.3261                 4.3728                 3.8157
  Atom  AN      X      Y      Z        X      Y      Z        X      Y      Z
     1   6     0.01   0.03   0.01     0.00   0.01   0.00     0.00   0.01   0.01
     2   6    -0.05   0.02  -0.03    -0.02   0.02  -0.02    -0.02   0.02  -0.01
     3   6    -0.02  -0.02   0.02    -0.01  -0.01   0.01    -0.02  -0.01   0.01
     4   6     0.01   0.03   0.02     0.01  -0.01  -0.01    -0.01  -0.06  -0.03
     5   6     0.01  -0.01   0.00     0.01  -0.03   0.02     0.00   0.03  -0.01
     6   1     0.04   0.06  -0.25     0.02   0.02  -0.13     0.05   0.00  -0.16
     7   1     0.37  -0.21  -0.05     0.17  -0.12  -0.03     0.19  -0.13  -0.02
     8   1     0.12  -0.04   0.40     0.06  -0.03   0.20     0.06  -0.03   0.21
     9   1    -0.03  -0.25   0.05     0.03  -0.10   0.02    -0.03  -0.10   0.02
    10   1    -0.04  -0.09  -0.24    -0.06  -0.03  -0.09     0.02  -0.04  -0.10
    11   1    -0.05  -0.29   0.05    -0.04   0.09  -0.01     0.04   0.57  -0.09
    12   1    -0.08  -0.11  -0.27    -0.05   0.03   0.09     0.06   0.21   0.53
    13   1    -0.02   0.02   0.00     0.01   0.07   0.01    -0.02  -0.08  -0.01
    14   1     0.22   0.15   0.02     0.11   0.07   0.01     0.12   0.11   0.01
    15   6     0.00   0.01  -0.01     0.00  -0.03   0.04     0.00   0.01  -0.01
    16   1    -0.15   0.01   0.04     0.46  -0.03  -0.15    -0.14   0.00   0.02
    17   1     0.01  -0.15   0.18    -0.05   0.42  -0.49     0.02  -0.11   0.15
    18   1     0.15  -0.05  -0.02    -0.39   0.08   0.06     0.14  -0.04  -0.02
    19   6    -0.01   0.02   0.01    -0.01   0.00   0.00     0.01  -0.02  -0.01
    20   1     0.00   0.01   0.00     0.00  -0.02   0.01     0.00   0.01   0.00
    21   1     0.02  -0.19   0.03     0.02  -0.03   0.01    -0.04   0.18  -0.03
    22   1     0.06  -0.07  -0.17     0.05  -0.01  -0.02    -0.08   0.06   0.15
    23   7     0.00   0.01   0.01     0.00   0.01   0.00     0.00  -0.02  -0.01
                    49                     50                     51
                     A                      A                      A
 Frequencies --  2383.3695              3022.6934              3041.9287
 Red. masses --     2.2807                 1.0808                 1.0748
 Frc consts  --     7.6331                 5.8179                 5.8598
 IR Inten    --    25.0959                30.4564                79.3455
  Atom  AN      X      Y      Z        X      Y      Z        X      Y      Z
     1   6     0.00   0.00   0.00     0.00   0.00   0.00     0.00   0.00   0.00
     2   6     0.00   0.00   0.00     0.00   0.00   0.00     0.00   0.00   0.00
     3   6     0.00   0.00   0.00     0.00   0.00   0.00     0.00   0.00   0.00
     4   6     0.00   0.00   0.00     0.00   0.00   0.02     0.00  -0.01  -0.07
     5   6     0.00   0.00   0.00     0.00  -0.01  -0.08     0.00   0.00  -0.02
     6   1     0.00   0.00   0.00     0.01   0.01   0.00    -0.03  -0.03  -0.02
     7   1     0.00   0.00   0.00     0.00   0.00  -0.02     0.00   0.00  -0.04
     8   1     0.00   0.00   0.00     0.00   0.00   0.00     0.00   0.00   0.01
     9   1     0.00   0.00   0.00     0.00  -0.01  -0.05     0.00   0.00  -0.01
    10   1     0.00   0.00   0.00     0.01   0.03  -0.02     0.00   0.01  -0.01
    11   1     0.00   0.00   0.00     0.00  -0.03  -0.29     0.02   0.11   0.92
    12   1     0.00   0.00   0.00     0.00  -0.02   0.02     0.00   0.06  -0.05
    13   1     0.00   0.00   0.00     0.00   0.06   0.95     0.00   0.01   0.27
    14   1     0.00   0.00   0.00     0.00   0.00   0.02     0.00   0.00  -0.05
    15   6     0.00   0.00   0.00     0.00   0.00   0.00     0.00   0.00   0.00
    16   1     0.01   0.00   0.00    -0.01   0.02  -0.01     0.00   0.01   0.00
    17   1    -0.01   0.00   0.01     0.03  -0.02  -0.01     0.01  -0.01   0.00
    18   1     0.00   0.00   0.00     0.00   0.00  -0.03     0.00   0.00  -0.01
    19   6    -0.14  -0.06  -0.07     0.00   0.00   0.00     0.00   0.00   0.02
    20   1     0.79   0.41   0.42     0.00   0.00   0.00    -0.01   0.00   0.00
    21   1     0.03  -0.01  -0.08     0.00   0.00  -0.05     0.02  -0.01  -0.19
    22   1     0.00  -0.07   0.03     0.00   0.00   0.01     0.00  -0.03   0.02
    23   7     0.00   0.00   0.00     0.00   0.00   0.00     0.00   0.00   0.00
                    52                     53                     54
                     A                      A                      A
 Frequencies --  3074.4487              3138.9258              3150.6662
 Red. masses --     1.0738                 1.0694                 1.0627
 Frc consts  --     5.9800                 6.2078                 6.2152
 IR Inten    --   128.8049                29.7637                15.0384
  Atom  AN      X      Y      Z        X      Y      Z        X      Y      Z
     1   6     0.00   0.00   0.00     0.00  -0.01   0.01     0.00  -0.05  -0.05
     2   6     0.00   0.00   0.00    -0.03   0.01  -0.06    -0.01   0.01   0.02
     3   6     0.00   0.00   0.00     0.01   0.01   0.01     0.00   0.00   0.00
     4   6     0.00   0.00   0.01     0.00   0.00   0.00     0.00   0.00   0.00
     5   6     0.00   0.00   0.01     0.00   0.00   0.00     0.00   0.00   0.00
     6   1     0.01   0.01   0.01    -0.15  -0.09  -0.06    -0.02  -0.01  -0.01
     7   1     0.00   0.00   0.02     0.08   0.03   0.90    -0.01   0.00  -0.09
     8   1     0.00   0.00   0.00     0.25  -0.16  -0.13     0.19  -0.12  -0.09
     9   1     0.00   0.00   0.01     0.00  -0.02  -0.09     0.03   0.10   0.78
    10   1     0.00  -0.01   0.01     0.00   0.15  -0.07     0.01   0.44  -0.23
    11   1    -0.01  -0.02  -0.17     0.00   0.00   0.02     0.00   0.00   0.00
    12   1     0.00   0.00   0.00     0.00   0.01   0.00     0.00   0.01  -0.01
    13   1     0.00   0.00  -0.10     0.00   0.00   0.02     0.00   0.00   0.02
    14   1     0.00   0.00   0.01     0.01   0.00  -0.06     0.00   0.00   0.02
    15   6     0.00   0.00   0.00     0.00   0.00   0.00     0.01   0.01   0.01
    16   1     0.00  -0.01   0.00     0.00  -0.02   0.00     0.02  -0.15   0.05
    17   1     0.00   0.00   0.00     0.00   0.00   0.00    -0.07   0.04   0.04
    18   1     0.00   0.00   0.01     0.00   0.00   0.00    -0.01   0.01  -0.17
    19   6    -0.01   0.01   0.07     0.00   0.00   0.00     0.00   0.00   0.00
    20   1    -0.02  -0.01   0.00     0.00   0.00   0.00     0.00   0.00   0.00
    21   1     0.15  -0.07  -0.95     0.00   0.00   0.01     0.00   0.00   0.00
    22   1    -0.01  -0.10   0.06     0.00   0.00   0.00     0.00   0.00   0.00
    23   7     0.00   0.00   0.00     0.00   0.00   0.00     0.00   0.00   0.00
                    55                     56                     57
                     A                      A                      A
 Frequencies --  3155.4169              3166.0357              3184.9900
 Red. masses --     1.0640                 1.0406                 1.0893
 Frc consts  --     6.2416                 6.1454                 6.5104
 IR Inten    --    24.8162                44.5934                79.3562
  Atom  AN      X      Y      Z        X      Y      Z        X      Y      Z
     1   6     0.00   0.01   0.00     0.00  -0.01  -0.02     0.00   0.02   0.00
     2   6    -0.01   0.01   0.02    -0.01   0.01   0.01    -0.05   0.03   0.04
     3   6     0.04   0.02  -0.05     0.00   0.00   0.00    -0.03  -0.02  -0.02
     4   6     0.00  -0.01   0.01     0.00   0.00   0.00     0.00   0.01  -0.01
     5   6     0.00   0.00   0.00     0.00   0.00   0.00     0.00   0.00   0.00
     6   1    -0.46  -0.30  -0.20     0.02   0.02   0.01     0.33   0.22   0.13
     7   1    -0.02   0.00  -0.14     0.00   0.00  -0.02    -0.02   0.00  -0.14
     8   1     0.18  -0.10  -0.08     0.10  -0.06  -0.05     0.64  -0.40  -0.29
     9   1     0.00  -0.01  -0.07     0.01   0.03   0.22    -0.01  -0.01  -0.11
    10   1     0.00  -0.06   0.03     0.00   0.05  -0.03    -0.01  -0.26   0.12
    11   1     0.00  -0.01  -0.01     0.00   0.00   0.00     0.00   0.01   0.03
    12   1     0.00   0.16  -0.08     0.00   0.00   0.00     0.01  -0.17   0.08
    13   1     0.00   0.00  -0.01     0.00   0.00   0.00     0.00   0.00   0.00
    14   1    -0.01   0.02   0.74     0.00   0.00  -0.04    -0.01   0.00   0.06
    15   6     0.00   0.00   0.00    -0.03  -0.03  -0.03     0.00   0.00   0.00
    16   1     0.00   0.02  -0.01    -0.06   0.54  -0.17     0.00  -0.02   0.01
    17   1     0.01  -0.01  -0.01     0.34  -0.17  -0.17    -0.04   0.02   0.02
    18   1     0.00   0.00   0.02     0.06  -0.02   0.65    -0.01   0.00  -0.08
    19   6     0.00   0.00   0.00     0.00   0.00   0.00     0.00   0.00   0.00
    20   1     0.00   0.00   0.00     0.00   0.00   0.00     0.00   0.00   0.00
    21   1     0.00   0.00   0.00     0.00   0.00   0.00     0.00   0.00   0.00
    22   1     0.00  -0.02   0.01     0.00   0.01   0.00     0.00   0.03  -0.01
    23   7     0.00   0.00   0.00     0.00   0.00   0.00     0.00   0.00   0.00
                    58                     59                     60
                     A                      A                      A
 Frequencies --  3188.4289              3196.3186              3199.8851
 Red. masses --     1.1027                 1.0967                 1.0956
 Frc consts  --     6.6046                 6.6012                 6.6097
 IR Inten    --    44.3826                53.9473                60.3823
  Atom  AN      X      Y      Z        X      Y      Z        X      Y      Z
     1   6     0.00  -0.05   0.06     0.00   0.02  -0.04     0.00  -0.01   0.02
     2   6     0.00   0.00   0.00     0.01  -0.01  -0.03    -0.02   0.01   0.03
     3   6    -0.03  -0.02  -0.04    -0.03  -0.02  -0.04     0.01   0.01   0.04
     4   6     0.00  -0.01   0.00     0.00  -0.05   0.02     0.00  -0.05   0.03
     5   6     0.00   0.00   0.00     0.00   0.00   0.00     0.00   0.00   0.00
     6   1     0.36   0.23   0.14     0.37   0.24   0.14    -0.14  -0.10  -0.06
     7   1    -0.01   0.00  -0.03     0.03   0.01   0.26    -0.02   0.00  -0.22
     8   1    -0.04   0.02   0.02    -0.13   0.08   0.06     0.22  -0.14  -0.10
     9   1    -0.01  -0.06  -0.39     0.01   0.04   0.28    -0.01  -0.03  -0.21
    10   1     0.02   0.62  -0.29    -0.01  -0.31   0.15     0.00   0.12  -0.06
    11   1     0.00   0.00   0.03     0.00  -0.01   0.01     0.00  -0.02  -0.08
    12   1     0.00   0.08  -0.04    -0.03   0.53  -0.25    -0.03   0.62  -0.29
    13   1     0.00   0.00  -0.04     0.00   0.00   0.03     0.00   0.00  -0.02
    14   1    -0.01   0.01   0.35    -0.01   0.00   0.31     0.02  -0.01  -0.46
    15   6     0.00   0.01  -0.01     0.00  -0.01   0.01     0.00   0.01  -0.01
    16   1     0.01  -0.08   0.02    -0.01   0.06  -0.02     0.01  -0.07   0.02
    17   1     0.03  -0.01  -0.02     0.00   0.00   0.00     0.00   0.00   0.00
    18   1     0.01   0.00   0.14    -0.01   0.00  -0.09     0.00   0.00   0.04
    19   6     0.00   0.00   0.00     0.00   0.01  -0.01     0.00   0.02  -0.01
    20   1     0.00   0.00   0.00     0.00   0.00   0.00     0.00   0.00   0.00
    21   1     0.00   0.00   0.00    -0.01   0.01   0.03     0.00   0.01   0.03
    22   1     0.00  -0.02   0.01    -0.02  -0.17   0.07    -0.03  -0.23   0.09
    23   7     0.00   0.00   0.00     0.00   0.00   0.00     0.00   0.00   0.00
                    61                     62                     63
                     A                      A                      A
 Frequencies --  3220.9855              3221.8347              3236.4548
 Red. masses --     1.0895                 1.0993                 1.1006
 Frc consts  --     6.6597                 6.7229                 6.7922
 IR Inten    --   119.5805                16.0487                43.7217
  Atom  AN      X      Y      Z        X      Y      Z        X      Y      Z
     1   6     0.00   0.00  -0.01     0.00  -0.01   0.01     0.00   0.00   0.00
     2   6     0.00   0.00   0.00     0.00   0.00   0.00     0.00   0.00   0.00
     3   6     0.00   0.00   0.00     0.00   0.00   0.00     0.00   0.00   0.00
     4   6     0.00   0.02  -0.01     0.00   0.01   0.00     0.00   0.00   0.00
     5   6     0.00   0.00   0.00     0.00   0.00   0.01     0.00   0.00   0.00
     6   1    -0.02  -0.01  -0.01    -0.02  -0.01  -0.01     0.00   0.00   0.00
     7   1     0.00   0.00   0.02     0.00   0.00  -0.03     0.00   0.00  -0.01
     8   1    -0.02   0.01   0.01     0.00   0.00   0.00     0.00   0.00   0.00
     9   1     0.00   0.01   0.05     0.00  -0.01  -0.08     0.00   0.00  -0.03
    10   1     0.00  -0.06   0.03     0.00   0.14  -0.07     0.00   0.01   0.00
    11   1     0.00   0.01   0.01     0.00   0.00   0.00     0.00   0.00   0.00
    12   1     0.01  -0.26   0.12     0.00  -0.11   0.05     0.00   0.00   0.00
    13   1     0.00   0.00   0.02     0.00   0.00  -0.05     0.00  -0.01  -0.05
    14   1     0.00   0.00   0.04     0.00   0.00  -0.01     0.00   0.00  -0.01
    15   6    -0.01   0.03  -0.02     0.02  -0.06   0.06    -0.06   0.04   0.06
    16   1     0.03  -0.31   0.09    -0.06   0.67  -0.20     0.00  -0.14   0.06
    17   1     0.08  -0.03  -0.04    -0.09   0.03   0.06     0.74  -0.34  -0.36
    18   1     0.02   0.00   0.23    -0.04   0.00  -0.52    -0.05   0.02  -0.41
    19   6     0.01   0.06  -0.03     0.01   0.03  -0.01     0.00   0.00   0.00
    20   1    -0.01   0.00  -0.01     0.00   0.00   0.00     0.00   0.00   0.00
    21   1    -0.01   0.02   0.08     0.00   0.01   0.03     0.00   0.00  -0.01
    22   1    -0.11  -0.78   0.32    -0.05  -0.37   0.15     0.01   0.04  -0.01
    23   7     0.00   0.00   0.00     0.00   0.00   0.00     0.00   0.00   0.00

 -------------------
 - Thermochemistry -
 -------------------
 Temperature   298.150 Kelvin.  Pressure   1.00000 Atm.
 Thermochemistry will use frequencies scaled by 0.8900.
 Molecular mass:   114.12673 amu.
 Principal axes and moments of inertia in atomic units:
                           1         2         3
     Eigenvalues --   646.39444 934.571431462.15292
           X            0.99934   0.03581  -0.00558
           Y           -0.03576   0.99933   0.00826
           Z            0.00587  -0.00805   0.99995
 This molecule is an asymmetric top.
 Rotational symmetry number  1.
 Warning -- assumption of classical behavior for rotation
           may cause significant error
 Rotational temperatures (Kelvin)      0.13400     0.09268     0.05924
 Rotational constants (GHZ):           2.79201     1.93109     1.23430
 Zero-point vibrational energy     524267.0 (Joules/Mol)
                                  125.30282 (Kcal/Mol)
 Warning -- explicit consideration of  12 degrees of freedom as
           vibrations may cause significant error
 Vibrational temperatures:    152.10   250.13   276.65   318.08   427.08
          (Kelvin)            462.32   490.09   526.16   585.34   629.42
                              688.93   776.03  1017.83  1124.01  1159.84
                             1194.21  1247.60  1292.94  1311.60  1377.90
                             1402.66  1456.03  1484.95  1515.42  1550.15
                             1607.71  1626.42  1645.49  1704.07  1759.44
                             1788.05  1811.21  1858.61  1863.41  1892.03
                             1910.31  1923.54  1939.74  1962.32  1973.71
                             1986.87  2049.00  2056.46  2058.76  2067.79
                             2076.30  2087.01  2094.58  3051.93  3870.59
                             3895.22  3936.86  4019.43  4034.46  4040.54
                             4054.14  4078.41  4082.81  4092.92  4097.48
                             4124.50  4125.59  4144.31
 
 Zero-point correction=                           0.199683 (Hartree/Particle)
 Thermal correction to Energy=                    0.208467
 Thermal correction to Enthalpy=                  0.209412
 Thermal correction to Gibbs Free Energy=         0.167182
                     E (Thermal)             CV                S
                      KCal/Mol        Cal/Mol-Kelvin    Cal/Mol-Kelvin
 Total                  130.815             34.995             88.879
 Electronic               0.000              0.000              0.000
 Translational            0.889              2.981             40.112
 Rotational               0.889              2.981             28.270
 Vibrational            129.038             29.033             20.497
 Vibration     1          0.605              1.945              3.346
 Vibration     2          0.627              1.875              2.393
 Vibration     3          0.634              1.851              2.206
 Vibration     4          0.648              1.809              1.950
 Vibration     5          0.690              1.680              1.435
 Vibration     6          0.707              1.633              1.303
 Vibration     7          0.720              1.594              1.209
 Vibration     8          0.739              1.543              1.098
 Vibration     9          0.772              1.455              0.938
 Vibration    10          0.798              1.389              0.835
 Vibration    11          0.835              1.297              0.713
 Vibration    12          0.894              1.163              0.567
                       Q            Log10(Q)             Ln(Q)
 Total Bot       0.126379D-76        -76.898325       -177.064936
 Total V=0       0.889548D+15         14.949169         34.421734
 Vib (Bot)       0.783865D-90        -90.105759       -207.476177
 Vib (Bot)    1  0.193913D+01          0.287608          0.662242
 Vib (Bot)    2  0.115771D+01          0.063599          0.146442
 Vib (Bot)    3  0.104001D+01          0.017038          0.039231
 Vib (Bot)    4  0.894326D+00         -0.048504         -0.111685
 Vib (Bot)    5  0.641814D+00         -0.192591         -0.443457
 Vib (Bot)    6  0.584545D+00         -0.233182         -0.536922
 Vib (Bot)    7  0.544905D+00         -0.263679         -0.607143
 Vib (Bot)    8  0.499290D+00         -0.301647         -0.694568
 Vib (Bot)    9  0.435905D+00         -0.360608         -0.830330
 Vib (Bot)   10  0.395953D+00         -0.402357         -0.926460
 Vib (Bot)   11  0.349633D+00         -0.456388         -1.050872
 Vib (Bot)   12  0.293915D+00         -0.531778         -1.224465
 Vib (V=0)       0.551741D+02          1.741735          4.010494
 Vib (V=0)    1  0.250256D+01          0.398384          0.917314
 Vib (V=0)    2  0.176107D+01          0.245776          0.565919
 Vib (V=0)    3  0.165396D+01          0.218525          0.503172
 Vib (V=0)    4  0.152461D+01          0.183158          0.421736
 Vib (V=0)    5  0.131359D+01          0.118459          0.272762
 Vib (V=0)    6  0.126922D+01          0.103535          0.238399
 Vib (V=0)    7  0.123954D+01          0.093261          0.214742
 Vib (V=0)    8  0.120661D+01          0.081565          0.187811
 Vib (V=0)    9  0.116334D+01          0.065705          0.151291
 Vib (V=0)   10  0.113779D+01          0.056063          0.129090
 Vib (V=0)   11  0.111012D+01          0.045369          0.104466
 Vib (V=0)   12  0.107999D+01          0.033419          0.076950
 Electronic      0.100000D+01          0.000000          0.000000
 Translational   0.479221D+08          7.680536         17.685088
 Rotational      0.336432D+06          5.526898         12.726153
