 Write Hyperchem files?  Temperature (K)? [0=>298.15]  Pressure (Atm)? [0=>1 atm]  Scale factor for frequencies during thermochemistry? [0=>1/1.12]  Do you want to use the principal isotope masses? [Y]:  For each atom, give the integer mass number.
 In each case, the default is the principal isotope.
 Atom number 1, atomic number 6: [12]  Atom number 2, atomic number 6: [12]  Atom number 3, atomic number 6: [12]  Atom number 4, atomic number 6: [12]  Atom number 5, atomic number 6: [12]  Atom number 6, atomic number 1: [1]  Atom number 7, atomic number 1: [1]  Atom number 8, atomic number 1: [1]  Atom number 9, atomic number 1: [1]  Atom number 10, atomic number 1: [1]  Atom number 11, atomic number 1: [1]  Atom number 12, atomic number 1: [1]  Atom number 13, atomic number 1: [1]  Atom number 14, atomic number 1: [1]  Atom number 15, atomic number 6: [12]  Atom number 16, atomic number 1: [1]  Atom number 17, atomic number 1: [1]  Atom number 18, atomic number 1: [1]  Atom number 19, atomic number 6: [12]  Atom number 20, atomic number 1: [1]  Atom number 21, atomic number 1: [1]  Atom number 22, atomic number 1: [1]  Atom number 23, atomic number 7: [14]  ---------------------------------------------------------------------
 Center     Atomic                     Coordinates (Angstroms)
 Number     Number                        X           Y           Z
 ---------------------------------------------------------------------
      1          6                    0.640311   -1.442511   -0.134552
      2          6                    1.930283   -0.719252    0.229307
      3          6                    1.894965    0.702916   -0.311950
      4          6                    0.623058    1.406969    0.130235
      5          6                   -0.608428   -0.667333    0.289435
      6          1                    2.757158    1.268758    0.028869
      7          1                    2.039410   -0.692350    1.312013
      8          1                    2.789099   -1.259131   -0.157755
      9          1                    0.599811   -1.595903   -1.210361
     10          1                    0.616893   -2.423901    0.329460
     11          1                    0.647525    1.549517    1.218088
     12          1                    0.582148    2.394894   -0.313523
     13          1                   -0.610794   -0.606647    1.386112
     14          1                    1.928305    0.684299   -1.397785
     15          6                   -1.855471   -1.436718   -0.137888
     16          1                   -1.771533   -2.469943    0.181329
     17          1                   -2.762316   -1.038704    0.299103
     18          1                   -1.960108   -1.422290   -1.218080
     19          6                   -1.751317    1.464952    0.034789
     20          1                   -2.631919    1.038038   -0.422507
     21          1                   -1.932902    1.555285    1.111020
     22          1                   -1.631186    2.463654   -0.366254
     23          7                   -0.572456    0.682927   -0.270616
 ---------------------------------------------------------------------
 Atom     1 has atomic number   6 and mass  12.00000
 Atom     2 has atomic number   6 and mass  12.00000
 Atom     3 has atomic number   6 and mass  12.00000
 Atom     4 has atomic number   6 and mass  12.00000
 Atom     5 has atomic number   6 and mass  12.00000
 Atom     6 has atomic number   1 and mass   1.00783
 Atom     7 has atomic number   1 and mass   1.00783
 Atom     8 has atomic number   1 and mass   1.00783
 Atom     9 has atomic number   1 and mass   1.00783
 Atom    10 has atomic number   1 and mass   1.00783
 Atom    11 has atomic number   1 and mass   1.00783
 Atom    12 has atomic number   1 and mass   1.00783
 Atom    13 has atomic number   1 and mass   1.00783
 Atom    14 has atomic number   1 and mass   1.00783
 Atom    15 has atomic number   6 and mass  12.00000
 Atom    16 has atomic number   1 and mass   1.00783
 Atom    17 has atomic number   1 and mass   1.00783
 Atom    18 has atomic number   1 and mass   1.00783
 Atom    19 has atomic number   6 and mass  12.00000
 Atom    20 has atomic number   1 and mass   1.00783
 Atom    21 has atomic number   1 and mass   1.00783
 Atom    22 has atomic number   1 and mass   2.01410
 Atom    23 has atomic number   7 and mass  14.00307
 Project out gradient direction? [N]  Stoichiometry    C7H15N
 Framework group  C1[X(C7H15N)]
 Deg. of freedom    63
 Full point group                 C1      NOp   1
 Full mass-weighted force constant matrix:
 Low frequencies ---   -0.1806   -0.1468   -0.0005   -0.0005   -0.0005    0.1335
 Low frequencies ---  120.0197  197.3051  210.3368
 Harmonic frequencies (cm**-1), IR intensities (KM/Mole), Raman scattering
 activities (A**4/AMU), depolarization ratios for plane and unpolarized
 incident light, reduced masses (AMU), force constants (mDyne/A),
 and normal coordinates:
                     1                      2                      3
                     A                      A                      A
 Frequencies --   120.0197               197.3051               210.3368
 Red. masses --     2.5628                 2.1968                 1.3041
 Frc consts  --     0.0218                 0.0504                 0.0340
 IR Inten    --     0.4338                 0.6430                 0.1850
  Atom  AN      X      Y      Z        X      Y      Z        X      Y      Z
     1   6     0.01  -0.01   0.13    -0.01  -0.02   0.14     0.00  -0.01   0.03
     2   6    -0.01   0.04   0.10     0.04   0.01  -0.11     0.01   0.00  -0.02
     3   6    -0.02  -0.05  -0.11    -0.05   0.02  -0.10    -0.01   0.00  -0.03
     4   6     0.01   0.01  -0.13     0.01  -0.03   0.14     0.01   0.00   0.01
     5   6    -0.03   0.00  -0.01    -0.03   0.00   0.07     0.01   0.01   0.00
     6   1     0.00   0.00  -0.24     0.01   0.01  -0.25     0.01   0.00  -0.06
     7   1    -0.06   0.20   0.10     0.26   0.03  -0.13     0.05   0.02  -0.02
     8   1     0.01  -0.01   0.22    -0.03   0.00  -0.27     0.00   0.00  -0.04
     9   1     0.08  -0.13   0.14    -0.09  -0.21   0.17     0.00  -0.07   0.04
    10   1    -0.01   0.04   0.23     0.03   0.05   0.30     0.00   0.01   0.08
    11   1     0.08   0.12  -0.15     0.10  -0.21   0.16     0.02  -0.03   0.01
    12   1     0.00  -0.03  -0.23    -0.03   0.04   0.31     0.01   0.01   0.03
    13   1    -0.15  -0.01  -0.01    -0.13  -0.02   0.07    -0.01   0.04   0.00
    14   1    -0.07  -0.21  -0.11    -0.26   0.04  -0.11    -0.05  -0.01  -0.03
    15   6     0.03  -0.02  -0.19     0.02   0.01  -0.10     0.00   0.02   0.01
    16   1     0.02  -0.03  -0.23     0.01  -0.02  -0.19    -0.10   0.08   0.21
    17   1    -0.03  -0.06  -0.28    -0.03  -0.05  -0.15    -0.02   0.17  -0.16
    18   1     0.17   0.04  -0.20     0.13   0.11  -0.11     0.11  -0.17   0.00
    19   6     0.02   0.02   0.19     0.00   0.03  -0.08    -0.03  -0.04  -0.03
    20   1    -0.05   0.06   0.29     0.03  -0.05  -0.08     0.07   0.20  -0.46
    21   1     0.17  -0.04   0.22    -0.08   0.18  -0.11    -0.33  -0.47  -0.04
    22   1    -0.02   0.04   0.23     0.01  -0.03  -0.22     0.15   0.12   0.43
    23   7    -0.03   0.01   0.00     0.02   0.00   0.09     0.01   0.01  -0.01
                     4                      5                      6
                     A                      A                      A
 Frequencies --   249.7089               334.1226               361.1868
 Red. masses --     1.2197                 1.9340                 1.9113
 Frc consts  --     0.0448                 0.1272                 0.1469
 IR Inten    --     0.1932                 2.9079                 1.8301
  Atom  AN      X      Y      Z        X      Y      Z        X      Y      Z
     1   6     0.01  -0.02   0.02    -0.01  -0.04   0.11     0.05   0.00  -0.01
     2   6     0.00   0.01   0.02     0.05  -0.03  -0.09    -0.01   0.08   0.08
     3   6     0.00   0.00  -0.01     0.03   0.05   0.10    -0.05   0.01  -0.07
     4   6     0.01   0.02  -0.02    -0.04  -0.02  -0.02    -0.01  -0.09   0.10
     5   6     0.02  -0.01   0.01    -0.02   0.05  -0.05     0.00  -0.01  -0.11
     6   1     0.01   0.00  -0.04    -0.04   0.03   0.31    -0.01   0.06  -0.24
     7   1    -0.02   0.03   0.02     0.28  -0.16  -0.11    -0.16   0.23   0.09
     8   1     0.02   0.01   0.05    -0.04   0.00  -0.32     0.06   0.06   0.27
     9   1     0.02  -0.04   0.02    -0.05  -0.32   0.15     0.16  -0.06  -0.01
    10   1     0.02  -0.01   0.04    -0.02   0.08   0.36     0.04   0.02   0.04
    11   1     0.02   0.06  -0.03    -0.19  -0.09  -0.01    -0.03  -0.43   0.15
    12   1     0.00   0.00  -0.06     0.00   0.01   0.04    -0.02   0.05   0.42
    13   1     0.03  -0.02   0.01    -0.06   0.19  -0.06     0.02   0.05  -0.12
    14   1    -0.01  -0.03  -0.01     0.21   0.22   0.10    -0.23  -0.08  -0.08
    15   6    -0.03   0.08   0.00    -0.02   0.01   0.01    -0.05  -0.03   0.05
    16   1     0.10  -0.05  -0.49     0.03   0.00  -0.04     0.02  -0.03   0.04
    17   1     0.06  -0.15   0.42     0.00  -0.04   0.08     0.03  -0.04   0.22
    18   1    -0.32   0.56   0.03    -0.09   0.04   0.01    -0.26  -0.04   0.07
    19   6    -0.02  -0.07  -0.02     0.02  -0.02   0.05     0.06   0.04   0.01
    20   1     0.03  -0.06  -0.15    -0.06   0.00   0.20     0.00   0.10   0.07
    21   1    -0.13  -0.19  -0.03     0.23  -0.09   0.10     0.18   0.00   0.03
    22   1    -0.02  -0.03   0.09    -0.06   0.01   0.10     0.09   0.05   0.05
    23   7     0.02  -0.01   0.01    -0.01   0.00  -0.17     0.01   0.00  -0.12
                     7                      8                      9
                     A                      A                      A
 Frequencies --   386.1781               405.0977               463.2350
 Red. masses --     1.9878                 2.8255                 3.1463
 Frc consts  --     0.1747                 0.2732                 0.3978
 IR Inten    --     0.1140                 0.5090                 0.1766
  Atom  AN      X      Y      Z        X      Y      Z        X      Y      Z
     1   6     0.04  -0.05   0.00     0.02  -0.02   0.01     0.16  -0.05  -0.02
     2   6     0.00   0.04   0.01     0.00   0.11  -0.04     0.16  -0.08   0.04
     3   6     0.00   0.04  -0.02     0.02   0.13   0.02    -0.13  -0.09   0.05
     4   6     0.00   0.01   0.01    -0.04  -0.02  -0.06    -0.15  -0.07  -0.03
     5   6     0.03  -0.04  -0.02    -0.06  -0.15   0.06     0.10  -0.03   0.00
     6   1     0.01   0.04  -0.03    -0.06   0.14   0.19    -0.18   0.07  -0.08
     7   1    -0.04   0.09   0.01     0.01   0.11  -0.04     0.27  -0.18   0.03
     8   1     0.05   0.07   0.07     0.01   0.13  -0.04     0.18   0.06  -0.12
     9   1     0.07  -0.09   0.00    -0.01  -0.02   0.01     0.22   0.01  -0.03
    10   1     0.08  -0.04   0.04     0.18  -0.03   0.00     0.07  -0.08  -0.07
    11   1     0.00  -0.01   0.02    -0.04   0.14  -0.08    -0.20   0.03  -0.04
    12   1    -0.06   0.02   0.03    -0.17  -0.08  -0.19    -0.04  -0.10  -0.11
    13   1     0.04  -0.06  -0.02    -0.08  -0.21   0.06     0.16  -0.04   0.00
    14   1    -0.02   0.04  -0.02     0.18   0.22   0.02    -0.20  -0.18   0.05
    15   6    -0.10   0.18  -0.02    -0.13  -0.05  -0.02     0.06   0.12   0.00
    16   1    -0.46   0.23   0.24    -0.24  -0.09  -0.10    -0.15   0.09  -0.05
    17   1    -0.04   0.54  -0.23    -0.08   0.03   0.02     0.14   0.29   0.01
    18   1     0.05  -0.03  -0.04    -0.14   0.06  -0.01     0.06   0.22   0.00
    19   6     0.01  -0.14   0.03     0.14   0.09  -0.02    -0.08   0.14   0.00
    20   1     0.00  -0.27   0.18     0.06   0.35  -0.11    -0.16   0.29   0.00
    21   1     0.12  -0.03   0.04     0.08   0.12  -0.03    -0.06   0.22  -0.01
    22   1    -0.16  -0.19  -0.13     0.48   0.07   0.04     0.13   0.10  -0.04
    23   7     0.05  -0.05   0.00     0.00  -0.14   0.06    -0.13  -0.02   0.00
                    10                     11                     12
                     A                      A                      A
 Frequencies --   490.7770               534.0055               607.9696
 Red. masses --     3.0986                 2.6398                 1.6803
 Frc consts  --     0.4397                 0.4435                 0.3659
 IR Inten    --     0.5001                 1.0127                 0.4067
  Atom  AN      X      Y      Z        X      Y      Z        X      Y      Z
     1   6     0.02   0.21   0.03    -0.08   0.08   0.00    -0.01  -0.06  -0.02
     2   6     0.17   0.02   0.04    -0.09   0.01   0.00    -0.07   0.02  -0.04
     3   6     0.18  -0.03  -0.04    -0.09   0.00   0.00     0.09   0.02  -0.05
     4   6     0.04  -0.18  -0.04    -0.08  -0.07   0.00     0.00  -0.09  -0.03
     5   6    -0.11   0.03   0.06     0.03   0.05   0.16     0.04   0.00   0.02
     6   1     0.06   0.12   0.02    -0.09   0.01  -0.01    -0.03  -0.03   0.32
     7   1     0.28   0.04   0.02    -0.09   0.00   0.00    -0.36   0.20  -0.01
     8   1     0.03  -0.14  -0.04    -0.10   0.00  -0.02     0.04  -0.05   0.30
     9   1     0.02   0.50  -0.01    -0.22   0.38  -0.04    -0.06  -0.28   0.01
    10   1     0.03   0.07  -0.26    -0.06  -0.03  -0.26     0.03   0.03   0.19
    11   1     0.09  -0.34  -0.02    -0.17  -0.19   0.01     0.10  -0.29   0.00
    12   1     0.03  -0.10   0.13    -0.10  -0.03   0.10    -0.03   0.00   0.18
    13   1    -0.18   0.06   0.06     0.05   0.19   0.15     0.13  -0.02   0.02
    14   1     0.28  -0.06  -0.04    -0.11   0.00   0.00     0.41   0.21  -0.04
    15   6    -0.11   0.01  -0.02     0.14   0.09   0.00     0.09   0.05   0.01
    16   1    -0.16   0.00  -0.03     0.10   0.04  -0.15     0.03   0.03  -0.03
    17   1    -0.11   0.03  -0.05     0.04   0.02  -0.15     0.08   0.07  -0.03
    18   1    -0.06   0.04  -0.02     0.39   0.26  -0.02     0.16   0.11   0.01
    19   6    -0.09  -0.03   0.00     0.12  -0.07  -0.01    -0.09   0.05   0.01
    20   1    -0.07  -0.05   0.00     0.03   0.03   0.07    -0.08   0.08  -0.02
    21   1    -0.10  -0.05   0.00     0.25  -0.12   0.02    -0.13   0.09   0.00
    22   1    -0.13  -0.02   0.01     0.19  -0.06   0.05    -0.03   0.04  -0.02
    23   7    -0.08  -0.04  -0.01     0.02  -0.11  -0.11    -0.06  -0.01   0.03
                    13                     14                     15
                     A                      A                      A
 Frequencies --   789.2451               902.5042               906.4233
 Red. masses --     2.6533                 1.7374                 1.8206
 Frc consts  --     0.9738                 0.8338                 0.8813
 IR Inten    --     7.7255                 3.6580                 0.9749
  Atom  AN      X      Y      Z        X      Y      Z        X      Y      Z
     1   6     0.04  -0.15   0.00    -0.06   0.05  -0.05     0.03  -0.04  -0.08
     2   6     0.02  -0.02   0.01     0.02  -0.01  -0.01     0.14  -0.03  -0.05
     3   6     0.04   0.04  -0.02     0.15   0.04   0.04    -0.03  -0.01   0.01
     4   6     0.05   0.12   0.03     0.01   0.04   0.07    -0.05  -0.05   0.02
     5   6     0.00  -0.10   0.18    -0.01  -0.02   0.00    -0.06   0.12   0.06
     6   1     0.14  -0.05  -0.10     0.34   0.05  -0.45    -0.12   0.13   0.01
     7   1    -0.04   0.02   0.01    -0.16  -0.12   0.01    -0.32   0.14   0.00
     8   1     0.10   0.05   0.09    -0.02  -0.15   0.10     0.37   0.03   0.40
     9   1    -0.09   0.19  -0.04    -0.13  -0.27   0.00    -0.14  -0.23  -0.05
    10   1     0.17  -0.31  -0.31    -0.02   0.19   0.24    -0.01   0.05   0.11
    11   1    -0.03  -0.05   0.04    -0.20   0.22   0.04    -0.11   0.14   0.00
    12   1     0.06   0.18   0.16    -0.03  -0.04  -0.11     0.03  -0.12  -0.16
    13   1     0.04   0.10   0.15     0.09  -0.02   0.00     0.01   0.17   0.06
    14   1    -0.05   0.03  -0.02    -0.33  -0.15   0.02    -0.09   0.11   0.01
    15   6    -0.07  -0.06   0.01     0.03   0.00   0.02    -0.08   0.00   0.01
    16   1    -0.27  -0.15  -0.21    -0.06  -0.02  -0.04     0.14   0.00  -0.04
    17   1    -0.15  -0.04  -0.19     0.03   0.06  -0.03    -0.29  -0.27  -0.17
    18   1     0.24   0.19  -0.01     0.10   0.09   0.01     0.14  -0.02  -0.02
    19   6    -0.06   0.09  -0.02    -0.06  -0.01   0.01     0.06  -0.03  -0.01
    20   1    -0.10   0.06   0.07    -0.17   0.14   0.06     0.11  -0.10  -0.02
    21   1     0.07  -0.04   0.01     0.03   0.05   0.02     0.05  -0.07  -0.01
    22   1    -0.29   0.18   0.11     0.16  -0.06  -0.02    -0.02  -0.01   0.01
    23   7     0.02   0.04  -0.15    -0.06  -0.08  -0.05     0.01   0.03   0.03
                    16                     17                     18
                     A                      A                      A
 Frequencies --   920.8227               981.3418               990.3166
 Red. masses --     2.4252                 1.9239                 1.5768
 Frc consts  --     1.2116                 1.0916                 0.9111
 IR Inten    --     0.5297                 3.6279                 5.6548
  Atom  AN      X      Y      Z        X      Y      Z        X      Y      Z
     1   6     0.07   0.12  -0.03    -0.09  -0.07  -0.07     0.04   0.01  -0.05
     2   6    -0.09   0.14  -0.09     0.01   0.04   0.10    -0.04   0.04   0.03
     3   6    -0.06  -0.12   0.11     0.02   0.11   0.04    -0.02  -0.04   0.02
     4   6     0.08  -0.12   0.01     0.01  -0.09  -0.08     0.04   0.05  -0.05
     5   6     0.02  -0.05   0.04    -0.03  -0.01  -0.01     0.03   0.05   0.03
     6   1    -0.01  -0.17   0.03    -0.05   0.39  -0.25    -0.01  -0.06   0.03
     7   1    -0.13   0.04  -0.08     0.20  -0.33   0.09     0.09  -0.20   0.02
     8   1    -0.08   0.19  -0.11    -0.06   0.16  -0.24    -0.05   0.19  -0.21
     9   1     0.00  -0.17   0.02    -0.02  -0.22  -0.05     0.12  -0.18  -0.03
    10   1     0.33   0.24   0.25    -0.13  -0.01   0.07     0.08   0.10   0.14
    11   1    -0.02   0.15  -0.02     0.10  -0.19  -0.06     0.14  -0.27  -0.01
    12   1     0.29  -0.23  -0.26    -0.13  -0.05   0.04     0.06   0.18   0.24
    13   1     0.09  -0.04   0.03     0.12  -0.10   0.00     0.28   0.11   0.02
    14   1    -0.18  -0.12   0.10    -0.08  -0.28   0.04     0.13  -0.25   0.03
    15   6    -0.01  -0.03   0.01     0.02   0.03   0.03    -0.08  -0.03   0.03
    16   1    -0.20  -0.07  -0.08     0.15   0.04   0.00    -0.07  -0.09  -0.15
    17   1     0.01   0.09  -0.05    -0.07  -0.09  -0.06    -0.26  -0.16  -0.21
    18   1     0.07   0.10   0.00     0.15   0.03   0.01     0.22   0.10  -0.01
    19   6     0.00   0.06  -0.02     0.04   0.05  -0.02    -0.02  -0.06   0.04
    20   1     0.04  -0.06   0.01     0.13  -0.11  -0.04    -0.03   0.04  -0.04
    21   1     0.02  -0.06  -0.01    -0.04  -0.05  -0.02    -0.08   0.06   0.02
    22   1    -0.32   0.15   0.08    -0.30   0.14   0.07     0.31  -0.17  -0.11
    23   7     0.03   0.00  -0.03     0.04  -0.01   0.04    -0.04   0.04  -0.01
                    19                     20                     21
                     A                      A                      A
 Frequencies --  1023.1175              1080.8156              1095.4716
 Red. masses --     1.9675                 1.7643                 1.2491
 Frc consts  --     1.2134                 1.2143                 0.8831
 IR Inten    --     4.5518                 1.3000                 0.8752
  Atom  AN      X      Y      Z        X      Y      Z        X      Y      Z
     1   6    -0.01   0.14   0.00     0.13   0.02  -0.01    -0.01  -0.01   0.02
     2   6     0.02  -0.11   0.02    -0.08  -0.03  -0.01    -0.03   0.00   0.03
     3   6    -0.01   0.01  -0.05     0.07  -0.04  -0.03     0.02   0.01  -0.05
     4   6    -0.10   0.05  -0.02    -0.11   0.06   0.00     0.00  -0.05   0.06
     5   6     0.10  -0.03   0.01    -0.06   0.01   0.02     0.01   0.01  -0.07
     6   1    -0.10   0.09   0.04     0.22  -0.25  -0.04     0.02  -0.06   0.07
     7   1    -0.10  -0.12   0.03    -0.04  -0.14  -0.02     0.26   0.23  -0.01
     8   1    -0.08  -0.33   0.11    -0.17  -0.12  -0.08    -0.20  -0.19  -0.08
     9   1     0.01  -0.13   0.04     0.24  -0.05  -0.01     0.38   0.06  -0.01
    10   1    -0.17   0.25   0.24     0.39   0.03   0.04    -0.15  -0.05  -0.06
    11   1    -0.05  -0.09   0.00    -0.14  -0.05   0.02    -0.08   0.24   0.02
    12   1    -0.20   0.11   0.14    -0.33   0.10   0.12     0.00  -0.17  -0.21
    13   1     0.27  -0.06   0.01    -0.10  -0.07   0.03     0.34   0.04  -0.06
    14   1     0.11   0.03  -0.05     0.12  -0.17  -0.02    -0.03   0.28  -0.05
    15   6    -0.03  -0.10   0.00    -0.02   0.08   0.00    -0.04   0.01   0.06
    16   1    -0.44  -0.18  -0.15     0.36   0.14   0.11     0.04  -0.04  -0.13
    17   1     0.08   0.20  -0.05    -0.16  -0.22  -0.02    -0.23  -0.15  -0.20
    18   1     0.01   0.14   0.00     0.02  -0.13  -0.01     0.31   0.13   0.02
    19   6     0.09   0.01  -0.03     0.05   0.01  -0.05    -0.01   0.01   0.00
    20   1     0.14  -0.10  -0.03     0.02  -0.02   0.05     0.00   0.00   0.00
    21   1     0.05  -0.07  -0.02     0.14  -0.06  -0.02    -0.01   0.01   0.00
    22   1    -0.18   0.09   0.06    -0.14   0.10   0.10    -0.02   0.01   0.00
    23   7     0.02   0.04   0.03    -0.01  -0.03   0.04     0.01  -0.01   0.00
                    22                     23                     24
                     A                      A                      A
 Frequencies --  1140.3703              1160.5787              1177.4976
 Red. masses --     1.8199                 1.7574                 2.2946
 Frc consts  --     1.3944                 1.3947                 1.8745
 IR Inten    --     1.4366                 5.7265                12.2068
  Atom  AN      X      Y      Z        X      Y      Z        X      Y      Z
     1   6     0.09   0.00   0.05    -0.03  -0.07   0.03    -0.04  -0.01   0.03
     2   6    -0.09  -0.08  -0.03    -0.01   0.08  -0.03    -0.01   0.05  -0.01
     3   6     0.01   0.11   0.02     0.10  -0.05   0.03     0.03  -0.02   0.01
     4   6     0.01  -0.09  -0.04    -0.11  -0.03  -0.01    -0.04  -0.03   0.00
     5   6     0.07   0.04   0.02     0.01   0.02  -0.03     0.21   0.10   0.04
     6   1    -0.06   0.33  -0.18     0.28  -0.24  -0.12     0.16  -0.20  -0.03
     7   1    -0.24  -0.26   0.00     0.06   0.17  -0.04     0.05   0.09  -0.01
     8   1    -0.23  -0.33   0.04     0.06   0.19  -0.04     0.10   0.25  -0.05
     9   1     0.01   0.13   0.04    -0.10   0.10   0.00    -0.21   0.12   0.02
    10   1     0.34  -0.07  -0.07    -0.03  -0.14  -0.13    -0.32  -0.02  -0.02
    11   1    -0.07  -0.04  -0.04    -0.33  -0.01   0.00    -0.09  -0.04   0.00
    12   1     0.07  -0.10  -0.08    -0.17  -0.03   0.00    -0.22  -0.04   0.00
    13   1    -0.02   0.18   0.01    -0.01   0.18  -0.04     0.34   0.06   0.05
    14   1    -0.26   0.11   0.01     0.00  -0.19   0.02     0.01  -0.11   0.01
    15   6    -0.05   0.00  -0.04     0.02  -0.04   0.01    -0.10  -0.02  -0.10
    16   1     0.03   0.02   0.03    -0.20  -0.08  -0.07     0.07   0.04   0.08
    17   1    -0.05  -0.07   0.01     0.09   0.13   0.00    -0.11  -0.18   0.03
    18   1    -0.14  -0.12  -0.03     0.01   0.10   0.01    -0.35  -0.31  -0.08
    19   6    -0.03   0.03   0.08     0.08   0.01   0.08    -0.09   0.04  -0.02
    20   1     0.13  -0.05  -0.16     0.35  -0.17  -0.26    -0.19   0.10   0.12
    21   1    -0.29   0.07   0.03    -0.33  -0.02   0.01     0.08   0.09  -0.01
    22   1     0.06  -0.08  -0.14    -0.04  -0.07  -0.16    -0.03   0.09   0.10
    23   7     0.05   0.03  -0.02    -0.03   0.08   0.01     0.09  -0.09   0.03
                    25                     26                     27
                     A                      A                      A
 Frequencies --  1217.9577              1249.9560              1269.3333
 Red. masses --     1.8951                 1.8692                 1.7562
 Frc consts  --     1.6564                 1.7207                 1.6672
 IR Inten    --    10.2326                19.6231                17.0105
  Atom  AN      X      Y      Z        X      Y      Z        X      Y      Z
     1   6    -0.06   0.07  -0.01    -0.07  -0.03   0.01    -0.03   0.00  -0.04
     2   6     0.07  -0.01   0.00     0.01   0.07  -0.01     0.02   0.04   0.05
     3   6    -0.05  -0.04   0.01     0.06  -0.05   0.02     0.00  -0.05  -0.10
     4   6     0.00   0.06  -0.03    -0.07  -0.02  -0.02    -0.08  -0.01   0.12
     5   6     0.01  -0.13   0.02     0.06  -0.08   0.04     0.00  -0.03   0.00
     6   1    -0.03  -0.10   0.07    -0.13   0.30  -0.07    -0.23   0.18   0.14
     7   1     0.06   0.20   0.00     0.12   0.21  -0.02     0.03  -0.22   0.06
     8   1     0.04  -0.13   0.10    -0.22  -0.32   0.01    -0.08  -0.03  -0.08
     9   1    -0.05  -0.05   0.01    -0.12   0.01   0.00    -0.29  -0.08  -0.01
    10   1    -0.07   0.12   0.10     0.22  -0.06  -0.04     0.30   0.03   0.04
    11   1    -0.17  -0.12  -0.01    -0.24  -0.03   0.00     0.17   0.32   0.08
    12   1     0.08   0.14   0.13     0.42   0.03   0.03    -0.24  -0.15  -0.17
    13   1     0.13  -0.37   0.03     0.19  -0.25   0.04    -0.11   0.16  -0.03
    14   1    -0.03   0.08   0.01     0.00  -0.10   0.02     0.44  -0.28  -0.08
    15   6    -0.03   0.08  -0.01    -0.02   0.03  -0.03     0.00   0.00   0.01
    16   1     0.35   0.13   0.09     0.12   0.06   0.06     0.00  -0.01  -0.01
    17   1    -0.15  -0.22   0.00    -0.04  -0.10   0.03     0.00   0.01  -0.01
    18   1     0.06  -0.15  -0.01    -0.06  -0.14  -0.02     0.02   0.01   0.01
    19   6     0.00   0.06   0.11     0.00  -0.05  -0.07    -0.06   0.02   0.04
    20   1     0.20   0.01  -0.25    -0.09  -0.08   0.15    -0.03   0.03  -0.02
    21   1    -0.41   0.04   0.03     0.27  -0.01  -0.01    -0.07   0.03   0.03
    22   1    -0.08  -0.05  -0.18     0.15  -0.01   0.11     0.07  -0.03  -0.06
    23   7     0.06  -0.05  -0.08    -0.03   0.16   0.02     0.12   0.02  -0.06
                    28                     29                     30
                     A                      A                      A
 Frequencies --  1287.5972              1341.1322              1370.5116
 Red. masses --     2.1490                 2.2436                 1.5629
 Frc consts  --     2.0992                 2.3776                 1.7296
 IR Inten    --     5.3806                21.6172                 9.5282
  Atom  AN      X      Y      Z        X      Y      Z        X      Y      Z
     1   6     0.02  -0.03  -0.13     0.02   0.00   0.08    -0.04  -0.05  -0.03
     2   6    -0.04   0.00   0.11    -0.01   0.01  -0.01     0.03   0.04  -0.02
     3   6     0.01   0.01  -0.08     0.00   0.02  -0.04    -0.02  -0.05   0.06
     4   6     0.02  -0.02   0.06     0.05   0.02   0.09     0.03   0.08   0.00
     5   6    -0.01   0.06   0.18     0.09  -0.05  -0.04     0.00   0.08  -0.01
     6   1     0.01  -0.08   0.08    -0.07   0.12   0.01    -0.20   0.26   0.00
     7   1     0.30   0.01   0.07    -0.21  -0.30   0.02     0.17   0.37  -0.05
     8   1    -0.13   0.03  -0.17     0.08   0.15  -0.01    -0.23  -0.44   0.06
     9   1     0.25  -0.29  -0.09    -0.34   0.20   0.07     0.02  -0.05  -0.04
    10   1    -0.12   0.09   0.12    -0.06  -0.05  -0.05     0.31  -0.06  -0.05
    11   1    -0.14   0.14   0.03     0.30   0.21   0.05     0.16  -0.05   0.01
    12   1     0.17  -0.08  -0.10     0.16  -0.06  -0.10    -0.03   0.11   0.10
    13   1     0.02  -0.06   0.18     0.31   0.03  -0.05     0.12   0.34  -0.03
    14   1     0.04   0.26  -0.08     0.21  -0.16  -0.03     0.01  -0.16   0.07
    15   6     0.02  -0.02  -0.10    -0.04   0.04  -0.02     0.01  -0.03  -0.02
    16   1    -0.07   0.05   0.16     0.18   0.06   0.00    -0.06  -0.02   0.01
    17   1     0.19   0.07   0.19    -0.12  -0.14  -0.03     0.07   0.08   0.01
    18   1    -0.39  -0.17  -0.06    -0.01  -0.14  -0.02    -0.11   0.02  -0.01
    19   6     0.05   0.00   0.03     0.13  -0.01   0.00     0.04   0.01   0.01
    20   1     0.13  -0.04  -0.10     0.12   0.09  -0.11    -0.03   0.22  -0.06
    21   1    -0.08  -0.11   0.01    -0.02  -0.18  -0.01    -0.08  -0.04   0.00
    22   1    -0.03  -0.04  -0.09    -0.17   0.00  -0.09    -0.16   0.01  -0.05
    23   7    -0.08   0.01  -0.06    -0.21  -0.02  -0.02    -0.03  -0.11   0.03
                    31                     32                     33
                     A                      A                      A
 Frequencies --  1398.0424              1419.0694              1431.7963
 Red. masses --     1.2685                 1.2348                 1.2005
 Frc consts  --     1.4607                 1.4650                 1.4500
 IR Inten    --     8.9308                18.1892                12.7738
  Atom  AN      X      Y      Z        X      Y      Z        X      Y      Z
     1   6     0.01   0.00   0.03    -0.03   0.01  -0.01     0.00   0.00   0.00
     2   6    -0.03  -0.01  -0.10     0.03  -0.02   0.01     0.00   0.00  -0.02
     3   6     0.02   0.00   0.04    -0.02   0.03   0.06    -0.01   0.00   0.00
     4   6    -0.02   0.00   0.03     0.00  -0.04  -0.02     0.02   0.02   0.02
     5   6    -0.03   0.01   0.06    -0.01  -0.04   0.02    -0.01  -0.02   0.01
     6   1    -0.11   0.28  -0.08     0.19  -0.27   0.02    -0.05   0.07  -0.01
     7   1    -0.14   0.13  -0.09     0.11   0.16   0.00    -0.03   0.02  -0.02
     8   1     0.05   0.02   0.05     0.00  -0.11   0.07     0.00  -0.02   0.01
     9   1     0.54   0.03   0.00    -0.07  -0.04   0.00     0.12  -0.01   0.00
    10   1    -0.39  -0.02  -0.04     0.20   0.01   0.00    -0.06   0.00  -0.01
    11   1     0.23   0.08   0.02     0.59   0.04  -0.03     0.03   0.03   0.02
    12   1    -0.11  -0.03  -0.02    -0.48  -0.08  -0.04    -0.02   0.00  -0.02
    13   1     0.05  -0.23   0.07     0.25   0.06   0.01     0.08   0.17  -0.01
    14   1     0.16  -0.41   0.05    -0.20   0.09   0.05     0.08  -0.11   0.01
    15   6     0.01   0.00  -0.01     0.00   0.01  -0.03     0.00   0.01  -0.02
    16   1    -0.02   0.01   0.04     0.03   0.04   0.04    -0.01   0.02   0.03
    17   1     0.03   0.00   0.05     0.03  -0.02   0.05     0.02  -0.02   0.05
    18   1    -0.04  -0.02  -0.01    -0.05  -0.07  -0.02    -0.02  -0.04  -0.01
    19   6    -0.01   0.01   0.01    -0.01   0.00  -0.01     0.01  -0.03  -0.02
    20   1     0.00   0.03  -0.03     0.05  -0.13   0.01     0.19  -0.44   0.07
    21   1     0.05  -0.17   0.03     0.08  -0.09   0.01    -0.27   0.69  -0.10
    22   1     0.03  -0.03  -0.08     0.09  -0.01  -0.01     0.08   0.09   0.31
    23   7     0.02   0.02  -0.04    -0.03   0.07  -0.03    -0.03  -0.03  -0.04
                    34                     35                     36
                     A                      A                      A
 Frequencies --  1455.0094              1479.0307              1491.3563
 Red. masses --     1.2759                 1.3859                 1.3348
 Frc consts  --     1.5914                 1.7862                 1.7491
 IR Inten    --     1.9769                 6.3366                 5.3941
  Atom  AN      X      Y      Z        X      Y      Z        X      Y      Z
     1   6    -0.09   0.01   0.05    -0.01   0.02  -0.01    -0.02  -0.01   0.01
     2   6     0.01  -0.03  -0.01    -0.02  -0.02   0.00     0.08   0.09  -0.02
     3   6     0.01  -0.02  -0.03     0.03  -0.01   0.01    -0.05   0.06  -0.01
     4   6     0.02   0.01   0.00    -0.02  -0.02  -0.01    -0.05  -0.01  -0.01
     5   6    -0.08   0.03  -0.01     0.01  -0.06   0.03    -0.04  -0.04   0.01
     6   1    -0.05   0.06   0.00     0.00   0.04  -0.02     0.21  -0.38   0.03
     7   1    -0.11  -0.18   0.01     0.01   0.03  -0.01    -0.22  -0.36   0.03
     8   1     0.23   0.29   0.03     0.06   0.12  -0.02    -0.13  -0.31   0.06
     9   1     0.24   0.07   0.03     0.12  -0.04   0.00     0.22  -0.04   0.00
    10   1     0.47  -0.05  -0.04    -0.09   0.03   0.01    -0.17  -0.04  -0.06
    11   1    -0.23  -0.01   0.01     0.08   0.01  -0.01     0.04  -0.04  -0.01
    12   1    -0.04   0.01   0.01    -0.09  -0.03  -0.02     0.37   0.00  -0.02
    13   1     0.60  -0.10   0.01    -0.06   0.25   0.00     0.17   0.40  -0.01
    14   1     0.03   0.10  -0.03    -0.09   0.09   0.00     0.10  -0.10  -0.01
    15   6     0.01  -0.03  -0.04    -0.02   0.00  -0.01     0.00   0.00  -0.03
    16   1     0.03   0.03   0.10     0.14   0.02   0.02     0.06   0.04   0.09
    17   1     0.13   0.12   0.07     0.03   0.03   0.05     0.09   0.04   0.11
    18   1    -0.05   0.06  -0.03     0.05  -0.03  -0.01     0.03   0.01  -0.03
    19   6     0.00  -0.01   0.00     0.05  -0.11   0.01    -0.01   0.01   0.00
    20   1    -0.04   0.06   0.00    -0.26   0.68  -0.16    -0.04   0.03   0.02
    21   1     0.00   0.00   0.00    -0.07   0.43  -0.05     0.02  -0.08   0.01
    22   1    -0.01  -0.01   0.00    -0.21  -0.08   0.04     0.00   0.00  -0.03
    23   7     0.02   0.00   0.01     0.02   0.07   0.00     0.03  -0.01   0.03
                    37                     38                     39
                     A                      A                      A
 Frequencies --  1504.1809              1514.7459              1529.9462
 Red. masses --     1.3722                 1.5002                 1.4247
 Frc consts  --     1.8292                 2.0281                 1.9648
 IR Inten    --    14.8784                 0.1739                 0.6677
  Atom  AN      X      Y      Z        X      Y      Z        X      Y      Z
     1   6    -0.01   0.04  -0.02     0.03   0.03  -0.02     0.13  -0.02   0.01
     2   6    -0.05  -0.06   0.01    -0.04  -0.12   0.00    -0.02   0.04   0.00
     3   6     0.06  -0.05   0.00    -0.06   0.14   0.00     0.02  -0.04   0.00
     4   6    -0.04   0.02  -0.01     0.01  -0.04   0.01     0.04   0.01  -0.01
     5   6     0.01  -0.11   0.00    -0.03  -0.01  -0.01    -0.09  -0.01   0.00
     6   1    -0.11   0.25  -0.06     0.17  -0.16  -0.06    -0.13   0.13   0.06
     7   1     0.07   0.15  -0.01     0.26   0.47  -0.04     0.01  -0.02   0.00
     8   1     0.15   0.31  -0.06     0.09   0.07   0.03    -0.15  -0.13  -0.04
     9   1     0.12  -0.04  -0.01    -0.23  -0.06   0.01    -0.43   0.03   0.02
    10   1    -0.05   0.07   0.04     0.13   0.04   0.01    -0.40  -0.01   0.00
    11   1     0.07   0.04   0.00    -0.18   0.03   0.01    -0.15   0.01   0.00
    12   1     0.14   0.08   0.09     0.26  -0.05  -0.04    -0.24   0.02   0.04
    13   1    -0.03   0.66  -0.05     0.11   0.06  -0.01     0.36  -0.01   0.01
    14   1    -0.09   0.17  -0.01     0.31  -0.50   0.02    -0.10   0.05   0.00
    15   6    -0.02   0.02  -0.03    -0.02  -0.01  -0.01    -0.04  -0.04  -0.04
    16   1     0.11   0.05   0.06     0.11   0.03   0.08     0.22   0.09   0.27
    17   1     0.05  -0.01   0.14     0.06   0.09   0.05     0.16   0.17   0.17
    18   1     0.11  -0.05  -0.03     0.07   0.08  -0.02     0.19   0.25  -0.05
    19   6    -0.02   0.05  -0.01     0.00  -0.01   0.00    -0.01   0.00   0.00
    20   1     0.05  -0.22   0.10    -0.04   0.05   0.01    -0.02  -0.02   0.02
    21   1     0.03  -0.27   0.03     0.00   0.00   0.00     0.01  -0.02   0.01
    22   1     0.07   0.03  -0.05    -0.01  -0.01   0.00     0.03  -0.01   0.00
    23   7     0.00  -0.02   0.03     0.01   0.00   0.01     0.02   0.01   0.00
                    40                     41                     42
                     A                      A                      A
 Frequencies --  1540.7319              1551.6162              1601.6384
 Red. masses --     1.4054                 1.5883                 1.1023
 Frc consts  --     1.9656                 2.2529                 1.6660
 IR Inten    --    12.8498                20.5780                 2.0107
  Atom  AN      X      Y      Z        X      Y      Z        X      Y      Z
     1   6     0.05   0.01   0.00    -0.06   0.01   0.00     0.00  -0.06  -0.03
     2   6     0.00   0.00   0.00     0.04   0.01  -0.01     0.00   0.01  -0.01
     3   6    -0.01   0.00   0.00    -0.06   0.01  -0.01    -0.04  -0.02   0.03
     4   6     0.06  -0.01  -0.01     0.16  -0.03   0.00     0.01   0.00   0.00
     5   6    -0.08  -0.06   0.00     0.09  -0.04   0.01    -0.01   0.00   0.00
     6   1    -0.05   0.03   0.04    -0.06  -0.03   0.06     0.09   0.03  -0.35
     7   1    -0.01   0.03  -0.01    -0.15   0.00   0.01     0.07  -0.03  -0.01
     8   1    -0.03  -0.03  -0.01    -0.05  -0.10  -0.05     0.00  -0.05   0.07
     9   1    -0.12  -0.01   0.01     0.24  -0.08   0.00     0.02   0.53  -0.11
    10   1    -0.16   0.01   0.00     0.05  -0.02  -0.05     0.00   0.21   0.50
    11   1    -0.28   0.04   0.00    -0.53   0.07   0.00    -0.03  -0.06   0.01
    12   1    -0.17   0.01   0.05    -0.54  -0.04   0.04    -0.05  -0.03  -0.05
    13   1     0.28   0.25  -0.02    -0.27   0.17   0.00     0.02   0.03   0.00
    14   1     0.03  -0.08   0.00     0.11  -0.15   0.01     0.32   0.18   0.03
    15   6     0.11   0.08   0.02    -0.05   0.00  -0.01    -0.01   0.01   0.00
    16   1    -0.37  -0.06  -0.25     0.12   0.03   0.04     0.05  -0.04  -0.16
    17   1    -0.17  -0.30  -0.18     0.05   0.02   0.15     0.08   0.10   0.09
    18   1    -0.39  -0.36   0.06     0.20  -0.01  -0.03     0.10  -0.18  -0.01
    19   6     0.00  -0.01   0.00     0.00   0.01  -0.02    -0.01   0.00   0.00
    20   1    -0.07   0.08   0.04    -0.04  -0.03   0.09     0.03   0.00  -0.06
    21   1    -0.01  -0.06   0.00     0.00  -0.14   0.01     0.07   0.01   0.01
    22   1     0.00  -0.01  -0.02     0.03   0.00  -0.03     0.00   0.00   0.00
    23   7     0.02   0.02   0.02    -0.05   0.04   0.02     0.00   0.01   0.00
                    43                     44                     45
                     A                      A                      A
 Frequencies --  1607.4864              1610.3657              1618.8646
 Red. masses --     1.0808                 1.0779                 1.0817
 Frc consts  --     1.6455                 1.6469                 1.6702
 IR Inten    --     0.9527                 8.6603                 7.9730
  Atom  AN      X      Y      Z        X      Y      Z        X      Y      Z
     1   6     0.00  -0.01  -0.01    -0.01  -0.02  -0.01     0.01   0.03   0.01
     2   6    -0.03   0.01  -0.02    -0.02   0.01  -0.02    -0.02   0.01  -0.01
     3   6     0.04   0.03  -0.04     0.01   0.01  -0.01    -0.01  -0.02   0.01
     4   6     0.01   0.00   0.00     0.00   0.00   0.00    -0.01   0.03   0.02
     5   6    -0.01   0.01   0.00     0.01  -0.02   0.00    -0.01   0.02   0.00
     6   1    -0.13  -0.04   0.45    -0.03  -0.02   0.13     0.04   0.04  -0.18
     7   1     0.29  -0.18  -0.04     0.24  -0.14  -0.04     0.15  -0.07  -0.02
     8   1     0.11  -0.04   0.32     0.10  -0.02   0.27     0.03  -0.01   0.15
     9   1     0.03   0.11  -0.03     0.05   0.24  -0.05    -0.05  -0.27   0.05
    10   1     0.00   0.05   0.11     0.02   0.10   0.22    -0.03  -0.11  -0.26
    11   1    -0.04   0.02   0.00     0.00  -0.06   0.00     0.03  -0.32   0.05
    12   1     0.03   0.02   0.02    -0.02  -0.03  -0.07    -0.03  -0.12  -0.30
    13   1     0.00   0.01   0.00    -0.06   0.01  -0.01     0.03  -0.06   0.01
    14   1    -0.37  -0.28  -0.03    -0.11  -0.09  -0.01     0.14   0.12   0.01
    15   6    -0.02   0.01   0.01     0.02  -0.01  -0.01    -0.02   0.02   0.01
    16   1     0.07  -0.07  -0.28    -0.09   0.08   0.31     0.00  -0.07  -0.27
    17   1     0.11   0.16   0.13    -0.11  -0.18  -0.10     0.12   0.09   0.20
    18   1     0.14  -0.29  -0.01    -0.11   0.30   0.01     0.20  -0.31  -0.02
    19   6    -0.02   0.00   0.01     0.05   0.00  -0.02     0.03   0.00  -0.02
    20   1     0.07  -0.02  -0.13    -0.20   0.04   0.40    -0.15   0.01   0.30
    21   1     0.14   0.04   0.03    -0.42  -0.13  -0.07    -0.31  -0.11  -0.05
    22   1     0.00   0.00   0.00     0.02   0.01  -0.01     0.02   0.00  -0.01
    23   7     0.00  -0.01   0.00     0.00   0.02   0.00     0.01   0.01   0.00
                    46                     47                     48
                     A                      A                      A
 Frequencies --  1621.3891              1630.1047              1634.2363
 Red. masses --     1.0997                 1.0591                 1.0997
 Frc consts  --     1.7034                 1.6581                 1.7304
 IR Inten    --     0.8750                 4.4494                 2.3690
  Atom  AN      X      Y      Z        X      Y      Z        X      Y      Z
     1   6     0.00  -0.02  -0.01     0.00   0.01   0.00     0.00   0.01   0.01
     2   6     0.04  -0.02   0.03    -0.02   0.01  -0.01    -0.03   0.02  -0.01
     3   6     0.02   0.01  -0.01    -0.01  -0.01   0.01    -0.02  -0.01   0.01
     4   6    -0.02  -0.03  -0.01     0.01  -0.01   0.00     0.00  -0.06  -0.03
     5   6    -0.02   0.02   0.01     0.01  -0.02   0.02     0.00   0.02  -0.01
     6   1    -0.01  -0.05   0.16     0.01   0.02  -0.10     0.05   0.00  -0.20
     7   1    -0.34   0.20   0.05     0.13  -0.10  -0.02     0.22  -0.15  -0.03
     8   1    -0.12   0.03  -0.37     0.04  -0.02   0.16     0.07  -0.03   0.25
     9   1    -0.01   0.15  -0.03     0.03  -0.09   0.02    -0.03  -0.12   0.02
    10   1     0.02   0.04   0.14    -0.06  -0.03  -0.07     0.00  -0.05  -0.12
    11   1     0.07   0.22  -0.04    -0.03   0.06  -0.01     0.03   0.56  -0.10
    12   1     0.07   0.08   0.20    -0.04   0.02   0.06     0.03   0.20   0.53
    13   1     0.05  -0.08   0.01     0.01   0.07   0.01    -0.01  -0.08  -0.01
    14   1    -0.16  -0.09  -0.01     0.09   0.06   0.01     0.15   0.13   0.01
    15   6    -0.02   0.00   0.02     0.00  -0.03   0.04    -0.01   0.01  -0.01
    16   1     0.13  -0.07  -0.24     0.48  -0.04  -0.17    -0.12  -0.01  -0.01
    17   1     0.08   0.21   0.00    -0.05   0.44  -0.50     0.03  -0.09   0.15
    18   1     0.03  -0.19   0.00    -0.40   0.08   0.06     0.14  -0.06  -0.02
    19   6     0.04   0.00  -0.02     0.00   0.00   0.00     0.01   0.00   0.00
    20   1    -0.16   0.01   0.34     0.00  -0.06   0.05    -0.04   0.03   0.07
    21   1    -0.37  -0.09  -0.06    -0.02  -0.03   0.00    -0.09   0.01  -0.02
    22   1     0.02   0.00   0.00     0.02   0.01   0.00    -0.01   0.00   0.01
    23   7     0.01   0.00  -0.01     0.00   0.01   0.00     0.00  -0.01  -0.01
                    49                     50                     51
                     A                      A                      A
 Frequencies --  2360.7694              3022.6813              3042.0359
 Red. masses --     2.2830                 1.0808                 1.0750
 Frc consts  --     7.4967                 5.8178                 5.8611
 IR Inten    --    26.6878                30.1772                81.9547
  Atom  AN      X      Y      Z        X      Y      Z        X      Y      Z
     1   6     0.00   0.00   0.00     0.00   0.00   0.00     0.00   0.00   0.00
     2   6     0.00   0.00   0.00     0.00   0.00   0.00     0.00   0.00   0.00
     3   6     0.00   0.00   0.00     0.00   0.00   0.00     0.00   0.00   0.00
     4   6     0.00   0.00   0.00     0.00   0.00   0.02     0.00  -0.01  -0.07
     5   6     0.00   0.00   0.00     0.00  -0.01  -0.08     0.00   0.00  -0.02
     6   1     0.00   0.00   0.00     0.01   0.01   0.00    -0.03  -0.03  -0.02
     7   1     0.00   0.00   0.00     0.00   0.00  -0.02     0.00   0.00  -0.04
     8   1     0.00   0.00   0.00     0.00   0.00   0.00     0.00   0.00   0.01
     9   1     0.00   0.00   0.00     0.00  -0.01  -0.05     0.00   0.00  -0.01
    10   1     0.00   0.00   0.00     0.01   0.03  -0.02     0.00   0.01  -0.01
    11   1     0.00   0.00   0.01     0.00  -0.03  -0.29     0.02   0.11   0.93
    12   1     0.00   0.01  -0.01     0.00  -0.02   0.02     0.00   0.06  -0.05
    13   1     0.00   0.00   0.00     0.00   0.06   0.95     0.00   0.01   0.27
    14   1     0.00   0.00   0.00     0.00   0.00   0.02     0.00   0.00  -0.05
    15   6     0.00   0.00   0.00     0.00   0.00   0.00     0.00   0.00   0.00
    16   1     0.00   0.00   0.00    -0.01   0.02  -0.01     0.00   0.01   0.00
    17   1     0.00   0.00   0.00     0.03  -0.02  -0.01     0.01  -0.01   0.00
    18   1     0.00   0.00   0.00     0.00   0.00  -0.03     0.00   0.00  -0.01
    19   6     0.01   0.16  -0.06     0.00   0.00   0.00     0.00   0.00   0.01
    20   1     0.07   0.02   0.03     0.01   0.00   0.00     0.02   0.01   0.02
    21   1     0.02  -0.01  -0.08     0.00   0.00  -0.05     0.02  -0.01  -0.19
    22   1    -0.13  -0.90   0.37     0.00   0.00   0.00     0.00   0.01   0.00
    23   7     0.00   0.00   0.00     0.00   0.00   0.00     0.00   0.00   0.00
                    52                     53                     54
                     A                      A                      A
 Frequencies --  3074.3737              3138.9255              3150.6652
 Red. masses --     1.0736                 1.0694                 1.0627
 Frc consts  --     5.9788                 6.2078                 6.2151
 IR Inten    --   125.9891                29.6484                15.1478
  Atom  AN      X      Y      Z        X      Y      Z        X      Y      Z
     1   6     0.00   0.00   0.00     0.00  -0.01   0.01     0.00  -0.05  -0.05
     2   6     0.00   0.00   0.00    -0.03   0.01  -0.06    -0.01   0.01   0.02
     3   6     0.00   0.00   0.00     0.01   0.01   0.01     0.00   0.00   0.00
     4   6     0.00   0.00   0.01     0.00   0.00   0.00     0.00   0.00   0.00
     5   6     0.00   0.00   0.01     0.00   0.00   0.00     0.00   0.00   0.00
     6   1     0.01   0.01   0.01    -0.15  -0.09  -0.06    -0.02  -0.01  -0.01
     7   1     0.00   0.00   0.02     0.08   0.03   0.90    -0.01   0.00  -0.09
     8   1     0.00   0.00   0.00     0.25  -0.16  -0.13     0.19  -0.12  -0.09
     9   1     0.00   0.00   0.01     0.00  -0.02  -0.09     0.03   0.10   0.78
    10   1     0.00  -0.01   0.01     0.00   0.15  -0.07     0.01   0.44  -0.23
    11   1    -0.01  -0.02  -0.17     0.00   0.00   0.02     0.00   0.00   0.00
    12   1     0.00   0.00   0.01     0.00   0.01   0.00     0.00   0.01  -0.01
    13   1     0.00   0.00  -0.10     0.00   0.00   0.02     0.00   0.00   0.02
    14   1     0.00   0.00   0.01     0.01   0.00  -0.06     0.00   0.00   0.02
    15   6     0.00   0.00   0.00     0.00   0.00   0.00     0.01   0.01   0.01
    16   1     0.00  -0.01   0.00     0.00  -0.02   0.00     0.02  -0.15   0.05
    17   1    -0.01   0.01   0.01     0.00   0.00   0.00    -0.07   0.04   0.04
    18   1     0.00   0.00   0.01     0.00   0.00   0.00    -0.01   0.01  -0.17
    19   6    -0.02   0.00   0.07     0.00   0.00   0.00     0.00   0.00   0.00
    20   1     0.08   0.04   0.06     0.00   0.00   0.00     0.00   0.00   0.00
    21   1     0.15  -0.07  -0.96     0.00   0.00   0.01     0.00   0.00   0.00
    22   1     0.00   0.02   0.00     0.00   0.00   0.00     0.00   0.00   0.00
    23   7     0.00   0.00   0.00     0.00   0.00   0.00     0.00   0.00   0.00
                    55                     56                     57
                     A                      A                      A
 Frequencies --  3155.4456              3165.8651              3185.0053
 Red. masses --     1.0640                 1.0405                 1.0893
 Frc consts  --     6.2416                 6.1444                 6.5105
 IR Inten    --    24.0107                41.0732                81.6590
  Atom  AN      X      Y      Z        X      Y      Z        X      Y      Z
     1   6     0.00   0.01   0.00     0.00  -0.01  -0.02     0.00   0.02   0.00
     2   6    -0.01   0.01   0.02    -0.01   0.01   0.01    -0.05   0.03   0.04
     3   6     0.04   0.02  -0.05     0.00   0.00   0.00    -0.03  -0.02  -0.02
     4   6     0.00  -0.01   0.01     0.00   0.00   0.00     0.00   0.01  -0.01
     5   6     0.00   0.00   0.00     0.00   0.00   0.00     0.00   0.00   0.00
     6   1    -0.46  -0.30  -0.20     0.03   0.02   0.01     0.33   0.22   0.13
     7   1    -0.02   0.00  -0.14     0.00   0.00  -0.02    -0.02   0.00  -0.14
     8   1     0.18  -0.10  -0.08     0.09  -0.06  -0.04     0.64  -0.40  -0.29
     9   1     0.00  -0.01  -0.07     0.01   0.03   0.22    -0.01  -0.01  -0.11
    10   1     0.00  -0.06   0.03     0.00   0.06  -0.03    -0.01  -0.26   0.12
    11   1     0.00  -0.01  -0.01     0.00   0.00   0.00     0.00   0.01   0.03
    12   1     0.00   0.16  -0.08     0.00   0.01   0.00     0.01  -0.16   0.07
    13   1     0.00   0.00  -0.01     0.00   0.00   0.00     0.00   0.00   0.00
    14   1    -0.01   0.02   0.74     0.00   0.00  -0.04    -0.01   0.00   0.06
    15   6     0.00   0.00   0.00    -0.03  -0.03  -0.03     0.00   0.00   0.00
    16   1     0.00   0.02  -0.01    -0.05   0.54  -0.17     0.00  -0.01   0.00
    17   1     0.01  -0.01  -0.01     0.35  -0.17  -0.18    -0.04   0.02   0.02
    18   1     0.00   0.00   0.03     0.05  -0.02   0.65    -0.01   0.00  -0.07
    19   6     0.00   0.00   0.00     0.00   0.00   0.00     0.00   0.00   0.00
    20   1     0.00   0.00   0.00    -0.03  -0.02  -0.02     0.01   0.01   0.01
    21   1     0.00   0.00   0.00     0.00   0.00  -0.01     0.00   0.00   0.01
    22   1     0.00   0.00   0.00     0.00   0.00   0.00     0.00   0.00   0.00
    23   7     0.00   0.00   0.00     0.00   0.00   0.00     0.00   0.00   0.00
                    58                     59                     60
                     A                      A                      A
 Frequencies --  3188.4327              3196.9243              3201.5644
 Red. masses --     1.1027                 1.1009                 1.0909
 Frc consts  --     6.6051                 6.6290                 6.5880
 IR Inten    --    44.0845                72.8297                70.5504
  Atom  AN      X      Y      Z        X      Y      Z        X      Y      Z
     1   6     0.00  -0.05   0.06     0.00   0.02  -0.04     0.00   0.00   0.01
     2   6     0.00   0.00   0.00     0.01  -0.01  -0.03    -0.01   0.01   0.02
     3   6    -0.03  -0.02  -0.04    -0.03  -0.02  -0.05     0.00   0.00   0.03
     4   6     0.00  -0.01   0.00     0.00  -0.03   0.01     0.00  -0.06   0.04
     5   6     0.00   0.00   0.00     0.00   0.00   0.00     0.00   0.00   0.00
     6   1     0.35   0.23   0.14     0.39   0.25   0.15    -0.05  -0.03  -0.02
     7   1    -0.01   0.00  -0.04     0.03   0.01   0.30    -0.02   0.00  -0.15
     8   1    -0.04   0.02   0.02    -0.18   0.11   0.08     0.17  -0.11  -0.08
     9   1    -0.01  -0.06  -0.40     0.01   0.05   0.32    -0.01  -0.02  -0.14
    10   1     0.02   0.62  -0.29    -0.01  -0.32   0.15     0.00   0.06  -0.03
    11   1     0.00   0.00   0.03     0.00   0.00   0.03     0.00  -0.02  -0.08
    12   1     0.00   0.07  -0.03    -0.02   0.38  -0.18    -0.04   0.78  -0.36
    13   1     0.00   0.00  -0.04     0.00   0.00   0.04     0.00   0.00  -0.01
    14   1    -0.01   0.01   0.35    -0.02   0.00   0.42     0.01  -0.01  -0.37
    15   6     0.00   0.01  -0.01     0.00  -0.01   0.01     0.00   0.00   0.00
    16   1     0.01  -0.08   0.02    -0.01   0.08  -0.02     0.00  -0.05   0.02
    17   1     0.03  -0.01  -0.02     0.00   0.00   0.00     0.00   0.00   0.00
    18   1     0.01   0.00   0.13    -0.01   0.00  -0.10     0.00   0.00   0.02
    19   6     0.00   0.00   0.00     0.00   0.00   0.00     0.00   0.00   0.00
    20   1    -0.01  -0.01  -0.01     0.00   0.00   0.00     0.00   0.00   0.00
    21   1     0.00   0.00   0.00     0.00   0.00   0.01     0.00   0.00   0.00
    22   1     0.00   0.00   0.00     0.00   0.00   0.00     0.00   0.00   0.00
    23   7     0.00   0.00   0.00     0.00   0.00   0.00     0.00   0.00   0.00
                    61                     62                     63
                     A                      A                      A
 Frequencies --  3221.5373              3232.5552              3253.9333
 Red. masses --     1.1020                 1.0992                 1.0881
 Frc consts  --     6.7386                 6.7674                 6.7880
 IR Inten    --    59.2253                39.2860                49.8298
  Atom  AN      X      Y      Z        X      Y      Z        X      Y      Z
     1   6     0.00  -0.01   0.01     0.00   0.00   0.00     0.00   0.00   0.00
     2   6     0.00   0.00   0.00     0.00   0.00   0.00     0.00   0.00   0.00
     3   6     0.00   0.00   0.00     0.00   0.00   0.00     0.00   0.00   0.00
     4   6     0.00   0.00   0.00     0.00   0.00   0.00     0.00   0.00   0.00
     5   6     0.00   0.00   0.01     0.00   0.00   0.00     0.00   0.00   0.00
     6   1    -0.01  -0.01   0.00     0.00   0.00   0.00     0.00   0.00   0.00
     7   1     0.00   0.00  -0.03     0.00   0.00  -0.01     0.00   0.00   0.00
     8   1     0.01   0.00   0.00     0.01   0.00   0.00     0.00   0.00   0.00
     9   1     0.00  -0.02  -0.09     0.00  -0.01  -0.04     0.00   0.00  -0.01
    10   1     0.00   0.16  -0.07     0.00   0.01   0.00     0.00   0.01   0.00
    11   1     0.00   0.00  -0.01     0.00   0.00   0.00     0.00   0.00   0.00
    12   1     0.00   0.01   0.00     0.00  -0.01   0.01     0.00   0.00   0.00
    13   1     0.00   0.00  -0.05     0.00  -0.01  -0.04     0.00   0.00  -0.02
    14   1     0.00   0.00  -0.02     0.00   0.00  -0.01     0.00   0.00   0.00
    15   6     0.02  -0.07   0.06    -0.05   0.03   0.06    -0.03   0.02   0.02
    16   1    -0.07   0.75  -0.23     0.00  -0.09   0.04     0.00  -0.08   0.03
    17   1    -0.15   0.06   0.09     0.65  -0.30  -0.31     0.33  -0.16  -0.16
    18   1    -0.05   0.00  -0.54    -0.05   0.02  -0.43    -0.02   0.01  -0.12
    19   6    -0.01   0.00   0.00     0.03   0.02   0.02    -0.06  -0.03  -0.04
    20   1     0.06   0.03   0.03    -0.34  -0.17  -0.18     0.72   0.37   0.38
    21   1     0.00   0.00   0.00     0.01   0.00  -0.05    -0.02   0.00   0.07
    22   1     0.00   0.00   0.00     0.00   0.00   0.00     0.00   0.01  -0.01
    23   7     0.00   0.00   0.00     0.00   0.00   0.00     0.00   0.00   0.00

 -------------------
 - Thermochemistry -
 -------------------
 Temperature   298.150 Kelvin.  Pressure   1.00000 Atm.
 Thermochemistry will use frequencies scaled by 0.8900.
 Molecular mass:   114.12673 amu.
 Principal axes and moments of inertia in atomic units:
                           1         2         3
     Eigenvalues --   663.46874 919.632561464.61647
           X            0.99828   0.05850  -0.00337
           Y           -0.05846   0.99823   0.01088
           Z            0.00400  -0.01067   0.99994
 This molecule is an asymmetric top.
 Rotational symmetry number  1.
 Warning -- assumption of classical behavior for rotation
           may cause significant error
 Rotational temperatures (Kelvin)      0.13055     0.09418     0.05914
 Rotational constants (GHZ):           2.72016     1.96246     1.23223
 Zero-point vibrational energy     524327.9 (Joules/Mol)
                                  125.31738 (Kcal/Mol)
 Warning -- explicit consideration of  12 degrees of freedom as
           vibrations may cause significant error
 Vibrational temperatures:    153.69   252.65   269.34   319.75   427.85
          (Kelvin)            462.50   494.50   518.73   593.18   628.44
                              683.80   778.51  1010.64  1155.67  1160.68
                             1179.12  1256.62  1268.11  1310.11  1384.00
                             1402.76  1460.26  1486.13  1507.80  1559.61
                             1600.58  1625.39  1648.78  1717.33  1754.95
                             1790.21  1817.13  1833.43  1863.15  1893.91
                             1909.70  1926.12  1939.65  1959.11  1972.92
                             1986.86  2050.91  2058.40  2062.09  2072.97
                             2076.20  2087.37  2092.66  3022.99  3870.57
                             3895.36  3936.77  4019.43  4034.46  4040.58
                             4053.92  4078.43  4082.82  4093.69  4099.63
                             4125.21  4139.32  4166.69
 
 Zero-point correction=                           0.199706 (Hartree/Particle)
 Thermal correction to Energy=                    0.208490
 Thermal correction to Enthalpy=                  0.209434
 Thermal correction to Gibbs Free Energy=         0.167203
                     E (Thermal)             CV                S
                      KCal/Mol        Cal/Mol-Kelvin    Cal/Mol-Kelvin
 Total                  130.829             34.991             88.884
 Electronic               0.000              0.000              0.000
 Translational            0.889              2.981             40.112
 Rotational               0.889              2.981             28.282
 Vibrational            129.052             29.030             20.490
 Vibration     1          0.606              1.944              3.326
 Vibration     2          0.628              1.872              2.375
 Vibration     3          0.632              1.857              2.255
 Vibration     4          0.648              1.807              1.941
 Vibration     5          0.691              1.679              1.432
 Vibration     6          0.707              1.632              1.303
 Vibration     7          0.722              1.588              1.195
 Vibration     8          0.735              1.554              1.120
 Vibration     9          0.776              1.444              0.919
 Vibration    10          0.797              1.390              0.837
 Vibration    11          0.832              1.305              0.723
 Vibration    12          0.896              1.159              0.563
                       Q            Log10(Q)             Ln(Q)
 Total Bot       0.123678D-76        -76.907707       -177.086539
 Total V=0       0.892195D+15         14.950460         34.424705
 Vib (Bot)       0.762660D-90        -90.117669       -207.503601
 Vib (Bot)    1  0.191868D+01          0.283002          0.651636
 Vib (Bot)    2  0.114550D+01          0.058996          0.135844
 Vib (Bot)    3  0.107021D+01          0.029468          0.067854
 Vib (Bot)    4  0.889202D+00         -0.050999         -0.117431
 Vib (Bot)    5  0.640475D+00         -0.193498         -0.445546
 Vib (Bot)    6  0.584274D+00         -0.233383         -0.537385
 Vib (Bot)    7  0.538988D+00         -0.268421         -0.618062
 Vib (Bot)    8  0.508201D+00         -0.293965         -0.676879
 Vib (Bot)    9  0.428399D+00         -0.368151         -0.847700
 Vib (Bot)   10  0.396784D+00         -0.401446         -0.924364
 Vib (Bot)   11  0.353328D+00         -0.451822         -1.040359
 Vib (Bot)   12  0.292503D+00         -0.533870         -1.229281
 Vib (V=0)       0.550171D+02          1.740498          4.007644
 Vib (V=0)    1  0.248276D+01          0.394934          0.909369
 Vib (V=0)    2  0.174987D+01          0.243006          0.559542
 Vib (V=0)    3  0.168125D+01          0.225632          0.519536
 Vib (V=0)    4  0.152014D+01          0.181883          0.418801
 Vib (V=0)    5  0.131253D+01          0.118110          0.271958
 Vib (V=0)    6  0.126901D+01          0.103465          0.238237
 Vib (V=0)    7  0.123519D+01          0.091735          0.211227
 Vib (V=0)    8  0.121293D+01          0.083835          0.193038
 Vib (V=0)    9  0.115843D+01          0.063869          0.147063
 Vib (V=0)   10  0.113831D+01          0.056260          0.129543
 Vib (V=0)   11  0.111224D+01          0.046199          0.106378
 Vib (V=0)   12  0.107927D+01          0.033132          0.076288
 Electronic      0.100000D+01          0.000000          0.000000
 Translational   0.479221D+08          7.680536         17.685088
 Rotational      0.338396D+06          5.529426         12.731973
